_________________________________________________________________
Layer (type)                 Output Shape              Param #   
=================================================================
input_1 (InputLayer)         (None, None, None, 3)     0         
_________________________________________________________________
block1_conv1 (Conv2D)        (None, None, None, 64)    1792      
_________________________________________________________________
block1_conv2 (Conv2D)        (None, None, None, 64)    36928     
_________________________________________________________________
block1_pool (MaxPooling2D)   (None, None, None, 64)    0         
_________________________________________________________________
block2_conv1 (Conv2D)        (None, None, None, 128)   73856     
_________________________________________________________________
block2_conv2 (Conv2D)        (None, None, None, 128)   147584    
_________________________________________________________________
block2_pool (MaxPooling2D)   (None, None, None, 128)   0         
_________________________________________________________________
block3_conv1 (Conv2D)        (None, None, None, 256)   295168    
_________________________________________________________________
block3_conv2 (Conv2D)        (None, None, None, 256)   590080    
_________________________________________________________________
block3_conv3 (Conv2D)        (None, None, None, 256)   590080    
_________________________________________________________________
block3_pool (MaxPooling2D)   (None, None, None, 256)   0         
_________________________________________________________________
block4_conv1 (Conv2D)        (None, None, None, 512)   1180160   
_________________________________________________________________
block4_conv2 (Conv2D)        (None, None, None, 512)   2359808   
_________________________________________________________________
block4_conv3 (Conv2D)        (None, None, None, 512)   2359808   
_________________________________________________________________
block4_pool (MaxPooling2D)   (None, None, None, 512)   0         
_________________________________________________________________
block5_conv1 (Conv2D)        (None, None, None, 512)   2359808   
_________________________________________________________________
block5_conv2 (Conv2D)        (None, None, None, 512)   2359808   
_________________________________________________________________
block5_conv3 (Conv2D)        (None, None, None, 512)   2359808   
_________________________________________________________________
block5_pool (MaxPooling2D)   (None, None, None, 512)   0         
_________________________________________________________________
fc1 (Conv2D)                 (None, None, None, 4096)  102764544 
_________________________________________________________________
dropout_1 (Dropout)          (None, None, None, 4096)  0         
_________________________________________________________________
fc2 (Conv2D)                 (None, None, None, 4096)  16781312  
_________________________________________________________________
dropout_2 (Dropout)          (None, None, None, 4096)  0         
_________________________________________________________________
conv2d_1 (Conv2D)            (None, None, None, 12)    49164     
_________________________________________________________________
bilinear_up_sampling2d_1 (Bi (None, None, None, 12)    0         
=================================================================
Total params: 134,309,708
Trainable params: 134,309,708
Non-trainable params: 0
_________________________________________________________________
(311, 224, 224, 3) (311, 224, 224, 12)
(56, 224, 224, 3) (56, 224, 224, 12)
Train on 311 samples, validate on 56 samples
Epoch 1/300
