_________________________________________________________________
Layer (type)                 Output Shape              Param #   
=================================================================
input_1 (InputLayer)         (None, None, None, 3)     0         
_________________________________________________________________
block1_conv1 (Conv2D)        (None, None, None, 64)    1792      
_________________________________________________________________
block1_conv2 (Conv2D)        (None, None, None, 64)    36928     
_________________________________________________________________
block1_pool (MaxPooling2D)   (None, None, None, 64)    0         
_________________________________________________________________
block2_conv1 (Conv2D)        (None, None, None, 128)   73856     
_________________________________________________________________
block2_conv2 (Conv2D)        (None, None, None, 128)   147584    
_________________________________________________________________
block2_pool (MaxPooling2D)   (None, None, None, 128)   0         
_________________________________________________________________
block3_conv1 (Conv2D)        (None, None, None, 256)   295168    
_________________________________________________________________
block3_conv2 (Conv2D)        (None, None, None, 256)   590080    
_________________________________________________________________
block3_conv3 (Conv2D)        (None, None, None, 256)   590080    
_________________________________________________________________
block3_pool (MaxPooling2D)   (None, None, None, 256)   0         
_________________________________________________________________
block4_conv1 (Conv2D)        (None, None, None, 512)   1180160   
_________________________________________________________________
block4_conv2 (Conv2D)        (None, None, None, 512)   2359808   
_________________________________________________________________
block4_conv3 (Conv2D)        (None, None, None, 512)   2359808   
_________________________________________________________________
block4_pool (MaxPooling2D)   (None, None, None, 512)   0         
_________________________________________________________________
block5_conv1 (Conv2D)        (None, None, None, 512)   2359808   
_________________________________________________________________
block5_conv2 (Conv2D)        (None, None, None, 512)   2359808   
_________________________________________________________________
block5_conv3 (Conv2D)        (None, None, None, 512)   2359808   
_________________________________________________________________
block5_pool (MaxPooling2D)   (None, None, None, 512)   0         
_________________________________________________________________
fc1 (Conv2D)                 (None, None, None, 4096)  102764544 
_________________________________________________________________
dropout_1 (Dropout)          (None, None, None, 4096)  0         
_________________________________________________________________
fc2 (Conv2D)                 (None, None, None, 4096)  16781312  
_________________________________________________________________
dropout_2 (Dropout)          (None, None, None, 4096)  0         
_________________________________________________________________
conv2d_1 (Conv2D)            (None, None, None, 12)    49164     
_________________________________________________________________
bilinear_up_sampling2d_1 (Bi (None, None, None, 12)    0         
=================================================================
Total params: 134,309,708
Trainable params: 134,309,708
Non-trainable params: 0
_________________________________________________________________
(311, 224, 224, 3) (311, 224, 224, 12)
(56, 224, 224, 3) (56, 224, 224, 12)
Train on 311 samples, validate on 56 samples
Epoch 1/200
16s - loss: 2.5002 - acc: 0.3548 - val_loss: 1.8475 - val_acc: 0.5060
Epoch 2/200
7s - loss: 1.7004 - acc: 0.5166 - val_loss: 1.5975 - val_acc: 0.5309
Epoch 3/200
8s - loss: 1.5710 - acc: 0.5281 - val_loss: 1.5283 - val_acc: 0.5381
Epoch 4/200
7s - loss: 1.5246 - acc: 0.5314 - val_loss: 1.5034 - val_acc: 0.5423
Epoch 5/200
8s - loss: 1.4995 - acc: 0.5742 - val_loss: 1.4819 - val_acc: 0.6133
Epoch 6/200
7s - loss: 1.4817 - acc: 0.6001 - val_loss: 1.4587 - val_acc: 0.6199
Epoch 7/200
7s - loss: 1.4602 - acc: 0.6075 - val_loss: 1.4483 - val_acc: 0.6240
Epoch 8/200
7s - loss: 1.4479 - acc: 0.6128 - val_loss: 1.4664 - val_acc: 0.6265
Epoch 9/200
8s - loss: 1.4512 - acc: 0.6200 - val_loss: 1.4453 - val_acc: 0.6363
Epoch 10/200
8s - loss: 1.4269 - acc: 0.6261 - val_loss: 1.4250 - val_acc: 0.6389
Epoch 11/200
7s - loss: 1.4283 - acc: 0.6272 - val_loss: 1.3960 - val_acc: 0.6446
Epoch 12/200
7s - loss: 1.4107 - acc: 0.6376 - val_loss: 1.3821 - val_acc: 0.6503
Epoch 13/200
7s - loss: 1.4096 - acc: 0.6383 - val_loss: 1.4300 - val_acc: 0.6494
Epoch 14/200
7s - loss: 1.4364 - acc: 0.6322 - val_loss: 1.3853 - val_acc: 0.6477
Epoch 15/200
7s - loss: 1.3891 - acc: 0.6393 - val_loss: 1.3616 - val_acc: 0.6515
Epoch 16/200
7s - loss: 1.3636 - acc: 0.6423 - val_loss: 1.3327 - val_acc: 0.6576
Epoch 17/200
7s - loss: 1.3497 - acc: 0.6466 - val_loss: 1.3386 - val_acc: 0.6594
Epoch 18/200
7s - loss: 1.3448 - acc: 0.6498 - val_loss: 1.3360 - val_acc: 0.6578
Epoch 19/200
7s - loss: 1.3815 - acc: 0.6408 - val_loss: 1.3681 - val_acc: 0.6556
Epoch 20/200
7s - loss: 1.3764 - acc: 0.6473 - val_loss: 1.3580 - val_acc: 0.6659
Epoch 21/200
8s - loss: 1.3445 - acc: 0.6542 - val_loss: 1.3134 - val_acc: 0.6650
Epoch 22/200
8s - loss: 1.3211 - acc: 0.6562 - val_loss: 1.3106 - val_acc: 0.6686
Epoch 23/200
7s - loss: 1.3164 - acc: 0.6599 - val_loss: 1.3044 - val_acc: 0.6716
Epoch 24/200
7s - loss: 1.3114 - acc: 0.6614 - val_loss: 1.3107 - val_acc: 0.6686
Epoch 25/200
8s - loss: 1.3076 - acc: 0.6622 - val_loss: 1.3092 - val_acc: 0.6760
Epoch 26/200
7s - loss: 1.3401 - acc: 0.6598 - val_loss: 1.3422 - val_acc: 0.6654
Epoch 27/200
8s - loss: 1.3425 - acc: 0.6537 - val_loss: 1.3288 - val_acc: 0.6647
Epoch 28/200
7s - loss: 1.3326 - acc: 0.6568 - val_loss: 1.3257 - val_acc: 0.6716
Epoch 29/200
7s - loss: 1.3361 - acc: 0.6565 - val_loss: 1.3044 - val_acc: 0.6708
Epoch 30/200
7s - loss: 1.3069 - acc: 0.6630 - val_loss: 1.2874 - val_acc: 0.6757
Epoch 31/200
7s - loss: 1.2961 - acc: 0.6676 - val_loss: 1.2888 - val_acc: 0.6766
Epoch 32/200
7s - loss: 1.2997 - acc: 0.6683 - val_loss: 1.2731 - val_acc: 0.6807
Epoch 33/200
8s - loss: 1.2875 - acc: 0.6686 - val_loss: 1.2755 - val_acc: 0.6807
Epoch 34/200
7s - loss: 1.2923 - acc: 0.6676 - val_loss: 1.2821 - val_acc: 0.6791
Epoch 35/200
7s - loss: 1.3005 - acc: 0.6680 - val_loss: 1.2943 - val_acc: 0.6766
Epoch 36/200
7s - loss: 1.2984 - acc: 0.6695 - val_loss: 1.2796 - val_acc: 0.6827
Epoch 37/200
7s - loss: 1.2824 - acc: 0.6723 - val_loss: 1.2635 - val_acc: 0.6853
Epoch 38/200
7s - loss: 1.2842 - acc: 0.6734 - val_loss: 1.2766 - val_acc: 0.6825
Epoch 39/200
7s - loss: 1.2743 - acc: 0.6736 - val_loss: 1.2590 - val_acc: 0.6851
Epoch 40/200
8s - loss: 1.2638 - acc: 0.6765 - val_loss: 1.2518 - val_acc: 0.6878
Epoch 41/200
7s - loss: 1.2576 - acc: 0.6777 - val_loss: 1.2702 - val_acc: 0.6886
Epoch 42/200
7s - loss: 1.4007 - acc: 0.6414 - val_loss: 1.3921 - val_acc: 0.6719
Epoch 43/200
7s - loss: 1.3807 - acc: 0.6573 - val_loss: 1.3296 - val_acc: 0.6675
Epoch 44/200
8s - loss: 1.3150 - acc: 0.6611 - val_loss: 1.3010 - val_acc: 0.6726
Epoch 45/200
7s - loss: 1.3039 - acc: 0.6663 - val_loss: 1.2820 - val_acc: 0.6781
Epoch 46/200
7s - loss: 1.2823 - acc: 0.6702 - val_loss: 1.2683 - val_acc: 0.6828
Epoch 47/200
7s - loss: 1.2706 - acc: 0.6753 - val_loss: 1.2530 - val_acc: 0.6895
Epoch 48/200
7s - loss: 1.2582 - acc: 0.6781 - val_loss: 1.2496 - val_acc: 0.6905
Epoch 49/200
7s - loss: 1.2494 - acc: 0.6792 - val_loss: 1.2384 - val_acc: 0.6920
Epoch 50/200
7s - loss: 1.2381 - acc: 0.6832 - val_loss: 1.2318 - val_acc: 0.6957
Epoch 51/200
7s - loss: 1.2333 - acc: 0.6858 - val_loss: 1.2230 - val_acc: 0.6984
Epoch 52/200
7s - loss: 1.2310 - acc: 0.6873 - val_loss: 1.2578 - val_acc: 0.6864
Epoch 53/200
7s - loss: 1.2387 - acc: 0.6804 - val_loss: 1.2206 - val_acc: 0.6947
Epoch 54/200
7s - loss: 1.2222 - acc: 0.6860 - val_loss: 1.2205 - val_acc: 0.6988
Epoch 55/200
7s - loss: 1.2122 - acc: 0.6888 - val_loss: 1.2138 - val_acc: 0.7030
Epoch 56/200
8s - loss: 1.2112 - acc: 0.6918 - val_loss: 1.2085 - val_acc: 0.7019
Epoch 57/200
7s - loss: 1.2634 - acc: 0.6777 - val_loss: 1.2985 - val_acc: 0.6844
Epoch 58/200
7s - loss: 1.2695 - acc: 0.6756 - val_loss: 1.2577 - val_acc: 0.6831
Epoch 59/200
7s - loss: 1.2470 - acc: 0.6798 - val_loss: 1.2350 - val_acc: 0.6937
Epoch 60/200
8s - loss: 1.2205 - acc: 0.6869 - val_loss: 1.2165 - val_acc: 0.6997
Epoch 61/200
7s - loss: 1.2095 - acc: 0.6909 - val_loss: 1.2102 - val_acc: 0.6996
Epoch 62/200
8s - loss: 1.2133 - acc: 0.6909 - val_loss: 1.4128 - val_acc: 0.6610
Epoch 63/200
8s - loss: 1.3954 - acc: 0.6409 - val_loss: 1.3425 - val_acc: 0.6633
Epoch 64/200
7s - loss: 1.3051 - acc: 0.6651 - val_loss: 1.2735 - val_acc: 0.6785
Epoch 65/200
8s - loss: 1.2638 - acc: 0.6763 - val_loss: 1.2398 - val_acc: 0.6928
Epoch 66/200
7s - loss: 1.2400 - acc: 0.6825 - val_loss: 1.2339 - val_acc: 0.6934
Epoch 67/200
7s - loss: 1.2351 - acc: 0.6826 - val_loss: 1.2275 - val_acc: 0.6990
Epoch 68/200
8s - loss: 1.2304 - acc: 0.6871 - val_loss: 1.2133 - val_acc: 0.6986
Epoch 69/200
8s - loss: 1.2054 - acc: 0.6911 - val_loss: 1.1963 - val_acc: 0.7021
Epoch 70/200
8s - loss: 1.2039 - acc: 0.6889 - val_loss: 1.1929 - val_acc: 0.7014
Epoch 71/200
8s - loss: 1.1907 - acc: 0.6937 - val_loss: 1.2105 - val_acc: 0.7030
Epoch 72/200
8s - loss: 1.1960 - acc: 0.6938 - val_loss: 1.1993 - val_acc: 0.7017
Epoch 73/200
7s - loss: 1.1879 - acc: 0.6956 - val_loss: 1.1824 - val_acc: 0.7097
Epoch 74/200
8s - loss: 1.1796 - acc: 0.7002 - val_loss: 1.1691 - val_acc: 0.7133
Epoch 75/200
8s - loss: 1.1649 - acc: 0.7045 - val_loss: 1.1684 - val_acc: 0.7156
Epoch 76/200
7s - loss: 1.1610 - acc: 0.7087 - val_loss: 1.1705 - val_acc: 0.7168
Epoch 77/200
8s - loss: 1.1660 - acc: 0.7091 - val_loss: 1.2434 - val_acc: 0.6974
Epoch 78/200
8s - loss: 1.2028 - acc: 0.6972 - val_loss: 1.1837 - val_acc: 0.7072
Epoch 79/200
7s - loss: 1.1699 - acc: 0.7048 - val_loss: 1.1585 - val_acc: 0.7185
Epoch 80/200
8s - loss: 1.1491 - acc: 0.7159 - val_loss: 1.1503 - val_acc: 0.7272
Epoch 81/200
8s - loss: 1.1417 - acc: 0.7231 - val_loss: 1.1468 - val_acc: 0.7265
Epoch 82/200
7s - loss: 1.1342 - acc: 0.7256 - val_loss: 1.1459 - val_acc: 0.7239
Epoch 83/200
8s - loss: 1.1360 - acc: 0.7271 - val_loss: 1.1323 - val_acc: 0.7298
Epoch 84/200
8s - loss: 1.1196 - acc: 0.7326 - val_loss: 1.1357 - val_acc: 0.7282
Epoch 85/200
7s - loss: 1.1053 - acc: 0.7373 - val_loss: 1.1171 - val_acc: 0.7314
Epoch 86/200
7s - loss: 1.0996 - acc: 0.7415 - val_loss: 1.1391 - val_acc: 0.7357
Epoch 87/200
7s - loss: 1.0928 - acc: 0.7474 - val_loss: 1.1400 - val_acc: 0.7327
Epoch 88/200
7s - loss: 1.0909 - acc: 0.7479 - val_loss: 1.1412 - val_acc: 0.7272
Epoch 89/200
7s - loss: 1.1000 - acc: 0.7417 - val_loss: 1.1230 - val_acc: 0.7360
Epoch 90/200
7s - loss: 1.0867 - acc: 0.7507 - val_loss: 1.1088 - val_acc: 0.7428
Epoch 91/200
7s - loss: 1.0839 - acc: 0.7515 - val_loss: 1.1611 - val_acc: 0.7276
Epoch 92/200
8s - loss: 1.0776 - acc: 0.7512 - val_loss: 1.1189 - val_acc: 0.7454
Epoch 93/200
8s - loss: 1.0603 - acc: 0.7593 - val_loss: 1.1126 - val_acc: 0.7443
Epoch 94/200
7s - loss: 1.1009 - acc: 0.7454 - val_loss: 1.1113 - val_acc: 0.7367
Epoch 95/200
7s - loss: 1.0785 - acc: 0.7532 - val_loss: 1.1225 - val_acc: 0.7469
Epoch 96/200
8s - loss: 1.0561 - acc: 0.7618 - val_loss: 1.1152 - val_acc: 0.7494
Epoch 97/200
7s - loss: 1.0520 - acc: 0.7646 - val_loss: 1.1130 - val_acc: 0.7525
Epoch 98/200
7s - loss: 1.0390 - acc: 0.7679 - val_loss: 1.1140 - val_acc: 0.7496
Epoch 99/200
7s - loss: 1.0390 - acc: 0.7682 - val_loss: 1.0938 - val_acc: 0.7568
Epoch 100/200
7s - loss: 1.0511 - acc: 0.7678 - val_loss: 1.1362 - val_acc: 0.7487
Epoch 101/200
7s - loss: 1.0463 - acc: 0.7669 - val_loss: 1.1090 - val_acc: 0.7595
Epoch 102/200
7s - loss: 1.2064 - acc: 0.6922 - val_loss: 1.2347 - val_acc: 0.6948
Epoch 103/200
8s - loss: 1.2117 - acc: 0.6977 - val_loss: 1.2253 - val_acc: 0.6985
Epoch 104/200
8s - loss: 1.2209 - acc: 0.6980 - val_loss: 1.1966 - val_acc: 0.7129
Epoch 105/200
7s - loss: 1.1761 - acc: 0.7112 - val_loss: 1.1673 - val_acc: 0.7271
Epoch 106/200
7s - loss: 1.1734 - acc: 0.7214 - val_loss: 1.1699 - val_acc: 0.7191
Epoch 107/200
7s - loss: 1.1425 - acc: 0.7250 - val_loss: 1.1450 - val_acc: 0.7316
Epoch 108/200
7s - loss: 1.1205 - acc: 0.7353 - val_loss: 1.1397 - val_acc: 0.7384
Epoch 109/200
7s - loss: 1.1005 - acc: 0.7438 - val_loss: 1.1166 - val_acc: 0.7430
Epoch 110/200
7s - loss: 1.1247 - acc: 0.7331 - val_loss: 1.1321 - val_acc: 0.7391
Epoch 111/200
7s - loss: 1.0873 - acc: 0.7517 - val_loss: 1.1123 - val_acc: 0.7423
Epoch 112/200
7s - loss: 1.0592 - acc: 0.7565 - val_loss: 1.0954 - val_acc: 0.7443
Epoch 113/200
7s - loss: 1.0395 - acc: 0.7646 - val_loss: 1.0869 - val_acc: 0.7489
Epoch 114/200
8s - loss: 1.0700 - acc: 0.7530 - val_loss: 1.5455 - val_acc: 0.6182
Epoch 115/200
8s - loss: 1.3871 - acc: 0.6526 - val_loss: 1.3217 - val_acc: 0.6714
Epoch 116/200
8s - loss: 1.3214 - acc: 0.6662 - val_loss: 1.3045 - val_acc: 0.6729
Epoch 117/200
8s - loss: 1.2862 - acc: 0.6735 - val_loss: 1.2753 - val_acc: 0.6857
Epoch 118/200
7s - loss: 1.2662 - acc: 0.6782 - val_loss: 1.2495 - val_acc: 0.6947
Epoch 119/200
8s - loss: 1.2367 - acc: 0.6894 - val_loss: 1.2368 - val_acc: 0.6984
Epoch 120/200
8s - loss: 1.2221 - acc: 0.6954 - val_loss: 1.2150 - val_acc: 0.7099
Epoch 121/200
8s - loss: 1.2023 - acc: 0.7033 - val_loss: 1.1982 - val_acc: 0.7142
Epoch 122/200
8s - loss: 1.1862 - acc: 0.7058 - val_loss: 1.1903 - val_acc: 0.7152
Epoch 123/200
8s - loss: 1.1824 - acc: 0.7074 - val_loss: 1.1818 - val_acc: 0.7169
Epoch 124/200
7s - loss: 1.1741 - acc: 0.7144 - val_loss: 1.1837 - val_acc: 0.7194
Epoch 125/200
7s - loss: 1.1580 - acc: 0.7178 - val_loss: 1.1544 - val_acc: 0.7253
Epoch 126/200
7s - loss: 1.1489 - acc: 0.7236 - val_loss: 1.1682 - val_acc: 0.7266
Epoch 127/200
7s - loss: 1.1451 - acc: 0.7256 - val_loss: 1.1474 - val_acc: 0.7288
Epoch 128/200
7s - loss: 1.1294 - acc: 0.7282 - val_loss: 1.1803 - val_acc: 0.7214
Epoch 129/200
7s - loss: 1.1557 - acc: 0.7199 - val_loss: 1.1534 - val_acc: 0.7229
Epoch 130/200
7s - loss: 1.1238 - acc: 0.7310 - val_loss: 1.1319 - val_acc: 0.7338
Epoch 131/200
7s - loss: 1.1101 - acc: 0.7359 - val_loss: 1.1245 - val_acc: 0.7360
Epoch 132/200
7s - loss: 1.0915 - acc: 0.7435 - val_loss: 1.1205 - val_acc: 0.7335
Epoch 133/200
8s - loss: 1.0875 - acc: 0.7458 - val_loss: 1.1173 - val_acc: 0.7369
Epoch 134/200
7s - loss: 1.0723 - acc: 0.7511 - val_loss: 1.1096 - val_acc: 0.7406
Epoch 135/200
8s - loss: 1.0683 - acc: 0.7555 - val_loss: 1.1204 - val_acc: 0.7445
Epoch 136/200
8s - loss: 1.0476 - acc: 0.7571 - val_loss: 1.0877 - val_acc: 0.7480
Epoch 137/200
8s - loss: 1.0421 - acc: 0.7606 - val_loss: 1.0849 - val_acc: 0.7515
Epoch 138/200
7s - loss: 1.0315 - acc: 0.7661 - val_loss: 1.0944 - val_acc: 0.7500
Epoch 139/200
7s - loss: 1.0288 - acc: 0.7667 - val_loss: 1.0791 - val_acc: 0.7511
Epoch 140/200
8s - loss: 1.0393 - acc: 0.7638 - val_loss: 1.1320 - val_acc: 0.7425
Epoch 141/200
7s - loss: 1.0593 - acc: 0.7555 - val_loss: 1.0835 - val_acc: 0.7512
Epoch 142/200
8s - loss: 1.0344 - acc: 0.7674 - val_loss: 1.0794 - val_acc: 0.7593
Epoch 143/200
7s - loss: 0.9526 - acc: 0.7691 - val_loss: 0.9817 - val_acc: 0.7585
Epoch 144/200
7s - loss: 0.9069 - acc: 0.7687 - val_loss: 0.9646 - val_acc: 0.7575
Epoch 145/200
8s - loss: 0.8779 - acc: 0.7759 - val_loss: 0.9587 - val_acc: 0.7642
Epoch 146/200
7s - loss: 0.8746 - acc: 0.7765 - val_loss: 0.9719 - val_acc: 0.7614
Epoch 147/200
8s - loss: 0.8650 - acc: 0.7784 - val_loss: 0.9281 - val_acc: 0.7676
Epoch 148/200
8s - loss: 0.9408 - acc: 0.7502 - val_loss: 1.0168 - val_acc: 0.7369
Epoch 149/200
8s - loss: 0.9262 - acc: 0.7543 - val_loss: 0.9788 - val_acc: 0.7559
Epoch 150/200
8s - loss: 0.8853 - acc: 0.7719 - val_loss: 0.9654 - val_acc: 0.7555
Epoch 151/200
8s - loss: 0.9313 - acc: 0.7539 - val_loss: 1.0571 - val_acc: 0.7185
Epoch 152/200
8s - loss: 0.9881 - acc: 0.7347 - val_loss: 0.9995 - val_acc: 0.7410
Epoch 153/200
8s - loss: 1.0091 - acc: 0.7343 - val_loss: 1.1619 - val_acc: 0.6946
Epoch 154/200
7s - loss: 1.1107 - acc: 0.6967 - val_loss: 1.0992 - val_acc: 0.7021
Epoch 155/200
7s - loss: 1.0549 - acc: 0.7115 - val_loss: 1.0528 - val_acc: 0.7213
Epoch 156/200
8s - loss: 0.9989 - acc: 0.7304 - val_loss: 1.0100 - val_acc: 0.7311
Epoch 157/200
7s - loss: 0.9550 - acc: 0.7472 - val_loss: 0.9910 - val_acc: 0.7378
Epoch 158/200
7s - loss: 0.9239 - acc: 0.7606 - val_loss: 0.9744 - val_acc: 0.7515
Epoch 159/200
7s - loss: 0.9163 - acc: 0.7602 - val_loss: 0.9573 - val_acc: 0.7519
Epoch 160/200
7s - loss: 0.8949 - acc: 0.7711 - val_loss: 0.9438 - val_acc: 0.7563
Epoch 161/200
7s - loss: 0.8831 - acc: 0.7738 - val_loss: 0.9725 - val_acc: 0.7598
Epoch 162/200
8s - loss: 0.8643 - acc: 0.7783 - val_loss: 0.9411 - val_acc: 0.7640
Epoch 163/200
8s - loss: 0.8632 - acc: 0.7799 - val_loss: 0.9507 - val_acc: 0.7564
Epoch 164/200
8s - loss: 0.8959 - acc: 0.7693 - val_loss: 0.9434 - val_acc: 0.7593
Epoch 165/200
7s - loss: 0.8751 - acc: 0.7765 - val_loss: 0.9320 - val_acc: 0.7667
Epoch 166/200
7s - loss: 0.8627 - acc: 0.7791 - val_loss: 0.9591 - val_acc: 0.7668
Epoch 167/200
7s - loss: 0.8607 - acc: 0.7812 - val_loss: 0.9292 - val_acc: 0.7705
Epoch 168/200
7s - loss: 0.9009 - acc: 0.7678 - val_loss: 1.0609 - val_acc: 0.7210
Epoch 169/200
7s - loss: 1.0798 - acc: 0.7074 - val_loss: 1.0983 - val_acc: 0.7022
Epoch 170/200
7s - loss: 1.0847 - acc: 0.7000 - val_loss: 1.0843 - val_acc: 0.7070
Epoch 171/200
7s - loss: 1.0468 - acc: 0.7111 - val_loss: 1.0416 - val_acc: 0.7165
Epoch 172/200
7s - loss: 1.0139 - acc: 0.7200 - val_loss: 1.0296 - val_acc: 0.7268
Epoch 173/200
7s - loss: 0.9902 - acc: 0.7349 - val_loss: 1.0026 - val_acc: 0.7341
Epoch 174/200
7s - loss: 0.9919 - acc: 0.7336 - val_loss: 1.0319 - val_acc: 0.7310
Epoch 175/200
7s - loss: 0.9943 - acc: 0.7316 - val_loss: 1.0383 - val_acc: 0.7253
Epoch 176/200
7s - loss: 0.9779 - acc: 0.7395 - val_loss: 1.0000 - val_acc: 0.7371
Epoch 177/200
7s - loss: 0.9600 - acc: 0.7462 - val_loss: 0.9943 - val_acc: 0.7383
Epoch 178/200
7s - loss: 0.9472 - acc: 0.7509 - val_loss: 0.9801 - val_acc: 0.7449
Epoch 179/200
7s - loss: 0.9419 - acc: 0.7531 - val_loss: 0.9816 - val_acc: 0.7424
Epoch 180/200
7s - loss: 0.9998 - acc: 0.7341 - val_loss: 1.4375 - val_acc: 0.5837
Epoch 181/200
8s - loss: 1.2682 - acc: 0.6613 - val_loss: 1.1624 - val_acc: 0.6945
Epoch 182/200
7s - loss: 1.1259 - acc: 0.6964 - val_loss: 1.1052 - val_acc: 0.7057
Epoch 183/200
7s - loss: 1.0772 - acc: 0.7037 - val_loss: 1.0927 - val_acc: 0.7105
Epoch 184/200
7s - loss: 1.0587 - acc: 0.7108 - val_loss: 1.0556 - val_acc: 0.7180
Epoch 185/200
7s - loss: 1.0329 - acc: 0.7192 - val_loss: 1.0421 - val_acc: 0.7208
Epoch 186/200
7s - loss: 1.0096 - acc: 0.7263 - val_loss: 1.0238 - val_acc: 0.7289
Epoch 187/200
7s - loss: 0.9855 - acc: 0.7343 - val_loss: 1.0095 - val_acc: 0.7348
Epoch 188/200
7s - loss: 0.9858 - acc: 0.7375 - val_loss: 1.0108 - val_acc: 0.7319
Epoch 189/200
7s - loss: 0.9717 - acc: 0.7398 - val_loss: 0.9984 - val_acc: 0.7374
Epoch 190/200
7s - loss: 0.9641 - acc: 0.7423 - val_loss: 1.0067 - val_acc: 0.7374
Epoch 191/200
7s - loss: 0.9589 - acc: 0.7490 - val_loss: 0.9915 - val_acc: 0.7440
Epoch 192/200
7s - loss: 0.9527 - acc: 0.7473 - val_loss: 1.0020 - val_acc: 0.7396
Epoch 193/200
8s - loss: 0.9515 - acc: 0.7493 - val_loss: 0.9935 - val_acc: 0.7455
Epoch 194/200
7s - loss: 0.9296 - acc: 0.7545 - val_loss: 0.9695 - val_acc: 0.7510
Epoch 195/200
8s - loss: 0.9148 - acc: 0.7591 - val_loss: 0.9654 - val_acc: 0.7520
Epoch 196/200
7s - loss: 0.9070 - acc: 0.7639 - val_loss: 0.9655 - val_acc: 0.7525
Epoch 197/200
7s - loss: 0.8967 - acc: 0.7666 - val_loss: 0.9680 - val_acc: 0.7551
Epoch 198/200
8s - loss: 0.8911 - acc: 0.7695 - val_loss: 0.9543 - val_acc: 0.7562
Epoch 199/200
7s - loss: 0.8809 - acc: 0.7717 - val_loss: 0.9578 - val_acc: 0.7570
Epoch 200/200
7s - loss: 0.8681 - acc: 0.7757 - val_loss: 0.9712 - val_acc: 0.7601
