_________________________________________________________________
Layer (type)                 Output Shape              Param #   
=================================================================
input_1 (InputLayer)         (None, None, None, 3)     0         
_________________________________________________________________
block1_conv1 (Conv2D)        (None, None, None, 64)    1792      
_________________________________________________________________
block1_conv2 (Conv2D)        (None, None, None, 64)    36928     
_________________________________________________________________
block1_pool (MaxPooling2D)   (None, None, None, 64)    0         
_________________________________________________________________
block2_conv1 (Conv2D)        (None, None, None, 128)   73856     
_________________________________________________________________
block2_conv2 (Conv2D)        (None, None, None, 128)   147584    
_________________________________________________________________
block2_pool (MaxPooling2D)   (None, None, None, 128)   0         
_________________________________________________________________
block3_conv1 (Conv2D)        (None, None, None, 256)   295168    
_________________________________________________________________
block3_conv2 (Conv2D)        (None, None, None, 256)   590080    
_________________________________________________________________
block3_conv3 (Conv2D)        (None, None, None, 256)   590080    
_________________________________________________________________
block3_pool (MaxPooling2D)   (None, None, None, 256)   0         
_________________________________________________________________
block4_conv1 (Conv2D)        (None, None, None, 512)   1180160   
_________________________________________________________________
block4_conv2 (Conv2D)        (None, None, None, 512)   2359808   
_________________________________________________________________
block4_conv3 (Conv2D)        (None, None, None, 512)   2359808   
_________________________________________________________________
block4_pool (MaxPooling2D)   (None, None, None, 512)   0         
_________________________________________________________________
block5_conv1 (Conv2D)        (None, None, None, 512)   2359808   
_________________________________________________________________
block5_conv2 (Conv2D)        (None, None, None, 512)   2359808   
_________________________________________________________________
block5_conv3 (Conv2D)        (None, None, None, 512)   2359808   
_________________________________________________________________
block5_pool (MaxPooling2D)   (None, None, None, 512)   0         
_________________________________________________________________
fc1 (Conv2D)                 (None, None, None, 4096)  102764544 
_________________________________________________________________
dropout_1 (Dropout)          (None, None, None, 4096)  0         
_________________________________________________________________
fc2 (Conv2D)                 (None, None, None, 4096)  16781312  
_________________________________________________________________
dropout_2 (Dropout)          (None, None, None, 4096)  0         
_________________________________________________________________
conv2d_1 (Conv2D)            (None, None, None, 21)    86037     
_________________________________________________________________
bilinear_up_sampling2d_1 (Bi (None, None, None, 21)    0         
=================================================================
Total params: 134,346,581
Trainable params: 134,346,581
Non-trainable params: 0
_________________________________________________________________
[2280 9267 7521 ... 5594 2765 5133]
(10226,) (10226,)
(1805,) (1805,)
/home/throne/data/VOCdevkit/VOC2012/JPEGImages/2008_003369.jpg
(1805, 224, 224, 3) (1805, 224, 224, 21)
Epoch 1/100
Epoch 00000: val_acc improved from -inf to 0.69706, saving model to weights.best.hdf5
300s - loss: 3.3691 - acc: 0.7004 - val_loss: 3.4281 - val_acc: 0.6971
Epoch 2/100
Epoch 00001: val_acc did not improve
295s - loss: 3.3391 - acc: 0.7025 - val_loss: 3.4288 - val_acc: 0.6971
Epoch 3/100
Epoch 00002: val_acc did not improve
292s - loss: 3.3301 - acc: 0.7024 - val_loss: 3.4197 - val_acc: 0.6971
Epoch 4/100
Epoch 00003: val_acc did not improve
288s - loss: 3.3127 - acc: 0.7024 - val_loss: 3.4115 - val_acc: 0.6971
Epoch 5/100
Epoch 00004: val_acc did not improve
292s - loss: 3.2974 - acc: 0.7027 - val_loss: 3.4057 - val_acc: 0.6971
Epoch 6/100
Epoch 00005: val_acc did not improve
294s - loss: 3.3001 - acc: 0.7023 - val_loss: 3.4051 - val_acc: 0.6971
Epoch 7/100
Epoch 00006: val_acc did not improve
292s - loss: 3.2924 - acc: 0.7023 - val_loss: 3.4010 - val_acc: 0.6971
Epoch 8/100
Epoch 00007: val_acc did not improve
293s - loss: 3.2830 - acc: 0.7026 - val_loss: 3.4054 - val_acc: 0.6971
Epoch 9/100
Epoch 00008: val_acc did not improve
294s - loss: 3.2884 - acc: 0.7025 - val_loss: 3.3965 - val_acc: 0.6971
Epoch 10/100
_________________________________________________________________
Layer (type)                 Output Shape              Param #   
=================================================================
input_1 (InputLayer)         (None, None, None, 3)     0         
_________________________________________________________________
block1_conv1 (Conv2D)        (None, None, None, 64)    1792      
_________________________________________________________________
block1_conv2 (Conv2D)        (None, None, None, 64)    36928     
_________________________________________________________________
block1_pool (MaxPooling2D)   (None, None, None, 64)    0         
_________________________________________________________________
block2_conv1 (Conv2D)        (None, None, None, 128)   73856     
_________________________________________________________________
block2_conv2 (Conv2D)        (None, None, None, 128)   147584    
_________________________________________________________________
block2_pool (MaxPooling2D)   (None, None, None, 128)   0         
_________________________________________________________________
block3_conv1 (Conv2D)        (None, None, None, 256)   295168    
_________________________________________________________________
block3_conv2 (Conv2D)        (None, None, None, 256)   590080    
_________________________________________________________________
block3_conv3 (Conv2D)        (None, None, None, 256)   590080    
_________________________________________________________________
block3_pool (MaxPooling2D)   (None, None, None, 256)   0         
_________________________________________________________________
block4_conv1 (Conv2D)        (None, None, None, 512)   1180160   
_________________________________________________________________
block4_conv2 (Conv2D)        (None, None, None, 512)   2359808   
_________________________________________________________________
block4_conv3 (Conv2D)        (None, None, None, 512)   2359808   
_________________________________________________________________
block4_pool (MaxPooling2D)   (None, None, None, 512)   0         
_________________________________________________________________
block5_conv1 (Conv2D)        (None, None, None, 512)   2359808   
_________________________________________________________________
block5_conv2 (Conv2D)        (None, None, None, 512)   2359808   
_________________________________________________________________
block5_conv3 (Conv2D)        (None, None, None, 512)   2359808   
_________________________________________________________________
block5_pool (MaxPooling2D)   (None, None, None, 512)   0         
_________________________________________________________________
fc1 (Conv2D)                 (None, None, None, 4096)  102764544 
_________________________________________________________________
dropout_1 (Dropout)          (None, None, None, 4096)  0         
_________________________________________________________________
fc2 (Conv2D)                 (None, None, None, 4096)  16781312  
_________________________________________________________________
dropout_2 (Dropout)          (None, None, None, 4096)  0         
_________________________________________________________________
conv2d_1 (Conv2D)            (None, None, None, 21)    86037     
_________________________________________________________________
bilinear_up_sampling2d_1 (Bi (None, None, None, 21)    0         
=================================================================
Total params: 134,346,581
Trainable params: 134,346,581
Non-trainable params: 0
_________________________________________________________________
[7500 4760 3517 ... 9248 1103 4989]
(10226,) (10226,)
(1805,) (1805,)
/home/throne/data/VOCdevkit/VOC2012/JPEGImages/2009_005098.jpg
(1805, 224, 224, 3) (1805, 224, 224, 21)
Epoch 1/100
Epoch 00000: val_acc improved from -inf to 0.70539, saving model to weights.best.hdf5
296s - loss: 0.9801 - acc: 0.6989 - val_loss: 1.1723e-07 - val_acc: 0.7054
Epoch 2/100
Epoch 00001: val_acc did not improve
294s - loss: 1.1738e-07 - acc: 0.7013 - val_loss: 1.1723e-07 - val_acc: 0.7054
Epoch 3/100
_________________________________________________________________
Layer (type)                 Output Shape              Param #   
=================================================================
input_1 (InputLayer)         (None, None, None, 3)     0         
_________________________________________________________________
block1_conv1 (Conv2D)        (None, None, None, 64)    1792      
_________________________________________________________________
block1_conv2 (Conv2D)        (None, None, None, 64)    36928     
_________________________________________________________________
block1_pool (MaxPooling2D)   (None, None, None, 64)    0         
_________________________________________________________________
block2_conv1 (Conv2D)        (None, None, None, 128)   73856     
_________________________________________________________________
block2_conv2 (Conv2D)        (None, None, None, 128)   147584    
_________________________________________________________________
block2_pool (MaxPooling2D)   (None, None, None, 128)   0         
_________________________________________________________________
block3_conv1 (Conv2D)        (None, None, None, 256)   295168    
_________________________________________________________________
block3_conv2 (Conv2D)        (None, None, None, 256)   590080    
_________________________________________________________________
block3_conv3 (Conv2D)        (None, None, None, 256)   590080    
_________________________________________________________________
block3_pool (MaxPooling2D)   (None, None, None, 256)   0         
_________________________________________________________________
block4_conv1 (Conv2D)        (None, None, None, 512)   1180160   
_________________________________________________________________
block4_conv2 (Conv2D)        (None, None, None, 512)   2359808   
_________________________________________________________________
block4_conv3 (Conv2D)        (None, None, None, 512)   2359808   
_________________________________________________________________
block4_pool (MaxPooling2D)   (None, None, None, 512)   0         
_________________________________________________________________
block5_conv1 (Conv2D)        (None, None, None, 512)   2359808   
_________________________________________________________________
block5_conv2 (Conv2D)        (None, None, None, 512)   2359808   
_________________________________________________________________
block5_conv3 (Conv2D)        (None, None, None, 512)   2359808   
_________________________________________________________________
block5_pool (MaxPooling2D)   (None, None, None, 512)   0         
_________________________________________________________________
fc1 (Conv2D)                 (None, None, None, 4096)  102764544 
_________________________________________________________________
dropout_1 (Dropout)          (None, None, None, 4096)  0         
_________________________________________________________________
fc2 (Conv2D)                 (None, None, None, 4096)  16781312  
_________________________________________________________________
dropout_2 (Dropout)          (None, None, None, 4096)  0         
_________________________________________________________________
conv2d_1 (Conv2D)            (None, None, None, 21)    86037     
_________________________________________________________________
bilinear_up_sampling2d_1 (Bi (None, None, None, 21)    0         
=================================================================
Total params: 134,346,581
Trainable params: 134,346,581
Non-trainable params: 0
_________________________________________________________________
[  734  2016  9439 ...  6895 11143 10081]
(10226,) (10226,)
(1805,) (1805,)
/home/throne/data/VOCdevkit/VOC2012/JPEGImages/2008_000222.jpg
(1805, 224, 224, 3) (1805, 224, 224, 21)
Epoch 1/100
Epoch 00000: val_acc improved from -inf to 0.68995, saving model to weights.best.hdf5
301s - loss: 0.6151 - acc: 0.6307 - val_loss: 1.1735e-07 - val_acc: 0.6899
Epoch 2/100
Epoch 00001: val_acc did not improve
289s - loss: 1.1735e-07 - acc: 0.7037 - val_loss: 1.1735e-07 - val_acc: 0.6899
Epoch 3/100
_________________________________________________________________
Layer (type)                 Output Shape              Param #   
=================================================================
input_1 (InputLayer)         (None, None, None, 3)     0         
_________________________________________________________________
block1_conv1 (Conv2D)        (None, None, None, 64)    1792      
_________________________________________________________________
block1_conv2 (Conv2D)        (None, None, None, 64)    36928     
_________________________________________________________________
block1_pool (MaxPooling2D)   (None, None, None, 64)    0         
_________________________________________________________________
block2_conv1 (Conv2D)        (None, None, None, 128)   73856     
_________________________________________________________________
block2_conv2 (Conv2D)        (None, None, None, 128)   147584    
_________________________________________________________________
block2_pool (MaxPooling2D)   (None, None, None, 128)   0         
_________________________________________________________________
block3_conv1 (Conv2D)        (None, None, None, 256)   295168    
_________________________________________________________________
block3_conv2 (Conv2D)        (None, None, None, 256)   590080    
_________________________________________________________________
block3_conv3 (Conv2D)        (None, None, None, 256)   590080    
_________________________________________________________________
block3_pool (MaxPooling2D)   (None, None, None, 256)   0         
_________________________________________________________________
block4_conv1 (Conv2D)        (None, None, None, 512)   1180160   
_________________________________________________________________
block4_conv2 (Conv2D)        (None, None, None, 512)   2359808   
_________________________________________________________________
block4_conv3 (Conv2D)        (None, None, None, 512)   2359808   
_________________________________________________________________
block4_pool (MaxPooling2D)   (None, None, None, 512)   0         
_________________________________________________________________
block5_conv1 (Conv2D)        (None, None, None, 512)   2359808   
_________________________________________________________________
block5_conv2 (Conv2D)        (None, None, None, 512)   2359808   
_________________________________________________________________
block5_conv3 (Conv2D)        (None, None, None, 512)   2359808   
_________________________________________________________________
block5_pool (MaxPooling2D)   (None, None, None, 512)   0         
_________________________________________________________________
fc1 (Conv2D)                 (None, None, None, 4096)  102764544 
_________________________________________________________________
dropout_1 (Dropout)          (None, None, None, 4096)  0         
_________________________________________________________________
fc2 (Conv2D)                 (None, None, None, 4096)  16781312  
_________________________________________________________________
dropout_2 (Dropout)          (None, None, None, 4096)  0         
_________________________________________________________________
conv2d_1 (Conv2D)            (None, None, None, 21)    86037     
_________________________________________________________________
bilinear_up_sampling2d_1 (Bi (None, None, None, 21)    0         
=================================================================
Total params: 134,346,581
Trainable params: 134,346,581
Non-trainable params: 0
_________________________________________________________________
[4752 1535 7818 ... 7850  209 1076]
(10226,) (10226,)
(1805,) (1805,)
/home/throne/data/VOCdevkit/VOC2012/JPEGImages/2008_008434.jpg
(1805, 224, 224, 3) (1805, 224, 224, 21)
Epoch 1/100
Epoch 00000: val_acc improved from -inf to 0.70842, saving model to weights.best.hdf5
300s - loss: nan - acc: 0.6827 - val_loss: nan - val_acc: 0.7084
Epoch 2/100
_________________________________________________________________
Layer (type)                 Output Shape              Param #   
=================================================================
input_1 (InputLayer)         (None, None, None, 3)     0         
_________________________________________________________________
block1_conv1 (Conv2D)        (None, None, None, 64)    1792      
_________________________________________________________________
block1_conv2 (Conv2D)        (None, None, None, 64)    36928     
_________________________________________________________________
block1_pool (MaxPooling2D)   (None, None, None, 64)    0         
_________________________________________________________________
block2_conv1 (Conv2D)        (None, None, None, 128)   73856     
_________________________________________________________________
block2_conv2 (Conv2D)        (None, None, None, 128)   147584    
_________________________________________________________________
block2_pool (MaxPooling2D)   (None, None, None, 128)   0         
_________________________________________________________________
block3_conv1 (Conv2D)        (None, None, None, 256)   295168    
_________________________________________________________________
block3_conv2 (Conv2D)        (None, None, None, 256)   590080    
_________________________________________________________________
block3_conv3 (Conv2D)        (None, None, None, 256)   590080    
_________________________________________________________________
block3_pool (MaxPooling2D)   (None, None, None, 256)   0         
_________________________________________________________________
block4_conv1 (Conv2D)        (None, None, None, 512)   1180160   
_________________________________________________________________
block4_conv2 (Conv2D)        (None, None, None, 512)   2359808   
_________________________________________________________________
block4_conv3 (Conv2D)        (None, None, None, 512)   2359808   
_________________________________________________________________
block4_pool (MaxPooling2D)   (None, None, None, 512)   0         
_________________________________________________________________
block5_conv1 (Conv2D)        (None, None, None, 512)   2359808   
_________________________________________________________________
block5_conv2 (Conv2D)        (None, None, None, 512)   2359808   
_________________________________________________________________
block5_conv3 (Conv2D)        (None, None, None, 512)   2359808   
_________________________________________________________________
block5_pool (MaxPooling2D)   (None, None, None, 512)   0         
_________________________________________________________________
fc1 (Conv2D)                 (None, None, None, 4096)  102764544 
_________________________________________________________________
dropout_1 (Dropout)          (None, None, None, 4096)  0         
_________________________________________________________________
fc2 (Conv2D)                 (None, None, None, 4096)  16781312  
_________________________________________________________________
dropout_2 (Dropout)          (None, None, None, 4096)  0         
_________________________________________________________________
conv2d_1 (Conv2D)            (None, None, None, 21)    86037     
_________________________________________________________________
bilinear_up_sampling2d_1 (Bi (None, None, None, 21)    0         
=================================================================
Total params: 134,346,581
Trainable params: 134,346,581
Non-trainable params: 0
_________________________________________________________________
[10484    35  9243 ...  5314  5093  2421]
(10226,) (10226,)
(1805,) (1805,)
/home/throne/data/VOCdevkit/VOC2012/JPEGImages/2010_005826.jpg
(1805, 224, 224, 3) (1805, 224, 224, 21)
Epoch 1/100
Epoch 00000: val_acc improved from -inf to 0.69631, saving model to weights.best.hdf5
298s - loss: 11.8385 - acc: 0.6823 - val_loss: nan - val_acc: 0.6963
Epoch 2/100
_________________________________________________________________
Layer (type)                 Output Shape              Param #   
=================================================================
input_1 (InputLayer)         (None, None, None, 3)     0         
_________________________________________________________________
block1_conv1 (Conv2D)        (None, None, None, 64)    1792      
_________________________________________________________________
block1_conv2 (Conv2D)        (None, None, None, 64)    36928     
_________________________________________________________________
block1_pool (MaxPooling2D)   (None, None, None, 64)    0         
_________________________________________________________________
block2_conv1 (Conv2D)        (None, None, None, 128)   73856     
_________________________________________________________________
block2_conv2 (Conv2D)        (None, None, None, 128)   147584    
_________________________________________________________________
block2_pool (MaxPooling2D)   (None, None, None, 128)   0         
_________________________________________________________________
block3_conv1 (Conv2D)        (None, None, None, 256)   295168    
_________________________________________________________________
block3_conv2 (Conv2D)        (None, None, None, 256)   590080    
_________________________________________________________________
block3_conv3 (Conv2D)        (None, None, None, 256)   590080    
_________________________________________________________________
block3_pool (MaxPooling2D)   (None, None, None, 256)   0         
_________________________________________________________________
block4_conv1 (Conv2D)        (None, None, None, 512)   1180160   
_________________________________________________________________
block4_conv2 (Conv2D)        (None, None, None, 512)   2359808   
_________________________________________________________________
block4_conv3 (Conv2D)        (None, None, None, 512)   2359808   
_________________________________________________________________
block4_pool (MaxPooling2D)   (None, None, None, 512)   0         
_________________________________________________________________
block5_conv1 (Conv2D)        (None, None, None, 512)   2359808   
_________________________________________________________________
block5_conv2 (Conv2D)        (None, None, None, 512)   2359808   
_________________________________________________________________
block5_conv3 (Conv2D)        (None, None, None, 512)   2359808   
_________________________________________________________________
block5_pool (MaxPooling2D)   (None, None, None, 512)   0         
_________________________________________________________________
fc1 (Conv2D)                 (None, None, None, 4096)  102764544 
_________________________________________________________________
dropout_1 (Dropout)          (None, None, None, 4096)  0         
_________________________________________________________________
fc2 (Conv2D)                 (None, None, None, 4096)  16781312  
_________________________________________________________________
dropout_2 (Dropout)          (None, None, None, 4096)  0         
_________________________________________________________________
conv2d_1 (Conv2D)            (None, None, None, 21)    86037     
_________________________________________________________________
bilinear_up_sampling2d_1 (Bi (None, None, None, 21)    0         
=================================================================
Total params: 134,346,581
Trainable params: 134,346,581
Non-trainable params: 0
_________________________________________________________________
[1507 3348 9301 ... 4388    1 8511]
(10226,) (10226,)
(1805,) (1805,)
/home/throne/data/VOCdevkit/VOC2012/JPEGImages/2008_001784.jpg
(1805, 224, 224, 3) (1805, 224, 224, 21)
Epoch 1/100
Epoch 00000: val_acc improved from -inf to 0.70198, saving model to weights.best.hdf5
299s - loss: nan - acc: 0.4864 - val_loss: nan - val_acc: 0.7020
Epoch 2/100
____________________________________________________________________________________________________
Layer (type)                     Output Shape          Param #     Connected to                     
====================================================================================================
input_1 (InputLayer)             (None, 224, 224, 3)   0                                            
____________________________________________________________________________________________________
block1_conv1 (Conv2D)            (None, 224, 224, 64)  1792        input_1[0][0]                    
____________________________________________________________________________________________________
block1_conv2 (Conv2D)            (None, 224, 224, 64)  36928       block1_conv1[0][0]               
____________________________________________________________________________________________________
block1_pool (MaxPooling2D)       (None, 112, 112, 64)  0           block1_conv2[0][0]               
____________________________________________________________________________________________________
block2_conv1 (Conv2D)            (None, 112, 112, 128) 73856       block1_pool[0][0]                
____________________________________________________________________________________________________
block2_conv2 (Conv2D)            (None, 112, 112, 128) 147584      block2_conv1[0][0]               
____________________________________________________________________________________________________
block2_pool (MaxPooling2D)       (None, 56, 56, 128)   0           block2_conv2[0][0]               
____________________________________________________________________________________________________
block3_conv1 (Conv2D)            (None, 56, 56, 256)   295168      block2_pool[0][0]                
____________________________________________________________________________________________________
block3_conv2 (Conv2D)            (None, 56, 56, 256)   590080      block3_conv1[0][0]               
____________________________________________________________________________________________________
block3_conv3 (Conv2D)            (None, 56, 56, 256)   590080      block3_conv2[0][0]               
____________________________________________________________________________________________________
block3_pool (MaxPooling2D)       (None, 28, 28, 256)   0           block3_conv3[0][0]               
____________________________________________________________________________________________________
block4_conv1 (Conv2D)            (None, 28, 28, 512)   1180160     block3_pool[0][0]                
____________________________________________________________________________________________________
block4_conv2 (Conv2D)            (None, 28, 28, 512)   2359808     block4_conv1[0][0]               
____________________________________________________________________________________________________
block4_conv3 (Conv2D)            (None, 28, 28, 512)   2359808     block4_conv2[0][0]               
____________________________________________________________________________________________________
block4_pool (MaxPooling2D)       (None, 14, 14, 512)   0           block4_conv3[0][0]               
____________________________________________________________________________________________________
block5_conv1 (Conv2D)            (None, 14, 14, 512)   2359808     block4_pool[0][0]                
____________________________________________________________________________________________________
block5_conv2 (Conv2D)            (None, 14, 14, 512)   2359808     block5_conv1[0][0]               
____________________________________________________________________________________________________
block5_conv3 (Conv2D)            (None, 14, 14, 512)   2359808     block5_conv2[0][0]               
____________________________________________________________________________________________________
block5_pool (MaxPooling2D)       (None, 7, 7, 512)     0           block5_conv3[0][0]               
____________________________________________________________________________________________________
conv6 (Conv2D)                   (None, 7, 7, 4096)    102764544   block5_pool[0][0]                
____________________________________________________________________________________________________
pool4_11 (Conv2D)                (None, 14, 14, 21)    10773       block4_pool[0][0]                
____________________________________________________________________________________________________
conv7 (Conv2D)                   (None, 7, 7, 4096)    16781312    conv6[0][0]                      
____________________________________________________________________________________________________
conv2d_transpose_2 (Conv2DTransp (None, 28, 28, 21)    1764        pool4_11[0][0]                   
____________________________________________________________________________________________________
pool3_11 (Conv2D)                (None, 28, 28, 21)    5397        block3_pool[0][0]                
____________________________________________________________________________________________________
conv2d_transpose_1 (Conv2DTransp (None, 28, 28, 21)    1376256     conv7[0][0]                      
____________________________________________________________________________________________________
add (Add)                        (None, 28, 28, 21)    0           conv2d_transpose_2[0][0]         
                                                                   pool3_11[0][0]                   
                                                                   conv2d_transpose_1[0][0]         
____________________________________________________________________________________________________
conv2d_transpose_3 (Conv2DTransp (None, 224, 224, 21)  28224       add[0][0]                        
____________________________________________________________________________________________________
activation_1 (Activation)        (None, 224, 224, 21)  0           conv2d_transpose_3[0][0]         
====================================================================================================
Total params: 135,682,958
Trainable params: 135,682,958
Non-trainable params: 0
____________________________________________________________________________________________________
[4907 7991 1611 ... 1265 3563 4358]
(10226,) (10226,)
(1805,) (1805,)
/home/throne/data/VOCdevkit/VOC2012/JPEGImages/2008_008765.jpg
(1805, 224, 224, 3) (1805, 224, 224, 21)
Epoch 1/100
Epoch 00000: val_acc improved from -inf to 0.05988, saving model to weights.best.hdf5
292s - loss: 3.2952 - acc: 0.0567 - val_loss: 3.1167 - val_acc: 0.0599
Epoch 2/100
____________________________________________________________________________________________________
Layer (type)                     Output Shape          Param #     Connected to                     
====================================================================================================
input_1 (InputLayer)             (None, 224, 224, 3)   0                                            
____________________________________________________________________________________________________
block1_conv1 (Conv2D)            (None, 224, 224, 64)  1792        input_1[0][0]                    
____________________________________________________________________________________________________
block1_conv2 (Conv2D)            (None, 224, 224, 64)  36928       block1_conv1[0][0]               
____________________________________________________________________________________________________
block1_pool (MaxPooling2D)       (None, 112, 112, 64)  0           block1_conv2[0][0]               
____________________________________________________________________________________________________
block2_conv1 (Conv2D)            (None, 112, 112, 128) 73856       block1_pool[0][0]                
____________________________________________________________________________________________________
block2_conv2 (Conv2D)            (None, 112, 112, 128) 147584      block2_conv1[0][0]               
____________________________________________________________________________________________________
block2_pool (MaxPooling2D)       (None, 56, 56, 128)   0           block2_conv2[0][0]               
____________________________________________________________________________________________________
block3_conv1 (Conv2D)            (None, 56, 56, 256)   295168      block2_pool[0][0]                
____________________________________________________________________________________________________
block3_conv2 (Conv2D)            (None, 56, 56, 256)   590080      block3_conv1[0][0]               
____________________________________________________________________________________________________
block3_conv3 (Conv2D)            (None, 56, 56, 256)   590080      block3_conv2[0][0]               
____________________________________________________________________________________________________
block3_pool (MaxPooling2D)       (None, 28, 28, 256)   0           block3_conv3[0][0]               
____________________________________________________________________________________________________
block4_conv1 (Conv2D)            (None, 28, 28, 512)   1180160     block3_pool[0][0]                
____________________________________________________________________________________________________
block4_conv2 (Conv2D)            (None, 28, 28, 512)   2359808     block4_conv1[0][0]               
____________________________________________________________________________________________________
block4_conv3 (Conv2D)            (None, 28, 28, 512)   2359808     block4_conv2[0][0]               
____________________________________________________________________________________________________
block4_pool (MaxPooling2D)       (None, 14, 14, 512)   0           block4_conv3[0][0]               
____________________________________________________________________________________________________
block5_conv1 (Conv2D)            (None, 14, 14, 512)   2359808     block4_pool[0][0]                
____________________________________________________________________________________________________
block5_conv2 (Conv2D)            (None, 14, 14, 512)   2359808     block5_conv1[0][0]               
____________________________________________________________________________________________________
block5_conv3 (Conv2D)            (None, 14, 14, 512)   2359808     block5_conv2[0][0]               
____________________________________________________________________________________________________
block5_pool (MaxPooling2D)       (None, 7, 7, 512)     0           block5_conv3[0][0]               
____________________________________________________________________________________________________
conv6 (Conv2D)                   (None, 7, 7, 4096)    102764544   block5_pool[0][0]                
____________________________________________________________________________________________________
pool4_11 (Conv2D)                (None, 14, 14, 21)    10773       block4_pool[0][0]                
____________________________________________________________________________________________________
conv7 (Conv2D)                   (None, 7, 7, 4096)    16781312    conv6[0][0]                      
____________________________________________________________________________________________________
conv2d_transpose_2 (Conv2DTransp (None, 28, 28, 21)    1764        pool4_11[0][0]                   
____________________________________________________________________________________________________
pool3_11 (Conv2D)                (None, 28, 28, 21)    5397        block3_pool[0][0]                
____________________________________________________________________________________________________
conv2d_transpose_1 (Conv2DTransp (None, 28, 28, 21)    1376256     conv7[0][0]                      
____________________________________________________________________________________________________
add (Add)                        (None, 28, 28, 21)    0           conv2d_transpose_2[0][0]         
                                                                   pool3_11[0][0]                   
                                                                   conv2d_transpose_1[0][0]         
____________________________________________________________________________________________________
conv2d_transpose_3 (Conv2DTransp (None, 224, 224, 21)  28224       add[0][0]                        
____________________________________________________________________________________________________
activation_1 (Activation)        (None, 224, 224, 21)  0           conv2d_transpose_3[0][0]         
====================================================================================================
Total params: 135,682,958
Trainable params: 135,682,958
Non-trainable params: 0
____________________________________________________________________________________________________
[  154  4969  3158 ...  1174 10702 11677]
(10226,) (10226,)
(1805,) (1805,)
/home/throne/data/VOCdevkit/VOC2012/JPEGImages/2007_002426.jpg
(1805, 224, 224, 3) (1805, 224, 224, 21)
Epoch 1/100
Epoch 00000: val_acc improved from -inf to 0.70963, saving model to weights.best.hdf5
299s - loss: 1.3992 - acc: 0.6715 - val_loss: 1.1854 - val_acc: 0.7096
Epoch 2/100
Epoch 00001: val_acc improved from 0.70963 to 0.73789, saving model to weights.best.hdf5
295s - loss: 1.1419 - acc: 0.7166 - val_loss: 1.0328 - val_acc: 0.7379
Epoch 3/100
Epoch 00002: val_acc improved from 0.73789 to 0.74451, saving model to weights.best.hdf5
293s - loss: 1.0185 - acc: 0.7370 - val_loss: 0.9486 - val_acc: 0.7445
Epoch 4/100
Epoch 00003: val_acc improved from 0.74451 to 0.76210, saving model to weights.best.hdf5
295s - loss: 0.9183 - acc: 0.7527 - val_loss: 0.8840 - val_acc: 0.7621
Epoch 5/100
Epoch 00004: val_acc improved from 0.76210 to 0.76903, saving model to weights.best.hdf5
295s - loss: 0.8552 - acc: 0.7650 - val_loss: 0.8509 - val_acc: 0.7690
Epoch 6/100
Epoch 00005: val_acc improved from 0.76903 to 0.77676, saving model to weights.best.hdf5
296s - loss: 0.8075 - acc: 0.7752 - val_loss: 0.8235 - val_acc: 0.7768
Epoch 7/100
Epoch 00006: val_acc improved from 0.77676 to 0.78827, saving model to weights.best.hdf5
295s - loss: 0.7727 - acc: 0.7821 - val_loss: 0.7673 - val_acc: 0.7883
Epoch 8/100
Epoch 00007: val_acc improved from 0.78827 to 0.79026, saving model to weights.best.hdf5
295s - loss: 0.7416 - acc: 0.7887 - val_loss: 0.7446 - val_acc: 0.7903
Epoch 9/100
Epoch 00008: val_acc improved from 0.79026 to 0.79976, saving model to weights.best.hdf5
295s - loss: 0.7113 - acc: 0.7959 - val_loss: 0.7142 - val_acc: 0.7998
Epoch 10/100
Epoch 00009: val_acc did not improve
295s - loss: 0.6812 - acc: 0.8035 - val_loss: 0.7249 - val_acc: 0.7993
Epoch 11/100
Epoch 00010: val_acc improved from 0.79976 to 0.80953, saving model to weights.best.hdf5
296s - loss: 0.6504 - acc: 0.8110 - val_loss: 0.6696 - val_acc: 0.8095
Epoch 12/100
Epoch 00011: val_acc did not improve
294s - loss: 0.6192 - acc: 0.8180 - val_loss: 0.7446 - val_acc: 0.7895
Epoch 13/100
Epoch 00012: val_acc improved from 0.80953 to 0.81283, saving model to weights.best.hdf5
296s - loss: 0.5887 - acc: 0.8252 - val_loss: 0.6619 - val_acc: 0.8128
Epoch 14/100
Epoch 00013: val_acc did not improve
293s - loss: 0.5605 - acc: 0.8321 - val_loss: 0.6756 - val_acc: 0.8047
Epoch 15/100
Epoch 00014: val_acc improved from 0.81283 to 0.82062, saving model to weights.best.hdf5
294s - loss: 0.5344 - acc: 0.8387 - val_loss: 0.6290 - val_acc: 0.8206
Epoch 16/100
Epoch 00015: val_acc improved from 0.82062 to 0.82404, saving model to weights.best.hdf5
295s - loss: 0.5107 - acc: 0.8448 - val_loss: 0.6120 - val_acc: 0.8240
Epoch 17/100
Epoch 00016: val_acc did not improve
295s - loss: 0.4879 - acc: 0.8509 - val_loss: 0.6231 - val_acc: 0.8237
Epoch 18/100
Epoch 00017: val_acc improved from 0.82404 to 0.82530, saving model to weights.best.hdf5
297s - loss: 0.4669 - acc: 0.8562 - val_loss: 0.6146 - val_acc: 0.8253
Epoch 19/100
Epoch 00018: val_acc did not improve
295s - loss: 0.4478 - acc: 0.8616 - val_loss: 0.6237 - val_acc: 0.8237
Epoch 20/100
Epoch 00019: val_acc improved from 0.82530 to 0.83173, saving model to weights.best.hdf5
295s - loss: 0.4303 - acc: 0.8667 - val_loss: 0.5914 - val_acc: 0.8317
Epoch 21/100
Epoch 00020: val_acc did not improve
294s - loss: 0.4131 - acc: 0.8721 - val_loss: 0.6122 - val_acc: 0.8289
Epoch 22/100
Epoch 00021: val_acc did not improve
295s - loss: 0.3972 - acc: 0.8772 - val_loss: 0.5985 - val_acc: 0.8310
Epoch 23/100
Epoch 00022: val_acc improved from 0.83173 to 0.83539, saving model to weights.best.hdf5
297s - loss: 0.3830 - acc: 0.8818 - val_loss: 0.6037 - val_acc: 0.8354
Epoch 24/100
Epoch 00023: val_acc improved from 0.83539 to 0.83560, saving model to weights.best.hdf5
296s - loss: 0.3707 - acc: 0.8858 - val_loss: 0.5793 - val_acc: 0.8356
Epoch 25/100
Epoch 00024: val_acc did not improve
292s - loss: 0.3582 - acc: 0.8896 - val_loss: 0.5863 - val_acc: 0.8335
Epoch 26/100
Epoch 00025: val_acc improved from 0.83560 to 0.83873, saving model to weights.best.hdf5
293s - loss: 0.3536 - acc: 0.8907 - val_loss: 0.5799 - val_acc: 0.8387
Epoch 27/100
Epoch 00026: val_acc improved from 0.83873 to 0.84120, saving model to weights.best.hdf5
295s - loss: 0.3419 - acc: 0.8945 - val_loss: 0.5917 - val_acc: 0.8412
Epoch 28/100
Epoch 00027: val_acc did not improve
292s - loss: 0.3322 - acc: 0.8975 - val_loss: 0.6006 - val_acc: 0.8381
Epoch 29/100
Epoch 00028: val_acc improved from 0.84120 to 0.84153, saving model to weights.best.hdf5
296s - loss: 0.3238 - acc: 0.9001 - val_loss: 0.5890 - val_acc: 0.8415
Epoch 30/100
Epoch 00029: val_acc improved from 0.84153 to 0.84168, saving model to weights.best.hdf5
296s - loss: 0.3157 - acc: 0.9027 - val_loss: 0.5996 - val_acc: 0.8417
Epoch 31/100
Epoch 00030: val_acc did not improve
293s - loss: 0.3080 - acc: 0.9051 - val_loss: 0.6434 - val_acc: 0.8402
Epoch 32/100
Epoch 00031: val_acc did not improve
295s - loss: 0.3019 - acc: 0.9068 - val_loss: 0.6410 - val_acc: 0.8407
Epoch 33/100
Epoch 00032: val_acc did not improve
294s - loss: 0.2952 - acc: 0.9091 - val_loss: 0.6272 - val_acc: 0.8398
Epoch 34/100
Epoch 00033: val_acc did not improve
295s - loss: 0.2893 - acc: 0.9109 - val_loss: 0.6121 - val_acc: 0.8378
Epoch 35/100
Epoch 00034: val_acc did not improve
294s - loss: 0.2837 - acc: 0.9127 - val_loss: 0.6288 - val_acc: 0.8269
Epoch 36/100
Epoch 00035: val_acc did not improve
293s - loss: 0.2780 - acc: 0.9147 - val_loss: 0.6302 - val_acc: 0.8276
Epoch 37/100
Epoch 00036: val_acc did not improve
293s - loss: 0.2730 - acc: 0.9163 - val_loss: 0.6077 - val_acc: 0.8354
Epoch 38/100
Epoch 00037: val_acc improved from 0.84168 to 0.84355, saving model to weights.best.hdf5
295s - loss: 0.2687 - acc: 0.9177 - val_loss: 0.5899 - val_acc: 0.8436
Epoch 39/100
Epoch 00038: val_acc improved from 0.84355 to 0.84859, saving model to weights.best.hdf5
296s - loss: 0.2645 - acc: 0.9191 - val_loss: 0.5940 - val_acc: 0.8486
Epoch 40/100
Epoch 00039: val_acc did not improve
292s - loss: 0.2600 - acc: 0.9205 - val_loss: 0.5973 - val_acc: 0.8459
Epoch 41/100
Epoch 00040: val_acc did not improve
296s - loss: 0.2574 - acc: 0.9213 - val_loss: 0.5961 - val_acc: 0.8448
Epoch 42/100
Epoch 00041: val_acc did not improve
295s - loss: 0.2541 - acc: 0.9224 - val_loss: 0.5936 - val_acc: 0.8440
Epoch 43/100
Epoch 00042: val_acc did not improve
295s - loss: 0.2506 - acc: 0.9235 - val_loss: 0.5966 - val_acc: 0.8470
Epoch 44/100
Epoch 00043: val_acc did not improve
294s - loss: 0.2473 - acc: 0.9245 - val_loss: 0.6006 - val_acc: 0.8465
Epoch 45/100
Epoch 00044: val_acc did not improve
293s - loss: 0.2443 - acc: 0.9255 - val_loss: 0.6033 - val_acc: 0.8458
Epoch 46/100
Epoch 00045: val_acc did not improve
294s - loss: 0.2417 - acc: 0.9262 - val_loss: 0.6168 - val_acc: 0.8444
Epoch 47/100
Epoch 00046: val_acc did not improve
295s - loss: 0.2392 - acc: 0.9271 - val_loss: 0.6612 - val_acc: 0.8406
Epoch 48/100
Epoch 00047: val_acc did not improve
292s - loss: 0.2365 - acc: 0.9278 - val_loss: 0.6902 - val_acc: 0.8389
Epoch 49/100
Epoch 00048: val_acc did not improve
293s - loss: 0.2341 - acc: 0.9285 - val_loss: 0.7100 - val_acc: 0.8399
Epoch 50/100
Epoch 00049: val_acc did not improve
294s - loss: 0.2318 - acc: 0.9292 - val_loss: 0.6940 - val_acc: 0.8433
Epoch 51/100
Epoch 00050: val_acc did not improve
294s - loss: 0.2296 - acc: 0.9300 - val_loss: 0.6855 - val_acc: 0.8408
Epoch 52/100
Epoch 00051: val_acc did not improve
295s - loss: 0.2273 - acc: 0.9306 - val_loss: 0.7228 - val_acc: 0.8344
Epoch 53/100
Epoch 00052: val_acc did not improve
295s - loss: 0.2251 - acc: 0.9313 - val_loss: 0.7295 - val_acc: 0.8339
Epoch 54/100
Epoch 00053: val_acc did not improve
295s - loss: 0.2234 - acc: 0.9319 - val_loss: 0.6853 - val_acc: 0.8406
Epoch 55/100
Epoch 00054: val_acc did not improve
293s - loss: 0.2216 - acc: 0.9325 - val_loss: 0.6550 - val_acc: 0.8455
Epoch 56/100
Epoch 00055: val_acc did not improve
294s - loss: 0.2196 - acc: 0.9330 - val_loss: 0.6658 - val_acc: 0.8416
Epoch 57/100
Epoch 00056: val_acc did not improve
295s - loss: 0.2181 - acc: 0.9336 - val_loss: 0.6806 - val_acc: 0.8375
Epoch 58/100
Epoch 00057: val_acc did not improve
294s - loss: 0.2163 - acc: 0.9341 - val_loss: 0.6677 - val_acc: 0.8381
Epoch 59/100
Epoch 00058: val_acc did not improve
292s - loss: 0.2145 - acc: 0.9347 - val_loss: 0.6464 - val_acc: 0.8429
Epoch 60/100
Epoch 00059: val_acc did not improve
294s - loss: 0.2133 - acc: 0.9351 - val_loss: 0.6472 - val_acc: 0.8419
Epoch 61/100
Epoch 00060: val_acc did not improve
292s - loss: 0.2120 - acc: 0.9355 - val_loss: 0.6531 - val_acc: 0.8409
Epoch 62/100
Epoch 00061: val_acc did not improve
293s - loss: 0.2107 - acc: 0.9359 - val_loss: 0.6592 - val_acc: 0.8416
Epoch 63/100
Epoch 00062: val_acc did not improve
294s - loss: 0.2092 - acc: 0.9364 - val_loss: 0.6727 - val_acc: 0.8408
Epoch 64/100
Epoch 00063: val_acc did not improve
293s - loss: 0.2081 - acc: 0.9367 - val_loss: 0.6639 - val_acc: 0.8384
Epoch 65/100
Epoch 00064: val_acc did not improve
294s - loss: 0.2069 - acc: 0.9371 - val_loss: 0.6833 - val_acc: 0.8355
Epoch 66/100
Epoch 00065: val_acc did not improve
295s - loss: 0.2059 - acc: 0.9374 - val_loss: 0.6567 - val_acc: 0.8438
Epoch 67/100
Epoch 00066: val_acc did not improve
292s - loss: 0.2045 - acc: 0.9378 - val_loss: 0.6831 - val_acc: 0.8473
Epoch 68/100
Epoch 00067: val_acc did not improve
293s - loss: 0.2036 - acc: 0.9381 - val_loss: 0.6938 - val_acc: 0.8485
Epoch 69/100
Epoch 00068: val_acc did not improve
295s - loss: 0.2024 - acc: 0.9384 - val_loss: 0.6835 - val_acc: 0.8480
Epoch 70/100
Epoch 00069: val_acc did not improve
294s - loss: 0.2016 - acc: 0.9387 - val_loss: 0.6689 - val_acc: 0.8445
Epoch 71/100
Epoch 00070: val_acc did not improve
293s - loss: 0.2003 - acc: 0.9391 - val_loss: 0.6711 - val_acc: 0.8437
Epoch 72/100
Epoch 00071: val_acc did not improve
293s - loss: 0.1990 - acc: 0.9395 - val_loss: 0.6722 - val_acc: 0.8467
Epoch 73/100
Epoch 00072: val_acc did not improve
294s - loss: 0.1978 - acc: 0.9399 - val_loss: 0.6963 - val_acc: 0.8486
Epoch 74/100
Epoch 00073: val_acc improved from 0.84859 to 0.84911, saving model to weights.best.hdf5
297s - loss: 0.1966 - acc: 0.9403 - val_loss: 0.7009 - val_acc: 0.8491
Epoch 75/100
Epoch 00074: val_acc did not improve
294s - loss: 0.1956 - acc: 0.9406 - val_loss: 0.6887 - val_acc: 0.8469
Epoch 76/100
Epoch 00075: val_acc did not improve
292s - loss: 0.1947 - acc: 0.9409 - val_loss: 0.6831 - val_acc: 0.8451
Epoch 77/100
Epoch 00076: val_acc did not improve
294s - loss: 0.1939 - acc: 0.9411 - val_loss: 0.6833 - val_acc: 0.8433
Epoch 78/100
Epoch 00077: val_acc did not improve
293s - loss: 0.1932 - acc: 0.9413 - val_loss: 0.6788 - val_acc: 0.8446
Epoch 79/100
Epoch 00078: val_acc did not improve
295s - loss: 0.1923 - acc: 0.9416 - val_loss: 0.6656 - val_acc: 0.8458
Epoch 80/100
Epoch 00079: val_acc did not improve
293s - loss: 0.1916 - acc: 0.9418 - val_loss: 0.6563 - val_acc: 0.8454
Epoch 81/100
Epoch 00080: val_acc did not improve
295s - loss: 0.1908 - acc: 0.9421 - val_loss: 0.6531 - val_acc: 0.8467
Epoch 82/100
Epoch 00081: val_acc did not improve
291s - loss: 0.1901 - acc: 0.9423 - val_loss: 0.6775 - val_acc: 0.8468
Epoch 83/100
Epoch 00082: val_acc did not improve
293s - loss: 0.1894 - acc: 0.9425 - val_loss: 0.7032 - val_acc: 0.8453
Epoch 84/100
Epoch 00083: val_acc did not improve
293s - loss: 0.1889 - acc: 0.9426 - val_loss: 0.6979 - val_acc: 0.8447
Epoch 85/100
Epoch 00084: val_acc did not improve
292s - loss: 0.1883 - acc: 0.9428 - val_loss: 0.6828 - val_acc: 0.8442
Epoch 86/100
Epoch 00085: val_acc did not improve
293s - loss: 0.1876 - acc: 0.9430 - val_loss: 0.6773 - val_acc: 0.8386
Epoch 87/100
Epoch 00086: val_acc did not improve
295s - loss: 0.1870 - acc: 0.9432 - val_loss: 0.6693 - val_acc: 0.8389
Epoch 88/100
Epoch 00087: val_acc did not improve
294s - loss: 0.1864 - acc: 0.9434 - val_loss: 0.6656 - val_acc: 0.8411
Epoch 89/100
Epoch 00088: val_acc did not improve
292s - loss: 0.1857 - acc: 0.9436 - val_loss: 0.6738 - val_acc: 0.8471
Epoch 90/100
Epoch 00089: val_acc did not improve
294s - loss: 0.1854 - acc: 0.9437 - val_loss: 0.6901 - val_acc: 0.8478
Epoch 91/100
Epoch 00090: val_acc did not improve
294s - loss: 0.1849 - acc: 0.9439 - val_loss: 0.6835 - val_acc: 0.8484
Epoch 92/100
Epoch 00091: val_acc did not improve
293s - loss: 0.1845 - acc: 0.9440 - val_loss: 0.6779 - val_acc: 0.8485
Epoch 93/100
Epoch 00092: val_acc did not improve
293s - loss: 0.1838 - acc: 0.9442 - val_loss: 0.6667 - val_acc: 0.8446
Epoch 94/100
Epoch 00093: val_acc did not improve
293s - loss: 0.1836 - acc: 0.9442 - val_loss: 0.6860 - val_acc: 0.8372
Epoch 95/100
Epoch 00094: val_acc did not improve
293s - loss: 0.1829 - acc: 0.9444 - val_loss: 0.7148 - val_acc: 0.8363
Epoch 96/100
Epoch 00095: val_acc did not improve
295s - loss: 0.1824 - acc: 0.9446 - val_loss: 0.7397 - val_acc: 0.8397
Epoch 97/100
Epoch 00096: val_acc did not improve
294s - loss: 0.1819 - acc: 0.9448 - val_loss: 0.7658 - val_acc: 0.8421
Epoch 98/100
Epoch 00097: val_acc did not improve
293s - loss: 0.1815 - acc: 0.9448 - val_loss: 0.7800 - val_acc: 0.8434
Epoch 99/100
Epoch 00098: val_acc did not improve
295s - loss: 0.1811 - acc: 0.9450 - val_loss: 0.7558 - val_acc: 0.8456
Epoch 100/100
Epoch 00099: val_acc did not improve
294s - loss: 0.1807 - acc: 0.9451 - val_loss: 0.7219 - val_acc: 0.8484
____________________________________________________________________________________________________
Layer (type)                     Output Shape          Param #     Connected to                     
====================================================================================================
input_1 (InputLayer)             (None, 224, 224, 3)   0                                            
____________________________________________________________________________________________________
block1_conv1 (Conv2D)            (None, 224, 224, 64)  1792        input_1[0][0]                    
____________________________________________________________________________________________________
block1_conv2 (Conv2D)            (None, 224, 224, 64)  36928       block1_conv1[0][0]               
____________________________________________________________________________________________________
block1_pool (MaxPooling2D)       (None, 112, 112, 64)  0           block1_conv2[0][0]               
____________________________________________________________________________________________________
block2_conv1 (Conv2D)            (None, 112, 112, 128) 73856       block1_pool[0][0]                
____________________________________________________________________________________________________
block2_conv2 (Conv2D)            (None, 112, 112, 128) 147584      block2_conv1[0][0]               
____________________________________________________________________________________________________
block2_pool (MaxPooling2D)       (None, 56, 56, 128)   0           block2_conv2[0][0]               
____________________________________________________________________________________________________
block3_conv1 (Conv2D)            (None, 56, 56, 256)   295168      block2_pool[0][0]                
____________________________________________________________________________________________________
block3_conv2 (Conv2D)            (None, 56, 56, 256)   590080      block3_conv1[0][0]               
____________________________________________________________________________________________________
block3_conv3 (Conv2D)            (None, 56, 56, 256)   590080      block3_conv2[0][0]               
____________________________________________________________________________________________________
block3_pool (MaxPooling2D)       (None, 28, 28, 256)   0           block3_conv3[0][0]               
____________________________________________________________________________________________________
block4_conv1 (Conv2D)            (None, 28, 28, 512)   1180160     block3_pool[0][0]                
____________________________________________________________________________________________________
block4_conv2 (Conv2D)            (None, 28, 28, 512)   2359808     block4_conv1[0][0]               
____________________________________________________________________________________________________
block4_conv3 (Conv2D)            (None, 28, 28, 512)   2359808     block4_conv2[0][0]               
____________________________________________________________________________________________________
block4_pool (MaxPooling2D)       (None, 14, 14, 512)   0           block4_conv3[0][0]               
____________________________________________________________________________________________________
block5_conv1 (Conv2D)            (None, 14, 14, 512)   2359808     block4_pool[0][0]                
____________________________________________________________________________________________________
block5_conv2 (Conv2D)            (None, 14, 14, 512)   2359808     block5_conv1[0][0]               
____________________________________________________________________________________________________
block5_conv3 (Conv2D)            (None, 14, 14, 512)   2359808     block5_conv2[0][0]               
____________________________________________________________________________________________________
block5_pool (MaxPooling2D)       (None, 7, 7, 512)     0           block5_conv3[0][0]               
____________________________________________________________________________________________________
conv6 (Conv2D)                   (None, 7, 7, 4096)    102764544   block5_pool[0][0]                
____________________________________________________________________________________________________
pool4_11 (Conv2D)                (None, 14, 14, 21)    10773       block4_pool[0][0]                
____________________________________________________________________________________________________
conv7 (Conv2D)                   (None, 7, 7, 4096)    16781312    conv6[0][0]                      
____________________________________________________________________________________________________
conv2d_transpose_2 (Conv2DTransp (None, 28, 28, 21)    1764        pool4_11[0][0]                   
____________________________________________________________________________________________________
pool3_11 (Conv2D)                (None, 28, 28, 21)    5397        block3_pool[0][0]                
____________________________________________________________________________________________________
conv2d_transpose_1 (Conv2DTransp (None, 28, 28, 21)    1376256     conv7[0][0]                      
____________________________________________________________________________________________________
add (Add)                        (None, 28, 28, 21)    0           conv2d_transpose_2[0][0]         
                                                                   pool3_11[0][0]                   
                                                                   conv2d_transpose_1[0][0]         
____________________________________________________________________________________________________
conv2d_transpose_3 (Conv2DTransp (None, 224, 224, 21)  28224       add[0][0]                        
____________________________________________________________________________________________________
activation_1 (Activation)        (None, 224, 224, 21)  0           conv2d_transpose_3[0][0]         
====================================================================================================
Total params: 135,682,958
Trainable params: 135,682,958
Non-trainable params: 0
____________________________________________________________________________________________________
(10226,) (10226,)
(1805,) (1805,)
(1805, 224, 224, 3) (1805, 224, 224, 21)
Epoch 1/100
____________________________________________________________________________________________________
Layer (type)                     Output Shape          Param #     Connected to                     
====================================================================================================
input_1 (InputLayer)             (None, 224, 224, 3)   0                                            
____________________________________________________________________________________________________
block1_conv1 (Conv2D)            (None, 224, 224, 64)  1792        input_1[0][0]                    
____________________________________________________________________________________________________
block1_conv2 (Conv2D)            (None, 224, 224, 64)  36928       block1_conv1[0][0]               
____________________________________________________________________________________________________
block1_pool (MaxPooling2D)       (None, 112, 112, 64)  0           block1_conv2[0][0]               
____________________________________________________________________________________________________
block2_conv1 (Conv2D)            (None, 112, 112, 128) 73856       block1_pool[0][0]                
____________________________________________________________________________________________________
block2_conv2 (Conv2D)            (None, 112, 112, 128) 147584      block2_conv1[0][0]               
____________________________________________________________________________________________________
block2_pool (MaxPooling2D)       (None, 56, 56, 128)   0           block2_conv2[0][0]               
____________________________________________________________________________________________________
block3_conv1 (Conv2D)            (None, 56, 56, 256)   295168      block2_pool[0][0]                
____________________________________________________________________________________________________
block3_conv2 (Conv2D)            (None, 56, 56, 256)   590080      block3_conv1[0][0]               
____________________________________________________________________________________________________
block3_conv3 (Conv2D)            (None, 56, 56, 256)   590080      block3_conv2[0][0]               
____________________________________________________________________________________________________
block3_pool (MaxPooling2D)       (None, 28, 28, 256)   0           block3_conv3[0][0]               
____________________________________________________________________________________________________
block4_conv1 (Conv2D)            (None, 28, 28, 512)   1180160     block3_pool[0][0]                
____________________________________________________________________________________________________
block4_conv2 (Conv2D)            (None, 28, 28, 512)   2359808     block4_conv1[0][0]               
____________________________________________________________________________________________________
block4_conv3 (Conv2D)            (None, 28, 28, 512)   2359808     block4_conv2[0][0]               
____________________________________________________________________________________________________
block4_pool (MaxPooling2D)       (None, 14, 14, 512)   0           block4_conv3[0][0]               
____________________________________________________________________________________________________
block5_conv1 (Conv2D)            (None, 14, 14, 512)   2359808     block4_pool[0][0]                
____________________________________________________________________________________________________
block5_conv2 (Conv2D)            (None, 14, 14, 512)   2359808     block5_conv1[0][0]               
____________________________________________________________________________________________________
block5_conv3 (Conv2D)            (None, 14, 14, 512)   2359808     block5_conv2[0][0]               
____________________________________________________________________________________________________
block5_pool (MaxPooling2D)       (None, 7, 7, 512)     0           block5_conv3[0][0]               
____________________________________________________________________________________________________
conv6 (Conv2D)                   (None, 7, 7, 4096)    102764544   block5_pool[0][0]                
____________________________________________________________________________________________________
pool4_11 (Conv2D)                (None, 14, 14, 21)    10773       block4_pool[0][0]                
____________________________________________________________________________________________________
conv7 (Conv2D)                   (None, 7, 7, 4096)    16781312    conv6[0][0]                      
____________________________________________________________________________________________________
conv2d_transpose_2 (Conv2DTransp (None, 28, 28, 21)    1764        pool4_11[0][0]                   
____________________________________________________________________________________________________
pool3_11 (Conv2D)                (None, 28, 28, 21)    5397        block3_pool[0][0]                
____________________________________________________________________________________________________
conv2d_transpose_1 (Conv2DTransp (None, 28, 28, 21)    1376256     conv7[0][0]                      
____________________________________________________________________________________________________
add (Add)                        (None, 28, 28, 21)    0           conv2d_transpose_2[0][0]         
                                                                   pool3_11[0][0]                   
                                                                   conv2d_transpose_1[0][0]         
____________________________________________________________________________________________________
conv2d_transpose_3 (Conv2DTransp (None, 224, 224, 21)  28224       add[0][0]                        
____________________________________________________________________________________________________
activation_1 (Activation)        (None, 224, 224, 21)  0           conv2d_transpose_3[0][0]         
====================================================================================================
Total params: 135,682,958
Trainable params: 135,682,958
Non-trainable params: 0
____________________________________________________________________________________________________
10582
____________________________________________________________________________________________________
Layer (type)                     Output Shape          Param #     Connected to                     
====================================================================================================
input_1 (InputLayer)             (None, 224, 224, 3)   0                                            
____________________________________________________________________________________________________
block1_conv1 (Conv2D)            (None, 224, 224, 64)  1792        input_1[0][0]                    
____________________________________________________________________________________________________
block1_conv2 (Conv2D)            (None, 224, 224, 64)  36928       block1_conv1[0][0]               
____________________________________________________________________________________________________
block1_pool (MaxPooling2D)       (None, 112, 112, 64)  0           block1_conv2[0][0]               
____________________________________________________________________________________________________
block2_conv1 (Conv2D)            (None, 112, 112, 128) 73856       block1_pool[0][0]                
____________________________________________________________________________________________________
block2_conv2 (Conv2D)            (None, 112, 112, 128) 147584      block2_conv1[0][0]               
____________________________________________________________________________________________________
block2_pool (MaxPooling2D)       (None, 56, 56, 128)   0           block2_conv2[0][0]               
____________________________________________________________________________________________________
block3_conv1 (Conv2D)            (None, 56, 56, 256)   295168      block2_pool[0][0]                
____________________________________________________________________________________________________
block3_conv2 (Conv2D)            (None, 56, 56, 256)   590080      block3_conv1[0][0]               
____________________________________________________________________________________________________
block3_conv3 (Conv2D)            (None, 56, 56, 256)   590080      block3_conv2[0][0]               
____________________________________________________________________________________________________
block3_pool (MaxPooling2D)       (None, 28, 28, 256)   0           block3_conv3[0][0]               
____________________________________________________________________________________________________
block4_conv1 (Conv2D)            (None, 28, 28, 512)   1180160     block3_pool[0][0]                
____________________________________________________________________________________________________
block4_conv2 (Conv2D)            (None, 28, 28, 512)   2359808     block4_conv1[0][0]               
____________________________________________________________________________________________________
block4_conv3 (Conv2D)            (None, 28, 28, 512)   2359808     block4_conv2[0][0]               
____________________________________________________________________________________________________
block4_pool (MaxPooling2D)       (None, 14, 14, 512)   0           block4_conv3[0][0]               
____________________________________________________________________________________________________
block5_conv1 (Conv2D)            (None, 14, 14, 512)   2359808     block4_pool[0][0]                
____________________________________________________________________________________________________
block5_conv2 (Conv2D)            (None, 14, 14, 512)   2359808     block5_conv1[0][0]               
____________________________________________________________________________________________________
block5_conv3 (Conv2D)            (None, 14, 14, 512)   2359808     block5_conv2[0][0]               
____________________________________________________________________________________________________
block5_pool (MaxPooling2D)       (None, 7, 7, 512)     0           block5_conv3[0][0]               
____________________________________________________________________________________________________
conv6 (Conv2D)                   (None, 7, 7, 4096)    102764544   block5_pool[0][0]                
____________________________________________________________________________________________________
pool4_11 (Conv2D)                (None, 14, 14, 21)    10773       block4_pool[0][0]                
____________________________________________________________________________________________________
conv7 (Conv2D)                   (None, 7, 7, 4096)    16781312    conv6[0][0]                      
____________________________________________________________________________________________________
conv2d_transpose_2 (Conv2DTransp (None, 28, 28, 21)    1764        pool4_11[0][0]                   
____________________________________________________________________________________________________
pool3_11 (Conv2D)                (None, 28, 28, 21)    5397        block3_pool[0][0]                
____________________________________________________________________________________________________
conv2d_transpose_1 (Conv2DTransp (None, 28, 28, 21)    1376256     conv7[0][0]                      
____________________________________________________________________________________________________
add (Add)                        (None, 28, 28, 21)    0           conv2d_transpose_2[0][0]         
                                                                   pool3_11[0][0]                   
                                                                   conv2d_transpose_1[0][0]         
____________________________________________________________________________________________________
conv2d_transpose_3 (Conv2DTransp (None, 224, 224, 21)  28224       add[0][0]                        
____________________________________________________________________________________________________
activation_1 (Activation)        (None, 224, 224, 21)  0           conv2d_transpose_3[0][0]         
====================================================================================================
Total params: 135,682,958
Trainable params: 135,682,958
Non-trainable params: 0
____________________________________________________________________________________________________
10582
____________________________________________________________________________________________________
Layer (type)                     Output Shape          Param #     Connected to                     
====================================================================================================
input_1 (InputLayer)             (None, 224, 224, 3)   0                                            
____________________________________________________________________________________________________
block1_conv1 (Conv2D)            (None, 224, 224, 64)  1792        input_1[0][0]                    
____________________________________________________________________________________________________
block1_conv2 (Conv2D)            (None, 224, 224, 64)  36928       block1_conv1[0][0]               
____________________________________________________________________________________________________
block1_pool (MaxPooling2D)       (None, 112, 112, 64)  0           block1_conv2[0][0]               
____________________________________________________________________________________________________
block2_conv1 (Conv2D)            (None, 112, 112, 128) 73856       block1_pool[0][0]                
____________________________________________________________________________________________________
block2_conv2 (Conv2D)            (None, 112, 112, 128) 147584      block2_conv1[0][0]               
____________________________________________________________________________________________________
block2_pool (MaxPooling2D)       (None, 56, 56, 128)   0           block2_conv2[0][0]               
____________________________________________________________________________________________________
block3_conv1 (Conv2D)            (None, 56, 56, 256)   295168      block2_pool[0][0]                
____________________________________________________________________________________________________
block3_conv2 (Conv2D)            (None, 56, 56, 256)   590080      block3_conv1[0][0]               
____________________________________________________________________________________________________
block3_conv3 (Conv2D)            (None, 56, 56, 256)   590080      block3_conv2[0][0]               
____________________________________________________________________________________________________
block3_pool (MaxPooling2D)       (None, 28, 28, 256)   0           block3_conv3[0][0]               
____________________________________________________________________________________________________
block4_conv1 (Conv2D)            (None, 28, 28, 512)   1180160     block3_pool[0][0]                
____________________________________________________________________________________________________
block4_conv2 (Conv2D)            (None, 28, 28, 512)   2359808     block4_conv1[0][0]               
____________________________________________________________________________________________________
block4_conv3 (Conv2D)            (None, 28, 28, 512)   2359808     block4_conv2[0][0]               
____________________________________________________________________________________________________
block4_pool (MaxPooling2D)       (None, 14, 14, 512)   0           block4_conv3[0][0]               
____________________________________________________________________________________________________
block5_conv1 (Conv2D)            (None, 14, 14, 512)   2359808     block4_pool[0][0]                
____________________________________________________________________________________________________
block5_conv2 (Conv2D)            (None, 14, 14, 512)   2359808     block5_conv1[0][0]               
____________________________________________________________________________________________________
block5_conv3 (Conv2D)            (None, 14, 14, 512)   2359808     block5_conv2[0][0]               
____________________________________________________________________________________________________
block5_pool (MaxPooling2D)       (None, 7, 7, 512)     0           block5_conv3[0][0]               
____________________________________________________________________________________________________
conv6 (Conv2D)                   (None, 7, 7, 4096)    102764544   block5_pool[0][0]                
____________________________________________________________________________________________________
pool4_11 (Conv2D)                (None, 14, 14, 21)    10773       block4_pool[0][0]                
____________________________________________________________________________________________________
conv7 (Conv2D)                   (None, 7, 7, 4096)    16781312    conv6[0][0]                      
____________________________________________________________________________________________________
conv2d_transpose_2 (Conv2DTransp (None, 28, 28, 21)    1764        pool4_11[0][0]                   
____________________________________________________________________________________________________
pool3_11 (Conv2D)                (None, 28, 28, 21)    5397        block3_pool[0][0]                
____________________________________________________________________________________________________
conv2d_transpose_1 (Conv2DTransp (None, 28, 28, 21)    1376256     conv7[0][0]                      
____________________________________________________________________________________________________
add (Add)                        (None, 28, 28, 21)    0           conv2d_transpose_2[0][0]         
                                                                   pool3_11[0][0]                   
                                                                   conv2d_transpose_1[0][0]         
____________________________________________________________________________________________________
conv2d_transpose_3 (Conv2DTransp (None, 224, 224, 21)  28224       add[0][0]                        
____________________________________________________________________________________________________
activation_1 (Activation)        (None, 224, 224, 21)  0           conv2d_transpose_3[0][0]         
====================================================================================================
Total params: 135,682,958
Trainable params: 135,682,958
Non-trainable params: 0
____________________________________________________________________________________________________
10582
10582 10582
1449
(1449, 224, 224, 3) (1449, 224, 224, 21)
Epoch 1/100
