Train on 367 samples, validate on 101 samples
Epoch 1/150
 - 63s - loss: 4.9244 - acc: 0.1957 - val_loss: 3.2310 - val_acc: 0.3192

Epoch 00001: val_acc improved from -inf to 0.31918, saving model to stanford_fcn8_512_weights.best.hdf5
Epoch 2/150
 - 49s - loss: 2.1943 - acc: 0.4986 - val_loss: 1.6897 - val_acc: 0.5371

Epoch 00002: val_acc improved from 0.31918 to 0.53712, saving model to stanford_fcn8_512_weights.best.hdf5
Epoch 3/150
 - 49s - loss: 1.3086 - acc: 0.6556 - val_loss: 1.3110 - val_acc: 0.5800

Epoch 00003: val_acc improved from 0.53712 to 0.58005, saving model to stanford_fcn8_512_weights.best.hdf5
Epoch 4/150
 - 49s - loss: 1.0623 - acc: 0.6937 - val_loss: 1.1287 - val_acc: 0.6632

Epoch 00004: val_acc improved from 0.58005 to 0.66319, saving model to stanford_fcn8_512_weights.best.hdf5
Epoch 5/150
 - 49s - loss: 0.9301 - acc: 0.7404 - val_loss: 0.9413 - val_acc: 0.7512

Epoch 00005: val_acc improved from 0.66319 to 0.75117, saving model to stanford_fcn8_512_weights.best.hdf5
Epoch 6/150
 - 49s - loss: 0.8387 - acc: 0.7862 - val_loss: 0.8479 - val_acc: 0.7865

Epoch 00006: val_acc improved from 0.75117 to 0.78650, saving model to stanford_fcn8_512_weights.best.hdf5
Epoch 7/150
 - 49s - loss: 0.7698 - acc: 0.8071 - val_loss: 0.7492 - val_acc: 0.8255

Epoch 00007: val_acc improved from 0.78650 to 0.82552, saving model to stanford_fcn8_512_weights.best.hdf5
Epoch 8/150
 - 49s - loss: 0.6921 - acc: 0.8281 - val_loss: 0.6952 - val_acc: 0.8376

Epoch 00008: val_acc improved from 0.82552 to 0.83763, saving model to stanford_fcn8_512_weights.best.hdf5
Epoch 9/150
 - 49s - loss: 0.6519 - acc: 0.8387 - val_loss: 0.6724 - val_acc: 0.8379

Epoch 00009: val_acc improved from 0.83763 to 0.83786, saving model to stanford_fcn8_512_weights.best.hdf5
Epoch 10/150
 - 49s - loss: 0.6078 - acc: 0.8497 - val_loss: 0.6528 - val_acc: 0.8353

Epoch 00010: val_acc did not improve from 0.83786
Epoch 11/150
 - 49s - loss: 0.5829 - acc: 0.8559 - val_loss: 0.5954 - val_acc: 0.8483

Epoch 00011: val_acc improved from 0.83786 to 0.84830, saving model to stanford_fcn8_512_weights.best.hdf5
Epoch 12/150
 - 49s - loss: 0.5667 - acc: 0.8602 - val_loss: 0.6702 - val_acc: 0.8373

Epoch 00012: val_acc did not improve from 0.84830
Epoch 13/150
 - 49s - loss: 0.5584 - acc: 0.8621 - val_loss: 0.5760 - val_acc: 0.8578

Epoch 00013: val_acc improved from 0.84830 to 0.85779, saving model to stanford_fcn8_512_weights.best.hdf5
Epoch 14/150
 - 49s - loss: 0.5836 - acc: 0.8545 - val_loss: 0.5883 - val_acc: 0.8535

Epoch 00014: val_acc did not improve from 0.85779
Epoch 15/150
 - 49s - loss: 0.5349 - acc: 0.8690 - val_loss: 0.5801 - val_acc: 0.8555

Epoch 00015: val_acc did not improve from 0.85779
Epoch 16/150
 - 49s - loss: 0.4970 - acc: 0.8773 - val_loss: 0.5171 - val_acc: 0.8714

Epoch 00016: val_acc improved from 0.85779 to 0.87143, saving model to stanford_fcn8_512_weights.best.hdf5
Epoch 17/150
 - 49s - loss: 0.4760 - acc: 0.8819 - val_loss: 0.5202 - val_acc: 0.8695

Epoch 00017: val_acc did not improve from 0.87143
Epoch 18/150
 - 49s - loss: 0.4633 - acc: 0.8850 - val_loss: 0.5201 - val_acc: 0.8720

Epoch 00018: val_acc improved from 0.87143 to 0.87200, saving model to stanford_fcn8_512_weights.best.hdf5
Epoch 19/150
 - 49s - loss: 0.4511 - acc: 0.8876 - val_loss: 0.5020 - val_acc: 0.8719

Epoch 00019: val_acc did not improve from 0.87200
Epoch 20/150
 - 49s - loss: 0.4315 - acc: 0.8928 - val_loss: 0.4735 - val_acc: 0.8790

Epoch 00020: val_acc improved from 0.87200 to 0.87895, saving model to stanford_fcn8_512_weights.best.hdf5
Epoch 21/150
 - 49s - loss: 0.4241 - acc: 0.8947 - val_loss: 0.4655 - val_acc: 0.8805

Epoch 00021: val_acc improved from 0.87895 to 0.88045, saving model to stanford_fcn8_512_weights.best.hdf5
Epoch 22/150
 - 49s - loss: 0.4093 - acc: 0.8986 - val_loss: 0.4651 - val_acc: 0.8797

Epoch 00022: val_acc did not improve from 0.88045
Epoch 23/150
 - 49s - loss: 0.4070 - acc: 0.8992 - val_loss: 0.4993 - val_acc: 0.8730

Epoch 00023: val_acc did not improve from 0.88045
Epoch 24/150
 - 49s - loss: 0.3993 - acc: 0.9014 - val_loss: 0.4731 - val_acc: 0.8849

Epoch 00024: val_acc improved from 0.88045 to 0.88486, saving model to stanford_fcn8_512_weights.best.hdf5
Epoch 25/150
 - 49s - loss: 0.4094 - acc: 0.8982 - val_loss: 0.4823 - val_acc: 0.8777

Epoch 00025: val_acc did not improve from 0.88486
Epoch 26/150
 - 49s - loss: 0.3807 - acc: 0.9069 - val_loss: 0.4331 - val_acc: 0.8929

Epoch 00026: val_acc improved from 0.88486 to 0.89292, saving model to stanford_fcn8_512_weights.best.hdf5
Epoch 27/150
 - 49s - loss: 0.3624 - acc: 0.9109 - val_loss: 0.4564 - val_acc: 0.8815

Epoch 00027: val_acc did not improve from 0.89292
Epoch 28/150
 - 49s - loss: 0.3575 - acc: 0.9118 - val_loss: 0.4596 - val_acc: 0.8848

Epoch 00028: val_acc did not improve from 0.89292
Epoch 29/150
 - 49s - loss: 0.3694 - acc: 0.9081 - val_loss: 0.4556 - val_acc: 0.8861

Epoch 00029: val_acc did not improve from 0.89292
Epoch 30/150
 - 49s - loss: 0.3574 - acc: 0.9121 - val_loss: 0.4789 - val_acc: 0.8841

Epoch 00030: val_acc did not improve from 0.89292
Epoch 31/150
 - 49s - loss: 0.3427 - acc: 0.9161 - val_loss: 0.4370 - val_acc: 0.8921

Epoch 00031: val_acc did not improve from 0.89292
Epoch 32/150
 - 49s - loss: 0.3365 - acc: 0.9175 - val_loss: 0.4371 - val_acc: 0.8938

Epoch 00032: val_acc improved from 0.89292 to 0.89384, saving model to stanford_fcn8_512_weights.best.hdf5
Epoch 33/150
 - 49s - loss: 0.3347 - acc: 0.9176 - val_loss: 0.4279 - val_acc: 0.8964

Epoch 00033: val_acc improved from 0.89384 to 0.89639, saving model to stanford_fcn8_512_weights.best.hdf5
Epoch 34/150
 - 49s - loss: 0.3283 - acc: 0.9195 - val_loss: 0.4765 - val_acc: 0.8782

Epoch 00034: val_acc did not improve from 0.89639
Epoch 35/150
 - 49s - loss: 0.3222 - acc: 0.9212 - val_loss: 0.4548 - val_acc: 0.8863

Epoch 00035: val_acc did not improve from 0.89639
Epoch 36/150
 - 49s - loss: 0.3158 - acc: 0.9225 - val_loss: 0.4588 - val_acc: 0.8881

Epoch 00036: val_acc did not improve from 0.89639
Epoch 37/150
 - 49s - loss: 0.3160 - acc: 0.9221 - val_loss: 0.4325 - val_acc: 0.8955

Epoch 00037: val_acc did not improve from 0.89639
Epoch 38/150
 - 49s - loss: 0.3130 - acc: 0.9232 - val_loss: 0.4544 - val_acc: 0.8887

Epoch 00038: val_acc did not improve from 0.89639
Epoch 39/150
 - 49s - loss: 0.3156 - acc: 0.9225 - val_loss: 0.4337 - val_acc: 0.8942

Epoch 00039: val_acc did not improve from 0.89639
Epoch 40/150
 - 49s - loss: 0.3132 - acc: 0.9233 - val_loss: 0.4587 - val_acc: 0.8889

Epoch 00040: val_acc did not improve from 0.89639
Epoch 41/150
 - 49s - loss: 0.3024 - acc: 0.9265 - val_loss: 0.4595 - val_acc: 0.8934

Epoch 00041: val_acc did not improve from 0.89639
Epoch 42/150
 - 49s - loss: 0.2907 - acc: 0.9293 - val_loss: 0.4457 - val_acc: 0.8943

Epoch 00042: val_acc did not improve from 0.89639
Epoch 43/150
 - 49s - loss: 0.2859 - acc: 0.9301 - val_loss: 0.4351 - val_acc: 0.8951

Epoch 00043: val_acc did not improve from 0.89639
Epoch 44/150
 - 49s - loss: 0.2729 - acc: 0.9334 - val_loss: 0.4509 - val_acc: 0.8949

Epoch 00044: val_acc did not improve from 0.89639
Epoch 45/150
 - 49s - loss: 0.2633 - acc: 0.9361 - val_loss: 0.4478 - val_acc: 0.8946

Epoch 00045: val_acc did not improve from 0.89639
Epoch 46/150
 - 49s - loss: 0.2592 - acc: 0.9371 - val_loss: 0.4560 - val_acc: 0.8945

Epoch 00046: val_acc did not improve from 0.89639
Epoch 47/150
 - 49s - loss: 0.2560 - acc: 0.9378 - val_loss: 0.4568 - val_acc: 0.8935

Epoch 00047: val_acc did not improve from 0.89639
Epoch 48/150
 - 49s - loss: 0.2533 - acc: 0.9384 - val_loss: 0.4650 - val_acc: 0.8936

Epoch 00048: val_acc did not improve from 0.89639
Epoch 49/150
 - 49s - loss: 0.2510 - acc: 0.9389 - val_loss: 0.4768 - val_acc: 0.8928

Epoch 00049: val_acc did not improve from 0.89639
Epoch 50/150
 - 49s - loss: 0.2486 - acc: 0.9395 - val_loss: 0.4829 - val_acc: 0.8915

Epoch 00050: val_acc did not improve from 0.89639
Epoch 51/150
 - 49s - loss: 0.2464 - acc: 0.9399 - val_loss: 0.4763 - val_acc: 0.8921

Epoch 00051: val_acc did not improve from 0.89639
Epoch 52/150
 - 49s - loss: 0.2445 - acc: 0.9404 - val_loss: 0.4890 - val_acc: 0.8916

Epoch 00052: val_acc did not improve from 0.89639
Epoch 53/150
 - 49s - loss: 0.2429 - acc: 0.9406 - val_loss: 0.4843 - val_acc: 0.8929

Epoch 00053: val_acc did not improve from 0.89639
Epoch 54/150
 - 49s - loss: 0.2390 - acc: 0.9418 - val_loss: 0.4960 - val_acc: 0.8913

Epoch 00054: val_acc did not improve from 0.89639
Epoch 55/150
 - 49s - loss: 0.2372 - acc: 0.9424 - val_loss: 0.5038 - val_acc: 0.8908

Epoch 00055: val_acc did not improve from 0.89639
Epoch 56/150
 - 49s - loss: 0.2363 - acc: 0.9426 - val_loss: 0.5079 - val_acc: 0.8904

Epoch 00056: val_acc did not improve from 0.89639
Epoch 57/150
 - 49s - loss: 0.2355 - acc: 0.9428 - val_loss: 0.5133 - val_acc: 0.8898

Epoch 00057: val_acc did not improve from 0.89639
Epoch 58/150
 - 49s - loss: 0.2349 - acc: 0.9430 - val_loss: 0.5131 - val_acc: 0.8901

Epoch 00058: val_acc did not improve from 0.89639
Epoch 59/150
 - 49s - loss: 0.2342 - acc: 0.9431 - val_loss: 0.5165 - val_acc: 0.8897

Epoch 00059: val_acc did not improve from 0.89639
Epoch 60/150
 - 49s - loss: 0.2335 - acc: 0.9433 - val_loss: 0.5196 - val_acc: 0.8898

Epoch 00060: val_acc did not improve from 0.89639
Epoch 61/150
 - 49s - loss: 0.2328 - acc: 0.9435 - val_loss: 0.5214 - val_acc: 0.8895

Epoch 00061: val_acc did not improve from 0.89639
Epoch 62/150
 - 49s - loss: 0.2322 - acc: 0.9436 - val_loss: 0.5268 - val_acc: 0.8894

Epoch 00062: val_acc did not improve from 0.89639
Epoch 63/150
 - 49s - loss: 0.2314 - acc: 0.9438 - val_loss: 0.5296 - val_acc: 0.8886

Epoch 00063: val_acc did not improve from 0.89639
Epoch 64/150
 - 49s - loss: 0.2303 - acc: 0.9441 - val_loss: 0.5329 - val_acc: 0.8887

Epoch 00064: val_acc did not improve from 0.89639
Epoch 65/150
 - 49s - loss: 0.2301 - acc: 0.9442 - val_loss: 0.5326 - val_acc: 0.8887

Epoch 00065: val_acc did not improve from 0.89639
Epoch 66/150
 - 49s - loss: 0.2299 - acc: 0.9442 - val_loss: 0.5340 - val_acc: 0.8887

Epoch 00066: val_acc did not improve from 0.89639
Epoch 67/150
 - 49s - loss: 0.2297 - acc: 0.9443 - val_loss: 0.5355 - val_acc: 0.8885

Epoch 00067: val_acc did not improve from 0.89639
Epoch 68/150
 - 49s - loss: 0.2295 - acc: 0.9443 - val_loss: 0.5360 - val_acc: 0.8886

Epoch 00068: val_acc did not improve from 0.89639
Epoch 69/150
 - 49s - loss: 0.2294 - acc: 0.9443 - val_loss: 0.5370 - val_acc: 0.8884

Epoch 00069: val_acc did not improve from 0.89639
Epoch 70/150
 - 49s - loss: 0.2292 - acc: 0.9444 - val_loss: 0.5372 - val_acc: 0.8884

Epoch 00070: val_acc did not improve from 0.89639
Epoch 71/150
 - 49s - loss: 0.2290 - acc: 0.9444 - val_loss: 0.5392 - val_acc: 0.8883

Epoch 00071: val_acc did not improve from 0.89639
Epoch 72/150
 - 49s - loss: 0.2288 - acc: 0.9445 - val_loss: 0.5387 - val_acc: 0.8884

Epoch 00072: val_acc did not improve from 0.89639
Epoch 73/150
 - 49s - loss: 0.2287 - acc: 0.9445 - val_loss: 0.5409 - val_acc: 0.8881

Epoch 00073: val_acc did not improve from 0.89639
Epoch 74/150
 - 49s - loss: 0.2284 - acc: 0.9446 - val_loss: 0.5405 - val_acc: 0.8883

Epoch 00074: val_acc did not improve from 0.89639
Epoch 75/150
 - 49s - loss: 0.2284 - acc: 0.9446 - val_loss: 0.5410 - val_acc: 0.8882

Epoch 00075: val_acc did not improve from 0.89639
Epoch 76/150
 - 49s - loss: 0.2283 - acc: 0.9446 - val_loss: 0.5413 - val_acc: 0.8882

Epoch 00076: val_acc did not improve from 0.89639
Epoch 77/150
 - 49s - loss: 0.2283 - acc: 0.9446 - val_loss: 0.5411 - val_acc: 0.8882

Epoch 00077: val_acc did not improve from 0.89639
Epoch 78/150
 - 49s - loss: 0.2282 - acc: 0.9446 - val_loss: 0.5416 - val_acc: 0.8882

Epoch 00078: val_acc did not improve from 0.89639
Epoch 79/150
 - 49s - loss: 0.2282 - acc: 0.9446 - val_loss: 0.5418 - val_acc: 0.8882

Epoch 00079: val_acc did not improve from 0.89639
Epoch 80/150
 - 49s - loss: 0.2282 - acc: 0.9446 - val_loss: 0.5419 - val_acc: 0.8882

Epoch 00080: val_acc did not improve from 0.89639
Epoch 81/150
 - 49s - loss: 0.2281 - acc: 0.9446 - val_loss: 0.5421 - val_acc: 0.8882

Epoch 00081: val_acc did not improve from 0.89639
Epoch 82/150
 - 49s - loss: 0.2281 - acc: 0.9447 - val_loss: 0.5425 - val_acc: 0.8881

Epoch 00082: val_acc did not improve from 0.89639
Epoch 83/150
 - 49s - loss: 0.2280 - acc: 0.9447 - val_loss: 0.5429 - val_acc: 0.8881

Epoch 00083: val_acc did not improve from 0.89639
Epoch 84/150
 - 49s - loss: 0.2280 - acc: 0.9447 - val_loss: 0.5428 - val_acc: 0.8881

Epoch 00084: val_acc did not improve from 0.89639
Epoch 85/150
 - 49s - loss: 0.2280 - acc: 0.9447 - val_loss: 0.5428 - val_acc: 0.8881

Epoch 00085: val_acc did not improve from 0.89639
Epoch 86/150
 - 49s - loss: 0.2280 - acc: 0.9447 - val_loss: 0.5428 - val_acc: 0.8881

Epoch 00086: val_acc did not improve from 0.89639
Epoch 87/150
 - 49s - loss: 0.2280 - acc: 0.9447 - val_loss: 0.5429 - val_acc: 0.8881

Epoch 00087: val_acc did not improve from 0.89639
Epoch 88/150
 - 49s - loss: 0.2280 - acc: 0.9447 - val_loss: 0.5430 - val_acc: 0.8881

Epoch 00088: val_acc did not improve from 0.89639
Epoch 89/150
 - 49s - loss: 0.2280 - acc: 0.9447 - val_loss: 0.5430 - val_acc: 0.8881

Epoch 00089: val_acc did not improve from 0.89639
Epoch 90/150
 - 49s - loss: 0.2279 - acc: 0.9447 - val_loss: 0.5430 - val_acc: 0.8881

Epoch 00090: val_acc did not improve from 0.89639
Epoch 91/150
 - 49s - loss: 0.2279 - acc: 0.9447 - val_loss: 0.5431 - val_acc: 0.8881

Epoch 00091: val_acc did not improve from 0.89639
Epoch 92/150
 - 49s - loss: 0.2279 - acc: 0.9447 - val_loss: 0.5431 - val_acc: 0.8881

Epoch 00092: val_acc did not improve from 0.89639
Epoch 93/150
 - 49s - loss: 0.2279 - acc: 0.9447 - val_loss: 0.5433 - val_acc: 0.8881

Epoch 00093: val_acc did not improve from 0.89639
Epoch 94/150
 - 49s - loss: 0.2279 - acc: 0.9447 - val_loss: 0.5432 - val_acc: 0.8881

Epoch 00094: val_acc did not improve from 0.89639
Epoch 95/150
 - 49s - loss: 0.2279 - acc: 0.9447 - val_loss: 0.5432 - val_acc: 0.8881

Epoch 00095: val_acc did not improve from 0.89639
Epoch 96/150
 - 49s - loss: 0.2279 - acc: 0.9447 - val_loss: 0.5433 - val_acc: 0.8881

Epoch 00096: val_acc did not improve from 0.89639
Epoch 97/150
 - 49s - loss: 0.2279 - acc: 0.9447 - val_loss: 0.5432 - val_acc: 0.8881

Epoch 00097: val_acc did not improve from 0.89639
Epoch 98/150
 - 49s - loss: 0.2279 - acc: 0.9447 - val_loss: 0.5433 - val_acc: 0.8881

Epoch 00098: val_acc did not improve from 0.89639
Epoch 99/150
 - 49s - loss: 0.2279 - acc: 0.9447 - val_loss: 0.5433 - val_acc: 0.8881

Epoch 00099: val_acc did not improve from 0.89639
Epoch 100/150
 - 49s - loss: 0.2279 - acc: 0.9447 - val_loss: 0.5433 - val_acc: 0.8881

Epoch 00100: val_acc did not improve from 0.89639
Epoch 101/150
 - 49s - loss: 0.2279 - acc: 0.9447 - val_loss: 0.5433 - val_acc: 0.8881

Epoch 00101: val_acc did not improve from 0.89639
Epoch 102/150
 - 49s - loss: 0.2279 - acc: 0.9447 - val_loss: 0.5433 - val_acc: 0.8881

Epoch 00102: val_acc did not improve from 0.89639
Epoch 103/150
 - 49s - loss: 0.2279 - acc: 0.9447 - val_loss: 0.5433 - val_acc: 0.8881

Epoch 00103: val_acc did not improve from 0.89639
Epoch 104/150
 - 49s - loss: 0.2279 - acc: 0.9447 - val_loss: 0.5433 - val_acc: 0.8881

Epoch 00104: val_acc did not improve from 0.89639
Epoch 105/150
 - 49s - loss: 0.2279 - acc: 0.9447 - val_loss: 0.5433 - val_acc: 0.8881

Epoch 00105: val_acc did not improve from 0.89639
Epoch 106/150
 - 49s - loss: 0.2279 - acc: 0.9447 - val_loss: 0.5433 - val_acc: 0.8881

Epoch 00106: val_acc did not improve from 0.89639
Epoch 107/150
 - 49s - loss: 0.2279 - acc: 0.9447 - val_loss: 0.5433 - val_acc: 0.8881

Epoch 00107: val_acc did not improve from 0.89639
Epoch 108/150
 - 49s - loss: 0.2279 - acc: 0.9447 - val_loss: 0.5433 - val_acc: 0.8881

Epoch 00108: val_acc did not improve from 0.89639
Epoch 109/150
 - 49s - loss: 0.2279 - acc: 0.9447 - val_loss: 0.5433 - val_acc: 0.8881

Epoch 00109: val_acc did not improve from 0.89639
Epoch 110/150
 - 49s - loss: 0.2279 - acc: 0.9447 - val_loss: 0.5433 - val_acc: 0.8881

Epoch 00110: val_acc did not improve from 0.89639
Epoch 111/150
 - 49s - loss: 0.2279 - acc: 0.9447 - val_loss: 0.5433 - val_acc: 0.8881

Epoch 00111: val_acc did not improve from 0.89639
Epoch 112/150
 - 49s - loss: 0.2279 - acc: 0.9447 - val_loss: 0.5433 - val_acc: 0.8881

Epoch 00112: val_acc did not improve from 0.89639
Epoch 113/150
 - 49s - loss: 0.2279 - acc: 0.9447 - val_loss: 0.5433 - val_acc: 0.8881

Epoch 00113: val_acc did not improve from 0.89639
Epoch 114/150
 - 49s - loss: 0.2279 - acc: 0.9447 - val_loss: 0.5433 - val_acc: 0.8881

Epoch 00114: val_acc did not improve from 0.89639
Epoch 115/150
 - 49s - loss: 0.2279 - acc: 0.9447 - val_loss: 0.5433 - val_acc: 0.8881

Epoch 00115: val_acc did not improve from 0.89639
Epoch 116/150
 - 49s - loss: 0.2279 - acc: 0.9447 - val_loss: 0.5433 - val_acc: 0.8881

Epoch 00116: val_acc did not improve from 0.89639
Epoch 117/150
 - 49s - loss: 0.2279 - acc: 0.9447 - val_loss: 0.5433 - val_acc: 0.8881

Epoch 00117: val_acc did not improve from 0.89639
Epoch 118/150
 - 49s - loss: 0.2279 - acc: 0.9447 - val_loss: 0.5433 - val_acc: 0.8881

Epoch 00118: val_acc did not improve from 0.89639
Epoch 119/150
 - 49s - loss: 0.2279 - acc: 0.9447 - val_loss: 0.5433 - val_acc: 0.8881

Epoch 00119: val_acc did not improve from 0.89639
Epoch 120/150
 - 49s - loss: 0.2279 - acc: 0.9447 - val_loss: 0.5433 - val_acc: 0.8881

Epoch 00120: val_acc did not improve from 0.89639
Epoch 121/150
 - 49s - loss: 0.2279 - acc: 0.9447 - val_loss: 0.5433 - val_acc: 0.8881

Epoch 00121: val_acc did not improve from 0.89639
Epoch 122/150
 - 49s - loss: 0.2279 - acc: 0.9447 - val_loss: 0.5433 - val_acc: 0.8881

Epoch 00122: val_acc did not improve from 0.89639
Epoch 123/150
 - 49s - loss: 0.2279 - acc: 0.9447 - val_loss: 0.5433 - val_acc: 0.8881

Epoch 00123: val_acc did not improve from 0.89639
Epoch 124/150
 - 49s - loss: 0.2279 - acc: 0.9447 - val_loss: 0.5433 - val_acc: 0.8881

Epoch 00124: val_acc did not improve from 0.89639
Epoch 125/150
 - 49s - loss: 0.2279 - acc: 0.9447 - val_loss: 0.5433 - val_acc: 0.8881

Epoch 00125: val_acc did not improve from 0.89639
Epoch 126/150
 - 49s - loss: 0.2279 - acc: 0.9447 - val_loss: 0.5433 - val_acc: 0.8881

Epoch 00126: val_acc did not improve from 0.89639
Epoch 127/150
 - 49s - loss: 0.2279 - acc: 0.9447 - val_loss: 0.5433 - val_acc: 0.8881

Epoch 00127: val_acc did not improve from 0.89639
Epoch 128/150
 - 49s - loss: 0.2279 - acc: 0.9447 - val_loss: 0.5433 - val_acc: 0.8881

Epoch 00128: val_acc did not improve from 0.89639
Epoch 129/150
 - 49s - loss: 0.2279 - acc: 0.9447 - val_loss: 0.5433 - val_acc: 0.8881

Epoch 00129: val_acc did not improve from 0.89639
Epoch 130/150
 - 49s - loss: 0.2279 - acc: 0.9447 - val_loss: 0.5433 - val_acc: 0.8881

Epoch 00130: val_acc did not improve from 0.89639
Epoch 131/150
 - 49s - loss: 0.2279 - acc: 0.9447 - val_loss: 0.5433 - val_acc: 0.8881

Epoch 00131: val_acc did not improve from 0.89639
Epoch 132/150
 - 49s - loss: 0.2279 - acc: 0.9447 - val_loss: 0.5433 - val_acc: 0.8881

Epoch 00132: val_acc did not improve from 0.89639
Epoch 133/150
 - 49s - loss: 0.2279 - acc: 0.9447 - val_loss: 0.5433 - val_acc: 0.8881

Epoch 00133: val_acc did not improve from 0.89639
Epoch 134/150
 - 49s - loss: 0.2279 - acc: 0.9447 - val_loss: 0.5433 - val_acc: 0.8881

Epoch 00134: val_acc did not improve from 0.89639
Epoch 135/150
 - 49s - loss: 0.2279 - acc: 0.9447 - val_loss: 0.5433 - val_acc: 0.8881

Epoch 00135: val_acc did not improve from 0.89639
Epoch 136/150
 - 49s - loss: 0.2279 - acc: 0.9447 - val_loss: 0.5433 - val_acc: 0.8881

Epoch 00136: val_acc did not improve from 0.89639
Epoch 137/150
 - 48s - loss: 0.2279 - acc: 0.9447 - val_loss: 0.5433 - val_acc: 0.8881

Epoch 00137: val_acc did not improve from 0.89639
Epoch 138/150
 - 49s - loss: 0.2279 - acc: 0.9447 - val_loss: 0.5433 - val_acc: 0.8881

Epoch 00138: val_acc did not improve from 0.89639
Epoch 139/150
 - 49s - loss: 0.2279 - acc: 0.9447 - val_loss: 0.5433 - val_acc: 0.8881

Epoch 00139: val_acc did not improve from 0.89639
Epoch 140/150
 - 49s - loss: 0.2279 - acc: 0.9447 - val_loss: 0.5433 - val_acc: 0.8881

Epoch 00140: val_acc did not improve from 0.89639
Epoch 141/150
 - 49s - loss: 0.2279 - acc: 0.9447 - val_loss: 0.5433 - val_acc: 0.8881

Epoch 00141: val_acc did not improve from 0.89639
Epoch 142/150
 - 49s - loss: 0.2279 - acc: 0.9447 - val_loss: 0.5433 - val_acc: 0.8881

Epoch 00142: val_acc did not improve from 0.89639
Epoch 143/150
 - 49s - loss: 0.2279 - acc: 0.9447 - val_loss: 0.5433 - val_acc: 0.8881

Epoch 00143: val_acc did not improve from 0.89639
Epoch 144/150
 - 49s - loss: 0.2279 - acc: 0.9447 - val_loss: 0.5433 - val_acc: 0.8881

Epoch 00144: val_acc did not improve from 0.89639
Epoch 145/150
 - 49s - loss: 0.2279 - acc: 0.9447 - val_loss: 0.5433 - val_acc: 0.8881

Epoch 00145: val_acc did not improve from 0.89639
Epoch 146/150
 - 49s - loss: 0.2279 - acc: 0.9447 - val_loss: 0.5433 - val_acc: 0.8881

Epoch 00146: val_acc did not improve from 0.89639
Epoch 147/150
 - 49s - loss: 0.2279 - acc: 0.9447 - val_loss: 0.5433 - val_acc: 0.8881

Epoch 00147: val_acc did not improve from 0.89639
Epoch 148/150
 - 49s - loss: 0.2279 - acc: 0.9447 - val_loss: 0.5433 - val_acc: 0.8881

Epoch 00148: val_acc did not improve from 0.89639
Epoch 149/150
 - 49s - loss: 0.2279 - acc: 0.9447 - val_loss: 0.5433 - val_acc: 0.8881

Epoch 00149: val_acc did not improve from 0.89639
Epoch 150/150
 - 49s - loss: 0.2279 - acc: 0.9447 - val_loss: 0.5433 - val_acc: 0.8881

Epoch 00150: val_acc did not improve from 0.89639
class 00: #TP=2330969, #FP=126008, #FN=51419, IoU=0.929
class 01: #TP=6056413, #FP=385490, #FN=755138, IoU=0.842
class 02: #TP=   462, #FP=  6224, #FN=189530, IoU=0.002
class 03: #TP=7480468, #FP=241537, #FN=227780, IoU=0.941
class 04: #TP=2157266, #FP=357558, #FN=187151, IoU=0.798
class 05: #TP=4136660, #FP=432905, #FN=177609, IoU=0.871
class 06: #TP= 59035, #FP= 12640, #FN=220340, IoU=0.202
class 07: #TP=619992, #FP=343258, #FN=199171, IoU=0.533
class 08: #TP=398202, #FP=193482, #FN=91253, IoU=0.583
class 09: #TP= 71720, #FP=165200, #FN=121803, IoU=0.200
class 10: #TP=243430, #FP= 51222, #FN=337436, IoU=0.385
class 11: #TP=178646, #FP=427757, #FN=184651, IoU=0.226
_________________
Mean IoU: 0.543
Train on 367 samples, validate on 101 samples
Epoch 1/150
 - 63s - loss: 0.3138 - acc: 0.9238 - val_loss: 0.4325 - val_acc: 0.8949

Epoch 00001: val_acc improved from -inf to 0.89492, saving model to stanford_fcn8_512_weights.best.hdf5
Epoch 2/150
 - 48s - loss: 0.3048 - acc: 0.9260 - val_loss: 0.4458 - val_acc: 0.8923

Epoch 00002: val_acc did not improve from 0.89492
Epoch 3/150
Train on 367 samples, validate on 101 samples
Epoch 1/150
 - 67s - loss: 0.4880 - acc: 0.8752 - val_loss: 0.4777 - val_acc: 0.8848

Epoch 00001: val_acc improved from -inf to 0.88484, saving model to stanford_fcn8_512_weights.best.hdf5
Epoch 2/150
 - 55s - loss: 0.3550 - acc: 0.9133 - val_loss: 0.4381 - val_acc: 0.8913

Epoch 00002: val_acc improved from 0.88484 to 0.89127, saving model to stanford_fcn8_512_weights.best.hdf5
Epoch 3/150
 - 55s - loss: 0.3294 - acc: 0.9194 - val_loss: 0.4546 - val_acc: 0.8855

Epoch 00003: val_acc did not improve from 0.89127
Epoch 4/150
 - 55s - loss: 0.3240 - acc: 0.9201 - val_loss: 0.4291 - val_acc: 0.8962

Epoch 00004: val_acc improved from 0.89127 to 0.89616, saving model to stanford_fcn8_512_weights.best.hdf5
Epoch 5/150
 - 55s - loss: 0.3246 - acc: 0.9197 - val_loss: 0.4696 - val_acc: 0.8844

Epoch 00005: val_acc did not improve from 0.89616
Epoch 6/150
 - 55s - loss: 0.3178 - acc: 0.9219 - val_loss: 0.4052 - val_acc: 0.8974

Epoch 00006: val_acc improved from 0.89616 to 0.89743, saving model to stanford_fcn8_512_weights.best.hdf5
Epoch 7/150
 - 55s - loss: 0.3091 - acc: 0.9240 - val_loss: 0.4255 - val_acc: 0.8921

Epoch 00007: val_acc did not improve from 0.89743
Epoch 8/150
 - 55s - loss: 0.3130 - acc: 0.9229 - val_loss: 0.4493 - val_acc: 0.8912

Epoch 00008: val_acc did not improve from 0.89743
Epoch 9/150
 - 55s - loss: 0.3029 - acc: 0.9256 - val_loss: 0.5018 - val_acc: 0.8845

Epoch 00009: val_acc did not improve from 0.89743
Epoch 10/150
 - 55s - loss: 0.3294 - acc: 0.9180 - val_loss: 0.4112 - val_acc: 0.8990

Epoch 00010: val_acc improved from 0.89743 to 0.89900, saving model to stanford_fcn8_512_weights.best.hdf5
Epoch 11/150
 - 55s - loss: 0.3305 - acc: 0.9187 - val_loss: 0.4539 - val_acc: 0.8852

Epoch 00011: val_acc did not improve from 0.89900
Epoch 12/150
 - 55s - loss: 0.3158 - acc: 0.9231 - val_loss: 0.4407 - val_acc: 0.8931

Epoch 00012: val_acc did not improve from 0.89900
Epoch 13/150
 - 55s - loss: 0.2887 - acc: 0.9297 - val_loss: 0.4126 - val_acc: 0.9005

Epoch 00013: val_acc improved from 0.89900 to 0.90052, saving model to stanford_fcn8_512_weights.best.hdf5
Epoch 14/150
 - 55s - loss: 0.2921 - acc: 0.9282 - val_loss: 0.4274 - val_acc: 0.8981

Epoch 00014: val_acc did not improve from 0.90052
Epoch 15/150
 - 55s - loss: 0.2909 - acc: 0.9285 - val_loss: 0.4371 - val_acc: 0.8979

Epoch 00015: val_acc did not improve from 0.90052
Epoch 16/150
 - 55s - loss: 0.2784 - acc: 0.9320 - val_loss: 0.4222 - val_acc: 0.8959

Epoch 00016: val_acc did not improve from 0.90052
Epoch 17/150
 - 55s - loss: 0.2599 - acc: 0.9370 - val_loss: 0.4286 - val_acc: 0.8982

Epoch 00017: val_acc did not improve from 0.90052
Epoch 18/150
 - 55s - loss: 0.2502 - acc: 0.9393 - val_loss: 0.4352 - val_acc: 0.8978

Epoch 00018: val_acc did not improve from 0.90052
Epoch 19/150
 - 55s - loss: 0.2454 - acc: 0.9404 - val_loss: 0.4293 - val_acc: 0.8989

Epoch 00019: val_acc did not improve from 0.90052
Epoch 20/150
 - 55s - loss: 0.2419 - acc: 0.9411 - val_loss: 0.4402 - val_acc: 0.8966

Epoch 00020: val_acc did not improve from 0.90052
Epoch 21/150
 - 55s - loss: 0.2390 - acc: 0.9418 - val_loss: 0.4512 - val_acc: 0.8955

Epoch 00021: val_acc did not improve from 0.90052
Epoch 22/150
 - 55s - loss: 0.2362 - acc: 0.9424 - val_loss: 0.4635 - val_acc: 0.8952

Epoch 00022: val_acc did not improve from 0.90052
Epoch 23/150
 - 55s - loss: 0.2338 - acc: 0.9428 - val_loss: 0.4623 - val_acc: 0.8949

Epoch 00023: val_acc did not improve from 0.90052
Epoch 24/150
 - 55s - loss: 0.2313 - acc: 0.9434 - val_loss: 0.4510 - val_acc: 0.8963

Epoch 00024: val_acc did not improve from 0.90052
Epoch 25/150
 - 55s - loss: 0.2294 - acc: 0.9438 - val_loss: 0.4651 - val_acc: 0.8945

Epoch 00025: val_acc did not improve from 0.90052
Epoch 26/150
 - 55s - loss: 0.2277 - acc: 0.9441 - val_loss: 0.4586 - val_acc: 0.8959

Epoch 00026: val_acc did not improve from 0.90052
Epoch 27/150
 - 55s - loss: 0.2227 - acc: 0.9456 - val_loss: 0.4731 - val_acc: 0.8944

Epoch 00027: val_acc did not improve from 0.90052
Epoch 28/150
 - 55s - loss: 0.2201 - acc: 0.9464 - val_loss: 0.4840 - val_acc: 0.8937

Epoch 00028: val_acc did not improve from 0.90052
Epoch 29/150
 - 55s - loss: 0.2187 - acc: 0.9468 - val_loss: 0.4888 - val_acc: 0.8931

Epoch 00029: val_acc did not improve from 0.90052
Epoch 30/150
 - 55s - loss: 0.2177 - acc: 0.9471 - val_loss: 0.4937 - val_acc: 0.8928

Epoch 00030: val_acc did not improve from 0.90052
Epoch 31/150
 - 55s - loss: 0.2167 - acc: 0.9473 - val_loss: 0.4977 - val_acc: 0.8926

Epoch 00031: val_acc did not improve from 0.90052
Epoch 32/150
 - 55s - loss: 0.2158 - acc: 0.9475 - val_loss: 0.5047 - val_acc: 0.8921

Epoch 00032: val_acc did not improve from 0.90052
Epoch 33/150
 - 55s - loss: 0.2149 - acc: 0.9477 - val_loss: 0.5089 - val_acc: 0.8916

Epoch 00033: val_acc did not improve from 0.90052
Epoch 34/150
 - 55s - loss: 0.2139 - acc: 0.9480 - val_loss: 0.5139 - val_acc: 0.8915

Epoch 00034: val_acc did not improve from 0.90052
Epoch 35/150
 - 55s - loss: 0.2129 - acc: 0.9482 - val_loss: 0.5184 - val_acc: 0.8911

Epoch 00035: val_acc did not improve from 0.90052
Epoch 36/150
 - 55s - loss: 0.2119 - acc: 0.9485 - val_loss: 0.5252 - val_acc: 0.8908

Epoch 00036: val_acc did not improve from 0.90052
Epoch 37/150
 - 55s - loss: 0.2103 - acc: 0.9489 - val_loss: 0.5264 - val_acc: 0.8907

Epoch 00037: val_acc did not improve from 0.90052
Epoch 38/150
 - 55s - loss: 0.2098 - acc: 0.9491 - val_loss: 0.5295 - val_acc: 0.8905

Epoch 00038: val_acc did not improve from 0.90052
Epoch 39/150
 - 55s - loss: 0.2096 - acc: 0.9492 - val_loss: 0.5299 - val_acc: 0.8904

Epoch 00039: val_acc did not improve from 0.90052
Epoch 40/150
 - 55s - loss: 0.2093 - acc: 0.9492 - val_loss: 0.5324 - val_acc: 0.8902

Epoch 00040: val_acc did not improve from 0.90052
Epoch 41/150
 - 55s - loss: 0.2090 - acc: 0.9493 - val_loss: 0.5326 - val_acc: 0.8902

Epoch 00041: val_acc did not improve from 0.90052
Epoch 42/150
 - 55s - loss: 0.2087 - acc: 0.9494 - val_loss: 0.5337 - val_acc: 0.8902

Epoch 00042: val_acc did not improve from 0.90052
Epoch 43/150
 - 55s - loss: 0.2085 - acc: 0.9494 - val_loss: 0.5357 - val_acc: 0.8900

Epoch 00043: val_acc did not improve from 0.90052
Epoch 44/150
 - 55s - loss: 0.2082 - acc: 0.9495 - val_loss: 0.5360 - val_acc: 0.8900

Epoch 00044: val_acc did not improve from 0.90052
Epoch 45/150
 - 55s - loss: 0.2079 - acc: 0.9496 - val_loss: 0.5391 - val_acc: 0.8899

Epoch 00045: val_acc did not improve from 0.90052
Epoch 46/150
 - 55s - loss: 0.2076 - acc: 0.9496 - val_loss: 0.5401 - val_acc: 0.8899

Epoch 00046: val_acc did not improve from 0.90052
Epoch 47/150
 - 55s - loss: 0.2072 - acc: 0.9498 - val_loss: 0.5413 - val_acc: 0.8898

Epoch 00047: val_acc did not improve from 0.90052
Epoch 48/150
 - 55s - loss: 0.2071 - acc: 0.9498 - val_loss: 0.5426 - val_acc: 0.8898

Epoch 00048: val_acc did not improve from 0.90052
Epoch 49/150
 - 55s - loss: 0.2070 - acc: 0.9498 - val_loss: 0.5430 - val_acc: 0.8897

Epoch 00049: val_acc did not improve from 0.90052
Epoch 50/150
 - 55s - loss: 0.2070 - acc: 0.9498 - val_loss: 0.5434 - val_acc: 0.8897

Epoch 00050: val_acc did not improve from 0.90052
Epoch 51/150
 - 56s - loss: 0.2069 - acc: 0.9498 - val_loss: 0.5443 - val_acc: 0.8896

Epoch 00051: val_acc did not improve from 0.90052
Epoch 52/150
 - 55s - loss: 0.2069 - acc: 0.9498 - val_loss: 0.5445 - val_acc: 0.8896

Epoch 00052: val_acc did not improve from 0.90052
Epoch 53/150
 - 55s - loss: 0.2068 - acc: 0.9499 - val_loss: 0.5449 - val_acc: 0.8896

Epoch 00053: val_acc did not improve from 0.90052
Epoch 54/150
 - 56s - loss: 0.2067 - acc: 0.9499 - val_loss: 0.5457 - val_acc: 0.8895

Epoch 00054: val_acc did not improve from 0.90052
Epoch 55/150
 - 56s - loss: 0.2067 - acc: 0.9499 - val_loss: 0.5457 - val_acc: 0.8895

Epoch 00055: val_acc did not improve from 0.90052
Epoch 56/150
 - 55s - loss: 0.2066 - acc: 0.9499 - val_loss: 0.5463 - val_acc: 0.8895

Epoch 00056: val_acc did not improve from 0.90052
Epoch 57/150
 - 55s - loss: 0.2065 - acc: 0.9499 - val_loss: 0.5464 - val_acc: 0.8895

Epoch 00057: val_acc did not improve from 0.90052
Epoch 58/150
 - 55s - loss: 0.2065 - acc: 0.9499 - val_loss: 0.5466 - val_acc: 0.8895

Epoch 00058: val_acc did not improve from 0.90052
Epoch 59/150
 - 55s - loss: 0.2065 - acc: 0.9499 - val_loss: 0.5466 - val_acc: 0.8895

Epoch 00059: val_acc did not improve from 0.90052
Epoch 60/150
 - 55s - loss: 0.2064 - acc: 0.9500 - val_loss: 0.5467 - val_acc: 0.8895

Epoch 00060: val_acc did not improve from 0.90052
Epoch 61/150
 - 55s - loss: 0.2064 - acc: 0.9500 - val_loss: 0.5470 - val_acc: 0.8894

Epoch 00061: val_acc did not improve from 0.90052
Epoch 62/150
 - 55s - loss: 0.2064 - acc: 0.9500 - val_loss: 0.5470 - val_acc: 0.8895

Epoch 00062: val_acc did not improve from 0.90052
Epoch 63/150
 - 55s - loss: 0.2064 - acc: 0.9500 - val_loss: 0.5472 - val_acc: 0.8894

Epoch 00063: val_acc did not improve from 0.90052
Epoch 64/150
 - 55s - loss: 0.2064 - acc: 0.9500 - val_loss: 0.5473 - val_acc: 0.8894

Epoch 00064: val_acc did not improve from 0.90052
Epoch 65/150
 - 55s - loss: 0.2064 - acc: 0.9500 - val_loss: 0.5473 - val_acc: 0.8894

Epoch 00065: val_acc did not improve from 0.90052
Epoch 66/150
 - 55s - loss: 0.2064 - acc: 0.9500 - val_loss: 0.5475 - val_acc: 0.8894

Epoch 00066: val_acc did not improve from 0.90052
Epoch 67/150
 - 55s - loss: 0.2063 - acc: 0.9500 - val_loss: 0.5475 - val_acc: 0.8894

Epoch 00067: val_acc did not improve from 0.90052
Epoch 68/150
 - 55s - loss: 0.2063 - acc: 0.9500 - val_loss: 0.5475 - val_acc: 0.8894

Epoch 00068: val_acc did not improve from 0.90052
Epoch 69/150
 - 55s - loss: 0.2063 - acc: 0.9500 - val_loss: 0.5475 - val_acc: 0.8894

Epoch 00069: val_acc did not improve from 0.90052
Epoch 70/150
 - 55s - loss: 0.2063 - acc: 0.9500 - val_loss: 0.5476 - val_acc: 0.8894

Epoch 00070: val_acc did not improve from 0.90052
Epoch 71/150
 - 55s - loss: 0.2063 - acc: 0.9500 - val_loss: 0.5476 - val_acc: 0.8894

Epoch 00071: val_acc did not improve from 0.90052
Epoch 72/150
 - 55s - loss: 0.2063 - acc: 0.9500 - val_loss: 0.5476 - val_acc: 0.8894

Epoch 00072: val_acc did not improve from 0.90052
Epoch 73/150
 - 55s - loss: 0.2063 - acc: 0.9500 - val_loss: 0.5477 - val_acc: 0.8894

Epoch 00073: val_acc did not improve from 0.90052
Epoch 74/150
 - 55s - loss: 0.2063 - acc: 0.9500 - val_loss: 0.5477 - val_acc: 0.8894

Epoch 00074: val_acc did not improve from 0.90052
Epoch 75/150
 - 55s - loss: 0.2063 - acc: 0.9500 - val_loss: 0.5477 - val_acc: 0.8894

Epoch 00075: val_acc did not improve from 0.90052
Epoch 76/150
 - 55s - loss: 0.2063 - acc: 0.9500 - val_loss: 0.5477 - val_acc: 0.8894

Epoch 00076: val_acc did not improve from 0.90052
Epoch 77/150
 - 55s - loss: 0.2063 - acc: 0.9500 - val_loss: 0.5477 - val_acc: 0.8894

Epoch 00077: val_acc did not improve from 0.90052
Epoch 78/150
 - 55s - loss: 0.2063 - acc: 0.9500 - val_loss: 0.5477 - val_acc: 0.8894

Epoch 00078: val_acc did not improve from 0.90052
Epoch 79/150
 - 56s - loss: 0.2063 - acc: 0.9500 - val_loss: 0.5478 - val_acc: 0.8894

Epoch 00079: val_acc did not improve from 0.90052
Epoch 80/150
 - 55s - loss: 0.2063 - acc: 0.9500 - val_loss: 0.5478 - val_acc: 0.8894

Epoch 00080: val_acc did not improve from 0.90052
Epoch 81/150
 - 56s - loss: 0.2063 - acc: 0.9500 - val_loss: 0.5478 - val_acc: 0.8894

Epoch 00081: val_acc did not improve from 0.90052
Epoch 82/150
 - 55s - loss: 0.2063 - acc: 0.9500 - val_loss: 0.5478 - val_acc: 0.8894

Epoch 00082: val_acc did not improve from 0.90052
Epoch 83/150
 - 56s - loss: 0.2063 - acc: 0.9500 - val_loss: 0.5478 - val_acc: 0.8894

Epoch 00083: val_acc did not improve from 0.90052
Epoch 84/150
 - 56s - loss: 0.2063 - acc: 0.9500 - val_loss: 0.5478 - val_acc: 0.8894

Epoch 00084: val_acc did not improve from 0.90052
Epoch 85/150
 - 55s - loss: 0.2063 - acc: 0.9500 - val_loss: 0.5478 - val_acc: 0.8894

Epoch 00085: val_acc did not improve from 0.90052
Epoch 86/150
 - 55s - loss: 0.2063 - acc: 0.9500 - val_loss: 0.5478 - val_acc: 0.8894

Epoch 00086: val_acc did not improve from 0.90052
Epoch 87/150
 - 55s - loss: 0.2063 - acc: 0.9500 - val_loss: 0.5478 - val_acc: 0.8894

Epoch 00087: val_acc did not improve from 0.90052
Epoch 88/150
 - 56s - loss: 0.2063 - acc: 0.9500 - val_loss: 0.5478 - val_acc: 0.8894

Epoch 00088: val_acc did not improve from 0.90052
Epoch 89/150
 - 55s - loss: 0.2063 - acc: 0.9500 - val_loss: 0.5478 - val_acc: 0.8894

Epoch 00089: val_acc did not improve from 0.90052
Epoch 90/150
 - 55s - loss: 0.2063 - acc: 0.9500 - val_loss: 0.5478 - val_acc: 0.8894

Epoch 00090: val_acc did not improve from 0.90052
Epoch 91/150
 - 55s - loss: 0.2063 - acc: 0.9500 - val_loss: 0.5478 - val_acc: 0.8894

Epoch 00091: val_acc did not improve from 0.90052
Epoch 92/150
 - 55s - loss: 0.2063 - acc: 0.9500 - val_loss: 0.5478 - val_acc: 0.8894

Epoch 00092: val_acc did not improve from 0.90052
Epoch 93/150
 - 56s - loss: 0.2063 - acc: 0.9500 - val_loss: 0.5478 - val_acc: 0.8894

Epoch 00093: val_acc did not improve from 0.90052
Epoch 94/150
 - 55s - loss: 0.2063 - acc: 0.9500 - val_loss: 0.5478 - val_acc: 0.8894

Epoch 00094: val_acc did not improve from 0.90052
Epoch 95/150
 - 55s - loss: 0.2063 - acc: 0.9500 - val_loss: 0.5478 - val_acc: 0.8894

Epoch 00095: val_acc did not improve from 0.90052
Epoch 96/150
 - 56s - loss: 0.2063 - acc: 0.9500 - val_loss: 0.5478 - val_acc: 0.8894

Epoch 00096: val_acc did not improve from 0.90052
Epoch 97/150
 - 55s - loss: 0.2063 - acc: 0.9500 - val_loss: 0.5478 - val_acc: 0.8894

Epoch 00097: val_acc did not improve from 0.90052
Epoch 98/150
 - 55s - loss: 0.2063 - acc: 0.9500 - val_loss: 0.5478 - val_acc: 0.8894

Epoch 00098: val_acc did not improve from 0.90052
Epoch 99/150
 - 56s - loss: 0.2063 - acc: 0.9500 - val_loss: 0.5478 - val_acc: 0.8894

Epoch 00099: val_acc did not improve from 0.90052
Epoch 100/150
 - 55s - loss: 0.2063 - acc: 0.9500 - val_loss: 0.5478 - val_acc: 0.8894

Epoch 00100: val_acc did not improve from 0.90052
Epoch 101/150
 - 55s - loss: 0.2063 - acc: 0.9500 - val_loss: 0.5478 - val_acc: 0.8894

Epoch 00101: val_acc did not improve from 0.90052
Epoch 102/150
 - 55s - loss: 0.2063 - acc: 0.9500 - val_loss: 0.5478 - val_acc: 0.8894

Epoch 00102: val_acc did not improve from 0.90052
Epoch 103/150
 - 56s - loss: 0.2063 - acc: 0.9500 - val_loss: 0.5478 - val_acc: 0.8894

Epoch 00103: val_acc did not improve from 0.90052
Epoch 104/150
 - 56s - loss: 0.2063 - acc: 0.9500 - val_loss: 0.5478 - val_acc: 0.8894

Epoch 00104: val_acc did not improve from 0.90052
Epoch 105/150
 - 55s - loss: 0.2063 - acc: 0.9500 - val_loss: 0.5478 - val_acc: 0.8894

Epoch 00105: val_acc did not improve from 0.90052
Epoch 106/150
 - 56s - loss: 0.2063 - acc: 0.9500 - val_loss: 0.5478 - val_acc: 0.8894

Epoch 00106: val_acc did not improve from 0.90052
Epoch 107/150
 - 55s - loss: 0.2063 - acc: 0.9500 - val_loss: 0.5478 - val_acc: 0.8894

Epoch 00107: val_acc did not improve from 0.90052
Epoch 108/150
 - 56s - loss: 0.2063 - acc: 0.9500 - val_loss: 0.5478 - val_acc: 0.8894

Epoch 00108: val_acc did not improve from 0.90052
Epoch 109/150
 - 55s - loss: 0.2063 - acc: 0.9500 - val_loss: 0.5478 - val_acc: 0.8894

Epoch 00109: val_acc did not improve from 0.90052
Epoch 110/150
 - 55s - loss: 0.2063 - acc: 0.9500 - val_loss: 0.5478 - val_acc: 0.8894

Epoch 00110: val_acc did not improve from 0.90052
Epoch 111/150
 - 55s - loss: 0.2063 - acc: 0.9500 - val_loss: 0.5478 - val_acc: 0.8894

Epoch 00111: val_acc did not improve from 0.90052
Epoch 112/150
 - 55s - loss: 0.2063 - acc: 0.9500 - val_loss: 0.5478 - val_acc: 0.8894

Epoch 00112: val_acc did not improve from 0.90052
Epoch 113/150
 - 55s - loss: 0.2063 - acc: 0.9500 - val_loss: 0.5478 - val_acc: 0.8894

Epoch 00113: val_acc did not improve from 0.90052
Epoch 114/150
 - 55s - loss: 0.2063 - acc: 0.9500 - val_loss: 0.5478 - val_acc: 0.8894

Epoch 00114: val_acc did not improve from 0.90052
Epoch 115/150
 - 55s - loss: 0.2063 - acc: 0.9500 - val_loss: 0.5478 - val_acc: 0.8894

Epoch 00115: val_acc did not improve from 0.90052
Epoch 116/150
 - 55s - loss: 0.2063 - acc: 0.9500 - val_loss: 0.5478 - val_acc: 0.8894

Epoch 00116: val_acc did not improve from 0.90052
Epoch 117/150
 - 55s - loss: 0.2063 - acc: 0.9500 - val_loss: 0.5478 - val_acc: 0.8894

Epoch 00117: val_acc did not improve from 0.90052
Epoch 118/150
 - 56s - loss: 0.2063 - acc: 0.9500 - val_loss: 0.5478 - val_acc: 0.8894

Epoch 00118: val_acc did not improve from 0.90052
Epoch 119/150
 - 55s - loss: 0.2063 - acc: 0.9500 - val_loss: 0.5478 - val_acc: 0.8894

Epoch 00119: val_acc did not improve from 0.90052
Epoch 120/150
 - 55s - loss: 0.2063 - acc: 0.9500 - val_loss: 0.5478 - val_acc: 0.8894

Epoch 00120: val_acc did not improve from 0.90052
Epoch 121/150
 - 55s - loss: 0.2063 - acc: 0.9500 - val_loss: 0.5478 - val_acc: 0.8894

Epoch 00121: val_acc did not improve from 0.90052
Epoch 122/150
 - 56s - loss: 0.2063 - acc: 0.9500 - val_loss: 0.5478 - val_acc: 0.8894

Epoch 00122: val_acc did not improve from 0.90052
Epoch 123/150
 - 55s - loss: 0.2063 - acc: 0.9500 - val_loss: 0.5478 - val_acc: 0.8894

Epoch 00123: val_acc did not improve from 0.90052
Epoch 124/150
 - 55s - loss: 0.2063 - acc: 0.9500 - val_loss: 0.5478 - val_acc: 0.8894

Epoch 00124: val_acc did not improve from 0.90052
Epoch 125/150
 - 55s - loss: 0.2063 - acc: 0.9500 - val_loss: 0.5478 - val_acc: 0.8894

Epoch 00125: val_acc did not improve from 0.90052
Epoch 126/150
 - 56s - loss: 0.2063 - acc: 0.9500 - val_loss: 0.5478 - val_acc: 0.8894

Epoch 00126: val_acc did not improve from 0.90052
Epoch 127/150
 - 55s - loss: 0.2063 - acc: 0.9500 - val_loss: 0.5478 - val_acc: 0.8894

Epoch 00127: val_acc did not improve from 0.90052
Epoch 128/150
 - 55s - loss: 0.2063 - acc: 0.9500 - val_loss: 0.5478 - val_acc: 0.8894

Epoch 00128: val_acc did not improve from 0.90052
Epoch 129/150
 - 55s - loss: 0.2063 - acc: 0.9500 - val_loss: 0.5478 - val_acc: 0.8894

Epoch 00129: val_acc did not improve from 0.90052
Epoch 130/150
 - 55s - loss: 0.2063 - acc: 0.9500 - val_loss: 0.5478 - val_acc: 0.8894

Epoch 00130: val_acc did not improve from 0.90052
Epoch 131/150
 - 55s - loss: 0.2063 - acc: 0.9500 - val_loss: 0.5478 - val_acc: 0.8894

Epoch 00131: val_acc did not improve from 0.90052
Epoch 132/150
 - 55s - loss: 0.2063 - acc: 0.9500 - val_loss: 0.5478 - val_acc: 0.8894

Epoch 00132: val_acc did not improve from 0.90052
Epoch 133/150
 - 56s - loss: 0.2063 - acc: 0.9500 - val_loss: 0.5478 - val_acc: 0.8894

Epoch 00133: val_acc did not improve from 0.90052
Epoch 134/150
 - 56s - loss: 0.2063 - acc: 0.9500 - val_loss: 0.5478 - val_acc: 0.8894

Epoch 00134: val_acc did not improve from 0.90052
Epoch 135/150
 - 56s - loss: 0.2063 - acc: 0.9500 - val_loss: 0.5478 - val_acc: 0.8894

Epoch 00135: val_acc did not improve from 0.90052
Epoch 136/150
 - 56s - loss: 0.2063 - acc: 0.9500 - val_loss: 0.5478 - val_acc: 0.8894

Epoch 00136: val_acc did not improve from 0.90052
Epoch 137/150
 - 55s - loss: 0.2063 - acc: 0.9500 - val_loss: 0.5478 - val_acc: 0.8894

Epoch 00137: val_acc did not improve from 0.90052
Epoch 138/150
 - 55s - loss: 0.2063 - acc: 0.9500 - val_loss: 0.5478 - val_acc: 0.8894

Epoch 00138: val_acc did not improve from 0.90052
Epoch 139/150
 - 55s - loss: 0.2063 - acc: 0.9500 - val_loss: 0.5478 - val_acc: 0.8894

Epoch 00139: val_acc did not improve from 0.90052
Epoch 140/150
 - 55s - loss: 0.2063 - acc: 0.9500 - val_loss: 0.5478 - val_acc: 0.8894

Epoch 00140: val_acc did not improve from 0.90052
Epoch 141/150
 - 55s - loss: 0.2063 - acc: 0.9500 - val_loss: 0.5478 - val_acc: 0.8894

Epoch 00141: val_acc did not improve from 0.90052
Epoch 142/150
 - 56s - loss: 0.2063 - acc: 0.9500 - val_loss: 0.5478 - val_acc: 0.8894

Epoch 00142: val_acc did not improve from 0.90052
Epoch 143/150
 - 55s - loss: 0.2063 - acc: 0.9500 - val_loss: 0.5478 - val_acc: 0.8894

Epoch 00143: val_acc did not improve from 0.90052
Epoch 144/150
 - 55s - loss: 0.2063 - acc: 0.9500 - val_loss: 0.5478 - val_acc: 0.8894

Epoch 00144: val_acc did not improve from 0.90052
Epoch 145/150
 - 55s - loss: 0.2063 - acc: 0.9500 - val_loss: 0.5478 - val_acc: 0.8894

Epoch 00145: val_acc did not improve from 0.90052
Epoch 146/150
 - 55s - loss: 0.2063 - acc: 0.9500 - val_loss: 0.5478 - val_acc: 0.8894

Epoch 00146: val_acc did not improve from 0.90052
Epoch 147/150
 - 55s - loss: 0.2063 - acc: 0.9500 - val_loss: 0.5478 - val_acc: 0.8894

Epoch 00147: val_acc did not improve from 0.90052
Epoch 148/150
 - 55s - loss: 0.2063 - acc: 0.9500 - val_loss: 0.5478 - val_acc: 0.8894

Epoch 00148: val_acc did not improve from 0.90052
Epoch 149/150
 - 55s - loss: 0.2063 - acc: 0.9500 - val_loss: 0.5478 - val_acc: 0.8894

Epoch 00149: val_acc did not improve from 0.90052
Epoch 150/150
 - 55s - loss: 0.2063 - acc: 0.9500 - val_loss: 0.5478 - val_acc: 0.8894

Epoch 00150: val_acc did not improve from 0.90052
class 00: #TP=2342640, #FP=141072, #FN=39748, IoU=0.928
class 01: #TP=6021917, #FP=353101, #FN=789634, IoU=0.841
class 02: #TP=  7611, #FP= 57139, #FN=182381, IoU=0.031
class 03: #TP=7502578, #FP=203153, #FN=205670, IoU=0.948
class 04: #TP=2177533, #FP=354576, #FN=166884, IoU=0.807
class 05: #TP=4155828, #FP=537128, #FN=158441, IoU=0.857
class 06: #TP=103263, #FP= 39695, #FN=176112, IoU=0.324
class 07: #TP=572855, #FP=256352, #FN=246308, IoU=0.533
class 08: #TP=400785, #FP=148484, #FN=88670, IoU=0.628
class 09: #TP= 93987, #FP=143225, #FN=99536, IoU=0.279
class 10: #TP=297857, #FP= 56311, #FN=283009, IoU=0.467
class 11: #TP=165707, #FP=343747, #FN=197590, IoU=0.234
_________________
Mean IoU: 0.573
