Train on 367 samples, validate on 101 samples
Epoch 1/150
 - 18s - loss: 3.1043 - acc: 0.0796 - val_loss: 2.7260 - val_acc: 0.0867

Epoch 00001: val_acc improved from -inf to 0.08666, saving model to stanford_fcn8_weights.best.hdf5
Epoch 2/150
 - 10s - loss: 2.6545 - acc: 0.0862 - val_loss: 2.5469 - val_acc: 0.0931

Epoch 00002: val_acc improved from 0.08666 to 0.09315, saving model to stanford_fcn8_weights.best.hdf5
Epoch 3/150
 - 10s - loss: 2.5330 - acc: 0.0947 - val_loss: 2.5031 - val_acc: 0.1002

Epoch 00003: val_acc improved from 0.09315 to 0.10016, saving model to stanford_fcn8_weights.best.hdf5
Epoch 4/150
 - 10s - loss: 2.4911 - acc: 0.1083 - val_loss: 2.4781 - val_acc: 0.1120

Epoch 00004: val_acc improved from 0.10016 to 0.11201, saving model to stanford_fcn8_weights.best.hdf5
Epoch 5/150
 - 10s - loss: 2.4644 - acc: 0.1182 - val_loss: 2.4606 - val_acc: 0.1149

Epoch 00005: val_acc improved from 0.11201 to 0.11493, saving model to stanford_fcn8_weights.best.hdf5
Epoch 6/150
 - 10s - loss: 2.4506 - acc: 0.1236 - val_loss: 2.4529 - val_acc: 0.1226

Epoch 00006: val_acc improved from 0.11493 to 0.12259, saving model to stanford_fcn8_weights.best.hdf5
Train on 367 samples, validate on 101 samples
Epoch 1/150
 - 18s - loss: 0.3730 - acc: 0.8987 - val_loss: 0.8137 - val_acc: 0.8235

Epoch 00001: val_acc improved from -inf to 0.82353, saving model to stanford_fcn8_weights.best.hdf5
Epoch 2/150
 - 10s - loss: 0.3624 - acc: 0.9008 - val_loss: 0.8359 - val_acc: 0.8203

Epoch 00002: val_acc did not improve from 0.82353
Epoch 3/150
 - 10s - loss: 0.3569 - acc: 0.9016 - val_loss: 0.8431 - val_acc: 0.8210

Epoch 00003: val_acc did not improve from 0.82353
Epoch 4/150
 - 10s - loss: 0.3521 - acc: 0.9026 - val_loss: 0.8386 - val_acc: 0.8213

Epoch 00004: val_acc did not improve from 0.82353
Epoch 5/150
 - 10s - loss: 0.3487 - acc: 0.9033 - val_loss: 0.8494 - val_acc: 0.8231

Epoch 00005: val_acc did not improve from 0.82353
Epoch 6/150
 - 10s - loss: 0.3452 - acc: 0.9040 - val_loss: 0.8393 - val_acc: 0.8225

Epoch 00006: val_acc did not improve from 0.82353
Epoch 7/150
 - 10s - loss: 0.3426 - acc: 0.9046 - val_loss: 0.8458 - val_acc: 0.8221

Epoch 00007: val_acc did not improve from 0.82353
Epoch 8/150
 - 10s - loss: 0.3399 - acc: 0.9052 - val_loss: 0.8553 - val_acc: 0.8215

Epoch 00008: val_acc did not improve from 0.82353
Epoch 9/150
 - 10s - loss: 0.3374 - acc: 0.9058 - val_loss: 0.8579 - val_acc: 0.8215

Epoch 00009: val_acc did not improve from 0.82353
Epoch 10/150
 - 10s - loss: 0.3352 - acc: 0.9062 - val_loss: 0.8656 - val_acc: 0.8219

Epoch 00010: val_acc did not improve from 0.82353
Epoch 11/150
 - 10s - loss: 0.3331 - acc: 0.9067 - val_loss: 0.8658 - val_acc: 0.8223

Epoch 00011: val_acc did not improve from 0.82353
Epoch 12/150
 - 10s - loss: 0.3312 - acc: 0.9071 - val_loss: 0.8673 - val_acc: 0.8223

Epoch 00012: val_acc did not improve from 0.82353
Epoch 13/150
 - 10s - loss: 0.3294 - acc: 0.9075 - val_loss: 0.8729 - val_acc: 0.8224

Epoch 00013: val_acc did not improve from 0.82353
Epoch 14/150
Train on 367 samples, validate on 101 samples
Epoch 1/150
 - 16s - loss: 2.7416 - acc: 0.0830 - val_loss: 2.5005 - val_acc: 0.0855

Epoch 00001: val_acc improved from -inf to 0.08549, saving model to stanford_fcn8_weights.best.hdf5
Epoch 2/150
 - 10s - loss: 2.4942 - acc: 0.0855 - val_loss: 2.4880 - val_acc: 0.0866

Epoch 00002: val_acc improved from 0.08549 to 0.08662, saving model to stanford_fcn8_weights.best.hdf5
Epoch 3/150
 - 10s - loss: 2.4874 - acc: 0.0869 - val_loss: 2.4854 - val_acc: 0.0880

Epoch 00003: val_acc improved from 0.08662 to 0.08804, saving model to stanford_fcn8_weights.best.hdf5
Epoch 4/150
 - 10s - loss: 2.4855 - acc: 0.0890 - val_loss: 2.4844 - val_acc: 0.0902

Epoch 00004: val_acc improved from 0.08804 to 0.09024, saving model to stanford_fcn8_weights.best.hdf5
Epoch 5/150
 - 10s - loss: 2.4847 - acc: 0.0910 - val_loss: 2.4839 - val_acc: 0.0919

Epoch 00005: val_acc improved from 0.09024 to 0.09194, saving model to stanford_fcn8_weights.best.hdf5
Epoch 6/150
 - 9s - loss: 2.4842 - acc: 0.0924 - val_loss: 2.4835 - val_acc: 0.0929

Epoch 00006: val_acc improved from 0.09194 to 0.09295, saving model to stanford_fcn8_weights.best.hdf5
Epoch 7/150
 - 9s - loss: 2.4837 - acc: 0.0934 - val_loss: 2.4831 - val_acc: 0.0936

Epoch 00007: val_acc improved from 0.09295 to 0.09359, saving model to stanford_fcn8_weights.best.hdf5
Epoch 8/150
 - 10s - loss: 2.4833 - acc: 0.0941 - val_loss: 2.4828 - val_acc: 0.0941

Epoch 00008: val_acc improved from 0.09359 to 0.09406, saving model to stanford_fcn8_weights.best.hdf5
Epoch 9/150
 - 10s - loss: 2.4829 - acc: 0.0947 - val_loss: 2.4824 - val_acc: 0.0945

Epoch 00009: val_acc improved from 0.09406 to 0.09446, saving model to stanford_fcn8_weights.best.hdf5
Epoch 10/150
 - 10s - loss: 2.4824 - acc: 0.0953 - val_loss: 2.4820 - val_acc: 0.0949

Epoch 00010: val_acc improved from 0.09446 to 0.09492, saving model to stanford_fcn8_weights.best.hdf5
Epoch 11/150
 - 10s - loss: 2.4820 - acc: 0.0960 - val_loss: 2.4816 - val_acc: 0.0956

Epoch 00011: val_acc improved from 0.09492 to 0.09559, saving model to stanford_fcn8_weights.best.hdf5
Epoch 12/150
 - 10s - loss: 2.4815 - acc: 0.0967 - val_loss: 2.4812 - val_acc: 0.0962

Epoch 00012: val_acc improved from 0.09559 to 0.09622, saving model to stanford_fcn8_weights.best.hdf5
Epoch 13/150
 - 10s - loss: 2.4810 - acc: 0.0976 - val_loss: 2.4807 - val_acc: 0.0970

Epoch 00013: val_acc improved from 0.09622 to 0.09704, saving model to stanford_fcn8_weights.best.hdf5
Epoch 14/150
 - 10s - loss: 2.4804 - acc: 0.0985 - val_loss: 2.4802 - val_acc: 0.0978

Epoch 00014: val_acc improved from 0.09704 to 0.09776, saving model to stanford_fcn8_weights.best.hdf5
Epoch 15/150
 - 10s - loss: 2.4797 - acc: 0.0994 - val_loss: 2.4796 - val_acc: 0.0986

Epoch 00015: val_acc improved from 0.09776 to 0.09863, saving model to stanford_fcn8_weights.best.hdf5
Epoch 16/150
 - 10s - loss: 2.4790 - acc: 0.1005 - val_loss: 2.4788 - val_acc: 0.0996

Epoch 00016: val_acc improved from 0.09863 to 0.09960, saving model to stanford_fcn8_weights.best.hdf5
Epoch 17/150
Train on 367 samples, validate on 101 samples
Epoch 1/150
 - 18s - loss: 2.5776 - acc: 0.1068 - val_loss: 2.4438 - val_acc: 0.1199

Epoch 00001: val_acc improved from -inf to 0.11987, saving model to stanford_fcn8_weights.best.hdf5
Epoch 2/150
 - 10s - loss: 2.4143 - acc: 0.1394 - val_loss: 2.4026 - val_acc: 0.1395

Epoch 00002: val_acc improved from 0.11987 to 0.13953, saving model to stanford_fcn8_weights.best.hdf5
Epoch 3/150
 - 10s - loss: 2.3601 - acc: 0.1589 - val_loss: 2.3420 - val_acc: 0.1630

Epoch 00003: val_acc improved from 0.13953 to 0.16297, saving model to stanford_fcn8_weights.best.hdf5
Epoch 4/150
 - 10s - loss: 2.2775 - acc: 0.1961 - val_loss: 2.2497 - val_acc: 0.2227

Epoch 00004: val_acc improved from 0.16297 to 0.22267, saving model to stanford_fcn8_weights.best.hdf5
Epoch 5/150
 - 10s - loss: 2.1641 - acc: 0.2645 - val_loss: 2.1306 - val_acc: 0.2796

Epoch 00005: val_acc improved from 0.22267 to 0.27961, saving model to stanford_fcn8_weights.best.hdf5
Epoch 6/150
 - 10s - loss: 2.0218 - acc: 0.3347 - val_loss: 1.9811 - val_acc: 0.3463

Epoch 00006: val_acc improved from 0.27961 to 0.34628, saving model to stanford_fcn8_weights.best.hdf5
Epoch 7/150
 - 10s - loss: 1.8530 - acc: 0.3906 - val_loss: 1.8033 - val_acc: 0.3912

Epoch 00007: val_acc improved from 0.34628 to 0.39117, saving model to stanford_fcn8_weights.best.hdf5
Epoch 8/150
 - 10s - loss: 1.6781 - acc: 0.4447 - val_loss: 1.6456 - val_acc: 0.4623

Epoch 00008: val_acc improved from 0.39117 to 0.46228, saving model to stanford_fcn8_weights.best.hdf5
Epoch 9/150
 - 10s - loss: 1.5113 - acc: 0.5092 - val_loss: 1.5090 - val_acc: 0.5008

Epoch 00009: val_acc improved from 0.46228 to 0.50077, saving model to stanford_fcn8_weights.best.hdf5
Epoch 10/150
 - 10s - loss: 1.3736 - acc: 0.5458 - val_loss: 1.3513 - val_acc: 0.5590

Epoch 00010: val_acc improved from 0.50077 to 0.55899, saving model to stanford_fcn8_weights.best.hdf5
Epoch 11/150
 - 10s - loss: 1.2280 - acc: 0.6057 - val_loss: 1.2516 - val_acc: 0.6032

Epoch 00011: val_acc improved from 0.55899 to 0.60321, saving model to stanford_fcn8_weights.best.hdf5
Epoch 12/150
 - 10s - loss: 1.1097 - acc: 0.6492 - val_loss: 1.1096 - val_acc: 0.6507

Epoch 00012: val_acc improved from 0.60321 to 0.65071, saving model to stanford_fcn8_weights.best.hdf5
Epoch 13/150
 - 10s - loss: 1.0201 - acc: 0.6972 - val_loss: 1.0505 - val_acc: 0.6933

Epoch 00013: val_acc improved from 0.65071 to 0.69335, saving model to stanford_fcn8_weights.best.hdf5
Epoch 14/150
 - 10s - loss: 0.9346 - acc: 0.7300 - val_loss: 0.9944 - val_acc: 0.7060

Epoch 00014: val_acc improved from 0.69335 to 0.70604, saving model to stanford_fcn8_weights.best.hdf5
Epoch 15/150
 - 10s - loss: 0.8808 - acc: 0.7453 - val_loss: 0.9260 - val_acc: 0.7389

Epoch 00015: val_acc improved from 0.70604 to 0.73889, saving model to stanford_fcn8_weights.best.hdf5
Epoch 16/150
 - 10s - loss: 0.8391 - acc: 0.7602 - val_loss: 0.8841 - val_acc: 0.7579

Epoch 00016: val_acc improved from 0.73889 to 0.75787, saving model to stanford_fcn8_weights.best.hdf5
Epoch 17/150
 - 10s - loss: 0.8077 - acc: 0.7714 - val_loss: 0.8337 - val_acc: 0.7733

Epoch 00017: val_acc improved from 0.75787 to 0.77330, saving model to stanford_fcn8_weights.best.hdf5
Epoch 18/150
 - 10s - loss: 0.7741 - acc: 0.7813 - val_loss: 0.8039 - val_acc: 0.7837

Epoch 00018: val_acc improved from 0.77330 to 0.78373, saving model to stanford_fcn8_weights.best.hdf5
Epoch 19/150
 - 10s - loss: 0.7374 - acc: 0.7924 - val_loss: 0.8014 - val_acc: 0.7871

Epoch 00019: val_acc improved from 0.78373 to 0.78708, saving model to stanford_fcn8_weights.best.hdf5
Epoch 20/150
 - 10s - loss: 0.7101 - acc: 0.8012 - val_loss: 0.7736 - val_acc: 0.7983

Epoch 00020: val_acc improved from 0.78708 to 0.79827, saving model to stanford_fcn8_weights.best.hdf5
Epoch 21/150
 - 10s - loss: 0.6831 - acc: 0.8098 - val_loss: 0.7406 - val_acc: 0.8047

Epoch 00021: val_acc improved from 0.79827 to 0.80472, saving model to stanford_fcn8_weights.best.hdf5
Epoch 22/150
 - 10s - loss: 0.6561 - acc: 0.8184 - val_loss: 0.7618 - val_acc: 0.8011

Epoch 00022: val_acc did not improve from 0.80472
Epoch 23/150
 - 10s - loss: 0.6365 - acc: 0.8257 - val_loss: 0.7375 - val_acc: 0.8109

Epoch 00023: val_acc improved from 0.80472 to 0.81092, saving model to stanford_fcn8_weights.best.hdf5
Epoch 24/150
 - 10s - loss: 0.6066 - acc: 0.8355 - val_loss: 0.7097 - val_acc: 0.8182

Epoch 00024: val_acc improved from 0.81092 to 0.81824, saving model to stanford_fcn8_weights.best.hdf5
Epoch 25/150
 - 10s - loss: 0.5867 - acc: 0.8415 - val_loss: 0.7407 - val_acc: 0.8130

Epoch 00025: val_acc did not improve from 0.81824
Epoch 26/150
 - 10s - loss: 0.5692 - acc: 0.8475 - val_loss: 0.7194 - val_acc: 0.8165

Epoch 00026: val_acc did not improve from 0.81824
Epoch 27/150
 - 10s - loss: 0.5525 - acc: 0.8520 - val_loss: 0.7063 - val_acc: 0.8230

Epoch 00027: val_acc improved from 0.81824 to 0.82302, saving model to stanford_fcn8_weights.best.hdf5
Epoch 28/150
 - 10s - loss: 0.5342 - acc: 0.8569 - val_loss: 0.6908 - val_acc: 0.8265

Epoch 00028: val_acc improved from 0.82302 to 0.82646, saving model to stanford_fcn8_weights.best.hdf5
Epoch 29/150
 - 10s - loss: 0.5183 - acc: 0.8617 - val_loss: 0.7420 - val_acc: 0.8194

Epoch 00029: val_acc did not improve from 0.82646
Epoch 30/150
 - 10s - loss: 0.5030 - acc: 0.8657 - val_loss: 0.7298 - val_acc: 0.8229

Epoch 00030: val_acc did not improve from 0.82646
Epoch 31/150
 - 10s - loss: 0.4881 - acc: 0.8698 - val_loss: 0.7286 - val_acc: 0.8230

Epoch 00031: val_acc did not improve from 0.82646
Epoch 32/150
 - 10s - loss: 0.4753 - acc: 0.8732 - val_loss: 0.7191 - val_acc: 0.8246

Epoch 00032: val_acc did not improve from 0.82646
Epoch 33/150
 - 10s - loss: 0.4690 - acc: 0.8750 - val_loss: 0.7235 - val_acc: 0.8264

Epoch 00033: val_acc did not improve from 0.82646
Epoch 34/150
 - 10s - loss: 0.4540 - acc: 0.8793 - val_loss: 0.7206 - val_acc: 0.8262

Epoch 00034: val_acc did not improve from 0.82646
Epoch 35/150
 - 10s - loss: 0.4471 - acc: 0.8811 - val_loss: 0.7224 - val_acc: 0.8269

Epoch 00035: val_acc improved from 0.82646 to 0.82690, saving model to stanford_fcn8_weights.best.hdf5
Epoch 36/150
 - 10s - loss: 0.4438 - acc: 0.8820 - val_loss: 0.7258 - val_acc: 0.8273

Epoch 00036: val_acc improved from 0.82690 to 0.82729, saving model to stanford_fcn8_weights.best.hdf5
Epoch 37/150
 - 10s - loss: 0.4416 - acc: 0.8826 - val_loss: 0.7241 - val_acc: 0.8270

Epoch 00037: val_acc did not improve from 0.82729
Epoch 38/150
 - 10s - loss: 0.4398 - acc: 0.8830 - val_loss: 0.7245 - val_acc: 0.8270

Epoch 00038: val_acc did not improve from 0.82729
Epoch 39/150
 - 10s - loss: 0.4383 - acc: 0.8834 - val_loss: 0.7277 - val_acc: 0.8269

Epoch 00039: val_acc did not improve from 0.82729
Epoch 40/150
 - 10s - loss: 0.4381 - acc: 0.8835 - val_loss: 0.7308 - val_acc: 0.8266

Epoch 00040: val_acc did not improve from 0.82729
Epoch 41/150
 - 10s - loss: 0.4379 - acc: 0.8835 - val_loss: 0.7294 - val_acc: 0.8268

Epoch 00041: val_acc did not improve from 0.82729
Epoch 42/150
 - 10s - loss: 0.4377 - acc: 0.8835 - val_loss: 0.7288 - val_acc: 0.8268

Epoch 00042: val_acc did not improve from 0.82729
Epoch 43/150
 - 10s - loss: 0.4376 - acc: 0.8836 - val_loss: 0.7298 - val_acc: 0.8267

Epoch 00043: val_acc did not improve from 0.82729
Epoch 44/150
 - 10s - loss: 0.4374 - acc: 0.8836 - val_loss: 0.7299 - val_acc: 0.8267

Epoch 00044: val_acc did not improve from 0.82729
Epoch 45/150
 - 10s - loss: 0.4374 - acc: 0.8836 - val_loss: 0.7298 - val_acc: 0.8267

Epoch 00045: val_acc did not improve from 0.82729
Epoch 46/150
 - 10s - loss: 0.4374 - acc: 0.8836 - val_loss: 0.7298 - val_acc: 0.8267

Epoch 00046: val_acc did not improve from 0.82729
Epoch 47/150
 - 10s - loss: 0.4374 - acc: 0.8836 - val_loss: 0.7299 - val_acc: 0.8267

Epoch 00047: val_acc did not improve from 0.82729
Epoch 48/150
 - 10s - loss: 0.4374 - acc: 0.8836 - val_loss: 0.7299 - val_acc: 0.8267

Epoch 00048: val_acc did not improve from 0.82729
Epoch 49/150
 - 10s - loss: 0.4374 - acc: 0.8836 - val_loss: 0.7299 - val_acc: 0.8267

Epoch 00049: val_acc did not improve from 0.82729
Epoch 50/150
 - 10s - loss: 0.4374 - acc: 0.8836 - val_loss: 0.7299 - val_acc: 0.8267

Epoch 00050: val_acc did not improve from 0.82729
Epoch 51/150
 - 10s - loss: 0.4374 - acc: 0.8836 - val_loss: 0.7299 - val_acc: 0.8267

Epoch 00051: val_acc did not improve from 0.82729
Epoch 52/150
 - 10s - loss: 0.4374 - acc: 0.8836 - val_loss: 0.7299 - val_acc: 0.8267

Epoch 00052: val_acc did not improve from 0.82729
Epoch 53/150
 - 10s - loss: 0.4374 - acc: 0.8836 - val_loss: 0.7299 - val_acc: 0.8267

Epoch 00053: val_acc did not improve from 0.82729
Epoch 54/150
 - 10s - loss: 0.4374 - acc: 0.8836 - val_loss: 0.7299 - val_acc: 0.8267

Epoch 00054: val_acc did not improve from 0.82729
Epoch 55/150
 - 10s - loss: 0.4374 - acc: 0.8836 - val_loss: 0.7299 - val_acc: 0.8267

Epoch 00055: val_acc did not improve from 0.82729
Epoch 56/150
 - 10s - loss: 0.4374 - acc: 0.8836 - val_loss: 0.7299 - val_acc: 0.8267

Epoch 00056: val_acc did not improve from 0.82729
Epoch 57/150
 - 10s - loss: 0.4374 - acc: 0.8836 - val_loss: 0.7299 - val_acc: 0.8267

Epoch 00057: val_acc did not improve from 0.82729
Epoch 58/150
 - 10s - loss: 0.4374 - acc: 0.8836 - val_loss: 0.7299 - val_acc: 0.8267

Epoch 00058: val_acc did not improve from 0.82729
Epoch 59/150
 - 10s - loss: 0.4374 - acc: 0.8836 - val_loss: 0.7299 - val_acc: 0.8267

Epoch 00059: val_acc did not improve from 0.82729
Epoch 60/150
 - 10s - loss: 0.4374 - acc: 0.8836 - val_loss: 0.7299 - val_acc: 0.8267

Epoch 00060: val_acc did not improve from 0.82729
Epoch 61/150
 - 10s - loss: 0.4374 - acc: 0.8836 - val_loss: 0.7299 - val_acc: 0.8267

Epoch 00061: val_acc did not improve from 0.82729
Epoch 62/150
 - 10s - loss: 0.4374 - acc: 0.8836 - val_loss: 0.7299 - val_acc: 0.8267

Epoch 00062: val_acc did not improve from 0.82729
Epoch 63/150
 - 10s - loss: 0.4374 - acc: 0.8836 - val_loss: 0.7299 - val_acc: 0.8267

Epoch 00063: val_acc did not improve from 0.82729
Epoch 64/150
 - 10s - loss: 0.4374 - acc: 0.8836 - val_loss: 0.7299 - val_acc: 0.8267

Epoch 00064: val_acc did not improve from 0.82729
Epoch 65/150
 - 10s - loss: 0.4374 - acc: 0.8836 - val_loss: 0.7299 - val_acc: 0.8267

Epoch 00065: val_acc did not improve from 0.82729
Epoch 66/150
 - 10s - loss: 0.4374 - acc: 0.8836 - val_loss: 0.7299 - val_acc: 0.8267

Epoch 00066: val_acc did not improve from 0.82729
Epoch 67/150
 - 10s - loss: 0.4374 - acc: 0.8836 - val_loss: 0.7299 - val_acc: 0.8267

Epoch 00067: val_acc did not improve from 0.82729
Epoch 68/150
 - 10s - loss: 0.4374 - acc: 0.8836 - val_loss: 0.7299 - val_acc: 0.8267

Epoch 00068: val_acc did not improve from 0.82729
Epoch 69/150
 - 10s - loss: 0.4374 - acc: 0.8836 - val_loss: 0.7299 - val_acc: 0.8267

Epoch 00069: val_acc did not improve from 0.82729
Epoch 70/150
 - 10s - loss: 0.4374 - acc: 0.8836 - val_loss: 0.7299 - val_acc: 0.8267

Epoch 00070: val_acc did not improve from 0.82729
Epoch 71/150
 - 10s - loss: 0.4374 - acc: 0.8836 - val_loss: 0.7299 - val_acc: 0.8267

Epoch 00071: val_acc did not improve from 0.82729
Epoch 72/150
 - 10s - loss: 0.4374 - acc: 0.8836 - val_loss: 0.7299 - val_acc: 0.8267

Epoch 00072: val_acc did not improve from 0.82729
Epoch 73/150
 - 10s - loss: 0.4374 - acc: 0.8836 - val_loss: 0.7299 - val_acc: 0.8267

Epoch 00073: val_acc did not improve from 0.82729
Epoch 74/150
 - 10s - loss: 0.4374 - acc: 0.8836 - val_loss: 0.7299 - val_acc: 0.8267

Epoch 00074: val_acc did not improve from 0.82729
Epoch 75/150
 - 10s - loss: 0.4374 - acc: 0.8836 - val_loss: 0.7299 - val_acc: 0.8267

Epoch 00075: val_acc did not improve from 0.82729
Epoch 76/150
 - 10s - loss: 0.4374 - acc: 0.8836 - val_loss: 0.7299 - val_acc: 0.8267

Epoch 00076: val_acc did not improve from 0.82729
Epoch 77/150
 - 10s - loss: 0.4374 - acc: 0.8836 - val_loss: 0.7299 - val_acc: 0.8267

Epoch 00077: val_acc did not improve from 0.82729
Epoch 78/150
 - 10s - loss: 0.4374 - acc: 0.8836 - val_loss: 0.7299 - val_acc: 0.8267

Epoch 00078: val_acc did not improve from 0.82729
Epoch 79/150
 - 10s - loss: 0.4374 - acc: 0.8836 - val_loss: 0.7299 - val_acc: 0.8267

Epoch 00079: val_acc did not improve from 0.82729
Epoch 80/150
 - 10s - loss: 0.4374 - acc: 0.8836 - val_loss: 0.7299 - val_acc: 0.8267

Epoch 00080: val_acc did not improve from 0.82729
Epoch 81/150
 - 10s - loss: 0.4374 - acc: 0.8836 - val_loss: 0.7299 - val_acc: 0.8267

Epoch 00081: val_acc did not improve from 0.82729
Epoch 82/150
 - 10s - loss: 0.4374 - acc: 0.8836 - val_loss: 0.7299 - val_acc: 0.8267

Epoch 00082: val_acc did not improve from 0.82729
Epoch 83/150
 - 10s - loss: 0.4374 - acc: 0.8836 - val_loss: 0.7299 - val_acc: 0.8267

Epoch 00083: val_acc did not improve from 0.82729
Epoch 84/150
 - 10s - loss: 0.4374 - acc: 0.8836 - val_loss: 0.7299 - val_acc: 0.8267

Epoch 00084: val_acc did not improve from 0.82729
Epoch 85/150
 - 10s - loss: 0.4374 - acc: 0.8836 - val_loss: 0.7299 - val_acc: 0.8267

Epoch 00085: val_acc did not improve from 0.82729
Epoch 86/150
 - 10s - loss: 0.4374 - acc: 0.8836 - val_loss: 0.7299 - val_acc: 0.8267

Epoch 00086: val_acc did not improve from 0.82729
Epoch 87/150
 - 10s - loss: 0.4374 - acc: 0.8836 - val_loss: 0.7299 - val_acc: 0.8267

Epoch 00087: val_acc did not improve from 0.82729
Epoch 88/150
 - 10s - loss: 0.4374 - acc: 0.8836 - val_loss: 0.7299 - val_acc: 0.8267

Epoch 00088: val_acc did not improve from 0.82729
Epoch 89/150
 - 10s - loss: 0.4374 - acc: 0.8836 - val_loss: 0.7299 - val_acc: 0.8267

Epoch 00089: val_acc did not improve from 0.82729
Epoch 90/150
 - 10s - loss: 0.4374 - acc: 0.8836 - val_loss: 0.7299 - val_acc: 0.8267

Epoch 00090: val_acc did not improve from 0.82729
Epoch 91/150
 - 10s - loss: 0.4374 - acc: 0.8836 - val_loss: 0.7299 - val_acc: 0.8267

Epoch 00091: val_acc did not improve from 0.82729
Epoch 92/150
 - 10s - loss: 0.4374 - acc: 0.8836 - val_loss: 0.7299 - val_acc: 0.8267

Epoch 00092: val_acc did not improve from 0.82729
Epoch 93/150
 - 10s - loss: 0.4374 - acc: 0.8836 - val_loss: 0.7299 - val_acc: 0.8267

Epoch 00093: val_acc did not improve from 0.82729
Epoch 94/150
 - 10s - loss: 0.4374 - acc: 0.8836 - val_loss: 0.7299 - val_acc: 0.8267

Epoch 00094: val_acc did not improve from 0.82729
Epoch 95/150
 - 10s - loss: 0.4374 - acc: 0.8836 - val_loss: 0.7299 - val_acc: 0.8267

Epoch 00095: val_acc did not improve from 0.82729
Epoch 96/150
 - 10s - loss: 0.4374 - acc: 0.8836 - val_loss: 0.7299 - val_acc: 0.8267

Epoch 00096: val_acc did not improve from 0.82729
Epoch 97/150
 - 10s - loss: 0.4374 - acc: 0.8836 - val_loss: 0.7299 - val_acc: 0.8267

Epoch 00097: val_acc did not improve from 0.82729
Epoch 98/150
 - 10s - loss: 0.4374 - acc: 0.8836 - val_loss: 0.7299 - val_acc: 0.8267

Epoch 00098: val_acc did not improve from 0.82729
Epoch 99/150
 - 10s - loss: 0.4374 - acc: 0.8836 - val_loss: 0.7299 - val_acc: 0.8267

Epoch 00099: val_acc did not improve from 0.82729
Epoch 100/150
 - 10s - loss: 0.4374 - acc: 0.8836 - val_loss: 0.7299 - val_acc: 0.8267

Epoch 00100: val_acc did not improve from 0.82729
Epoch 101/150
 - 10s - loss: 0.4374 - acc: 0.8836 - val_loss: 0.7299 - val_acc: 0.8267

Epoch 00101: val_acc did not improve from 0.82729
Epoch 102/150
 - 10s - loss: 0.4374 - acc: 0.8836 - val_loss: 0.7299 - val_acc: 0.8267

Epoch 00102: val_acc did not improve from 0.82729
Epoch 103/150
 - 10s - loss: 0.4374 - acc: 0.8836 - val_loss: 0.7299 - val_acc: 0.8267

Epoch 00103: val_acc did not improve from 0.82729
Epoch 104/150
 - 10s - loss: 0.4374 - acc: 0.8836 - val_loss: 0.7299 - val_acc: 0.8267

Epoch 00104: val_acc did not improve from 0.82729
Epoch 105/150
 - 10s - loss: 0.4374 - acc: 0.8836 - val_loss: 0.7299 - val_acc: 0.8267

Epoch 00105: val_acc did not improve from 0.82729
Epoch 106/150
 - 10s - loss: 0.4374 - acc: 0.8836 - val_loss: 0.7299 - val_acc: 0.8267

Epoch 00106: val_acc did not improve from 0.82729
Epoch 107/150
 - 10s - loss: 0.4374 - acc: 0.8836 - val_loss: 0.7299 - val_acc: 0.8267

Epoch 00107: val_acc did not improve from 0.82729
Epoch 108/150
 - 10s - loss: 0.4374 - acc: 0.8836 - val_loss: 0.7299 - val_acc: 0.8267

Epoch 00108: val_acc did not improve from 0.82729
Epoch 109/150
 - 10s - loss: 0.4374 - acc: 0.8836 - val_loss: 0.7299 - val_acc: 0.8267

Epoch 00109: val_acc did not improve from 0.82729
Epoch 110/150
 - 10s - loss: 0.4374 - acc: 0.8836 - val_loss: 0.7299 - val_acc: 0.8267

Epoch 00110: val_acc did not improve from 0.82729
Epoch 111/150
 - 10s - loss: 0.4374 - acc: 0.8836 - val_loss: 0.7299 - val_acc: 0.8267

Epoch 00111: val_acc did not improve from 0.82729
Epoch 112/150
 - 10s - loss: 0.4374 - acc: 0.8836 - val_loss: 0.7299 - val_acc: 0.8267

Epoch 00112: val_acc did not improve from 0.82729
Epoch 113/150
 - 10s - loss: 0.4374 - acc: 0.8836 - val_loss: 0.7299 - val_acc: 0.8267

Epoch 00113: val_acc did not improve from 0.82729
Epoch 114/150
 - 10s - loss: 0.4374 - acc: 0.8836 - val_loss: 0.7299 - val_acc: 0.8267

Epoch 00114: val_acc did not improve from 0.82729
Epoch 115/150
 - 10s - loss: 0.4374 - acc: 0.8836 - val_loss: 0.7299 - val_acc: 0.8267

Epoch 00115: val_acc did not improve from 0.82729
Epoch 116/150
 - 10s - loss: 0.4374 - acc: 0.8836 - val_loss: 0.7299 - val_acc: 0.8267

Epoch 00116: val_acc did not improve from 0.82729
Epoch 117/150
 - 10s - loss: 0.4374 - acc: 0.8836 - val_loss: 0.7299 - val_acc: 0.8267

Epoch 00117: val_acc did not improve from 0.82729
Epoch 118/150
 - 10s - loss: 0.4374 - acc: 0.8836 - val_loss: 0.7299 - val_acc: 0.8267

Epoch 00118: val_acc did not improve from 0.82729
Epoch 119/150
 - 10s - loss: 0.4374 - acc: 0.8836 - val_loss: 0.7299 - val_acc: 0.8267

Epoch 00119: val_acc did not improve from 0.82729
Epoch 120/150
 - 10s - loss: 0.4374 - acc: 0.8836 - val_loss: 0.7299 - val_acc: 0.8267

Epoch 00120: val_acc did not improve from 0.82729
Epoch 121/150
 - 10s - loss: 0.4374 - acc: 0.8836 - val_loss: 0.7299 - val_acc: 0.8267

Epoch 00121: val_acc did not improve from 0.82729
Epoch 122/150
 - 10s - loss: 0.4374 - acc: 0.8836 - val_loss: 0.7299 - val_acc: 0.8267

Epoch 00122: val_acc did not improve from 0.82729
Epoch 123/150
 - 10s - loss: 0.4374 - acc: 0.8836 - val_loss: 0.7299 - val_acc: 0.8267

Epoch 00123: val_acc did not improve from 0.82729
Epoch 124/150
 - 10s - loss: 0.4374 - acc: 0.8836 - val_loss: 0.7299 - val_acc: 0.8267

Epoch 00124: val_acc did not improve from 0.82729
Epoch 125/150
 - 10s - loss: 0.4374 - acc: 0.8836 - val_loss: 0.7299 - val_acc: 0.8267

Epoch 00125: val_acc did not improve from 0.82729
Epoch 126/150
 - 10s - loss: 0.4374 - acc: 0.8836 - val_loss: 0.7299 - val_acc: 0.8267

Epoch 00126: val_acc did not improve from 0.82729
Epoch 127/150
 - 10s - loss: 0.4374 - acc: 0.8836 - val_loss: 0.7299 - val_acc: 0.8267

Epoch 00127: val_acc did not improve from 0.82729
Epoch 128/150
 - 10s - loss: 0.4374 - acc: 0.8836 - val_loss: 0.7299 - val_acc: 0.8267

Epoch 00128: val_acc did not improve from 0.82729
Epoch 129/150
 - 10s - loss: 0.4374 - acc: 0.8836 - val_loss: 0.7299 - val_acc: 0.8267

Epoch 00129: val_acc did not improve from 0.82729
Epoch 130/150
 - 10s - loss: 0.4374 - acc: 0.8836 - val_loss: 0.7299 - val_acc: 0.8267

Epoch 00130: val_acc did not improve from 0.82729
Epoch 131/150
 - 10s - loss: 0.4374 - acc: 0.8836 - val_loss: 0.7299 - val_acc: 0.8267

Epoch 00131: val_acc did not improve from 0.82729
Epoch 132/150
 - 10s - loss: 0.4374 - acc: 0.8836 - val_loss: 0.7299 - val_acc: 0.8267

Epoch 00132: val_acc did not improve from 0.82729
Epoch 133/150
 - 10s - loss: 0.4374 - acc: 0.8836 - val_loss: 0.7299 - val_acc: 0.8267

Epoch 00133: val_acc did not improve from 0.82729
Epoch 134/150
 - 10s - loss: 0.4374 - acc: 0.8836 - val_loss: 0.7299 - val_acc: 0.8267

Epoch 00134: val_acc did not improve from 0.82729
Epoch 135/150
 - 10s - loss: 0.4374 - acc: 0.8836 - val_loss: 0.7299 - val_acc: 0.8267

Epoch 00135: val_acc did not improve from 0.82729
Epoch 136/150
 - 10s - loss: 0.4374 - acc: 0.8836 - val_loss: 0.7299 - val_acc: 0.8267

Epoch 00136: val_acc did not improve from 0.82729
Epoch 137/150
 - 10s - loss: 0.4374 - acc: 0.8836 - val_loss: 0.7299 - val_acc: 0.8267

Epoch 00137: val_acc did not improve from 0.82729
Epoch 138/150
 - 10s - loss: 0.4374 - acc: 0.8836 - val_loss: 0.7299 - val_acc: 0.8267

Epoch 00138: val_acc did not improve from 0.82729
Epoch 139/150
 - 10s - loss: 0.4374 - acc: 0.8836 - val_loss: 0.7299 - val_acc: 0.8267

Epoch 00139: val_acc did not improve from 0.82729
Epoch 140/150
 - 10s - loss: 0.4374 - acc: 0.8836 - val_loss: 0.7299 - val_acc: 0.8267

Epoch 00140: val_acc did not improve from 0.82729
Epoch 141/150
 - 10s - loss: 0.4374 - acc: 0.8836 - val_loss: 0.7299 - val_acc: 0.8267

Epoch 00141: val_acc did not improve from 0.82729
Epoch 142/150
 - 10s - loss: 0.4374 - acc: 0.8836 - val_loss: 0.7299 - val_acc: 0.8267

Epoch 00142: val_acc did not improve from 0.82729
Epoch 143/150
 - 10s - loss: 0.4374 - acc: 0.8836 - val_loss: 0.7299 - val_acc: 0.8267

Epoch 00143: val_acc did not improve from 0.82729
Epoch 144/150
 - 10s - loss: 0.4374 - acc: 0.8836 - val_loss: 0.7299 - val_acc: 0.8267

Epoch 00144: val_acc did not improve from 0.82729
Epoch 145/150
 - 10s - loss: 0.4374 - acc: 0.8836 - val_loss: 0.7299 - val_acc: 0.8267

Epoch 00145: val_acc did not improve from 0.82729
Epoch 146/150
 - 10s - loss: 0.4374 - acc: 0.8836 - val_loss: 0.7299 - val_acc: 0.8267

Epoch 00146: val_acc did not improve from 0.82729
Epoch 147/150
 - 10s - loss: 0.4374 - acc: 0.8836 - val_loss: 0.7299 - val_acc: 0.8267

Epoch 00147: val_acc did not improve from 0.82729
Epoch 148/150
 - 10s - loss: 0.4374 - acc: 0.8836 - val_loss: 0.7299 - val_acc: 0.8267

Epoch 00148: val_acc did not improve from 0.82729
Epoch 149/150
 - 10s - loss: 0.4374 - acc: 0.8836 - val_loss: 0.7299 - val_acc: 0.8267

Epoch 00149: val_acc did not improve from 0.82729
Epoch 150/150
 - 10s - loss: 0.4374 - acc: 0.8836 - val_loss: 0.7299 - val_acc: 0.8267

Epoch 00150: val_acc did not improve from 0.82729
Train on 367 samples, validate on 101 samples
Epoch 1/150
 - 18s - loss: 0.4420 - acc: 0.8824 - val_loss: 0.7248 - val_acc: 0.8271

Epoch 00001: val_acc improved from -inf to 0.82709, saving model to stanford_fcn8_weights.best.hdf5
Epoch 2/150
 - 10s - loss: 0.4414 - acc: 0.8826 - val_loss: 0.7270 - val_acc: 0.8268

Epoch 00002: val_acc did not improve from 0.82709
Epoch 3/150
 - 10s - loss: 0.4410 - acc: 0.8827 - val_loss: 0.7274 - val_acc: 0.8268

Epoch 00003: val_acc did not improve from 0.82709
Epoch 4/150
 - 10s - loss: 0.4407 - acc: 0.8828 - val_loss: 0.7269 - val_acc: 0.8270

Epoch 00004: val_acc did not improve from 0.82709
Epoch 5/150
 - 10s - loss: 0.4404 - acc: 0.8829 - val_loss: 0.7280 - val_acc: 0.8268

Epoch 00005: val_acc did not improve from 0.82709
Epoch 6/150
 - 10s - loss: 0.4400 - acc: 0.8829 - val_loss: 0.7286 - val_acc: 0.8267

Epoch 00006: val_acc did not improve from 0.82709
Epoch 7/150
 - 10s - loss: 0.4398 - acc: 0.8830 - val_loss: 0.7290 - val_acc: 0.8267

Epoch 00007: val_acc did not improve from 0.82709
Epoch 8/150
 - 10s - loss: 0.4396 - acc: 0.8830 - val_loss: 0.7281 - val_acc: 0.8268

Epoch 00008: val_acc did not improve from 0.82709
Epoch 9/150
 - 10s - loss: 0.4395 - acc: 0.8830 - val_loss: 0.7288 - val_acc: 0.8268

Epoch 00009: val_acc did not improve from 0.82709
Epoch 10/150
 - 10s - loss: 0.4393 - acc: 0.8831 - val_loss: 0.7291 - val_acc: 0.8267

Epoch 00010: val_acc did not improve from 0.82709
Epoch 11/150
 - 10s - loss: 0.4392 - acc: 0.8831 - val_loss: 0.7286 - val_acc: 0.8268

Epoch 00011: val_acc did not improve from 0.82709
Epoch 12/150
 - 10s - loss: 0.4390 - acc: 0.8832 - val_loss: 0.7289 - val_acc: 0.8268

Epoch 00012: val_acc did not improve from 0.82709
Epoch 13/150
 - 10s - loss: 0.4389 - acc: 0.8832 - val_loss: 0.7294 - val_acc: 0.8267

Epoch 00013: val_acc did not improve from 0.82709
Epoch 14/150
 - 10s - loss: 0.4389 - acc: 0.8832 - val_loss: 0.7288 - val_acc: 0.8267

Epoch 00014: val_acc did not improve from 0.82709
Epoch 15/150
 - 10s - loss: 0.4388 - acc: 0.8832 - val_loss: 0.7294 - val_acc: 0.8268

Epoch 00015: val_acc did not improve from 0.82709
Epoch 16/150
 - 10s - loss: 0.4387 - acc: 0.8832 - val_loss: 0.7295 - val_acc: 0.8267

Epoch 00016: val_acc did not improve from 0.82709
Epoch 17/150
 - 10s - loss: 0.4387 - acc: 0.8832 - val_loss: 0.7295 - val_acc: 0.8267

Epoch 00017: val_acc did not improve from 0.82709
Epoch 18/150
 - 10s - loss: 0.4386 - acc: 0.8832 - val_loss: 0.7293 - val_acc: 0.8267

Epoch 00018: val_acc did not improve from 0.82709
Epoch 19/150
 - 10s - loss: 0.4386 - acc: 0.8832 - val_loss: 0.7296 - val_acc: 0.8267

Epoch 00019: val_acc did not improve from 0.82709
Epoch 20/150
 - 10s - loss: 0.4386 - acc: 0.8833 - val_loss: 0.7295 - val_acc: 0.8267

Epoch 00020: val_acc did not improve from 0.82709
Epoch 21/150
 - 10s - loss: 0.4385 - acc: 0.8833 - val_loss: 0.7295 - val_acc: 0.8267

Epoch 00021: val_acc did not improve from 0.82709
Epoch 22/150
 - 10s - loss: 0.4385 - acc: 0.8833 - val_loss: 0.7294 - val_acc: 0.8267

Epoch 00022: val_acc did not improve from 0.82709
Epoch 23/150
 - 10s - loss: 0.4385 - acc: 0.8833 - val_loss: 0.7292 - val_acc: 0.8267

Epoch 00023: val_acc did not improve from 0.82709
Epoch 24/150
 - 10s - loss: 0.4384 - acc: 0.8833 - val_loss: 0.7294 - val_acc: 0.8267

Epoch 00024: val_acc did not improve from 0.82709
Epoch 25/150
 - 10s - loss: 0.4384 - acc: 0.8833 - val_loss: 0.7292 - val_acc: 0.8268

Epoch 00025: val_acc did not improve from 0.82709
Epoch 26/150
 - 10s - loss: 0.4384 - acc: 0.8833 - val_loss: 0.7295 - val_acc: 0.8267

Epoch 00026: val_acc did not improve from 0.82709
Epoch 27/150
 - 10s - loss: 0.4384 - acc: 0.8833 - val_loss: 0.7296 - val_acc: 0.8267

Epoch 00027: val_acc did not improve from 0.82709
Epoch 28/150
 - 10s - loss: 0.4384 - acc: 0.8833 - val_loss: 0.7295 - val_acc: 0.8267

Epoch 00028: val_acc did not improve from 0.82709
Epoch 29/150
 - 10s - loss: 0.4384 - acc: 0.8833 - val_loss: 0.7296 - val_acc: 0.8267

Epoch 00029: val_acc did not improve from 0.82709
Epoch 30/150
 - 10s - loss: 0.4384 - acc: 0.8833 - val_loss: 0.7296 - val_acc: 0.8267

Epoch 00030: val_acc did not improve from 0.82709
Epoch 31/150
 - 10s - loss: 0.4384 - acc: 0.8833 - val_loss: 0.7295 - val_acc: 0.8267

Epoch 00031: val_acc did not improve from 0.82709
Epoch 32/150
 - 10s - loss: 0.4383 - acc: 0.8833 - val_loss: 0.7295 - val_acc: 0.8267

Epoch 00032: val_acc did not improve from 0.82709
Epoch 33/150
 - 10s - loss: 0.4383 - acc: 0.8833 - val_loss: 0.7295 - val_acc: 0.8267

Epoch 00033: val_acc did not improve from 0.82709
Epoch 34/150
 - 10s - loss: 0.4383 - acc: 0.8833 - val_loss: 0.7295 - val_acc: 0.8267

Epoch 00034: val_acc did not improve from 0.82709
Epoch 35/150
 - 10s - loss: 0.4383 - acc: 0.8833 - val_loss: 0.7296 - val_acc: 0.8267

Epoch 00035: val_acc did not improve from 0.82709
Epoch 36/150
 - 10s - loss: 0.4383 - acc: 0.8833 - val_loss: 0.7296 - val_acc: 0.8267

Epoch 00036: val_acc did not improve from 0.82709
Epoch 37/150
class 00: #TP=425986, #FP= 57535, #FN=29987, IoU=0.830
class 01: #TP=1084659, #FP=155255, #FN=219287, IoU=0.743
class 02: #TP=   246, #FP= 10336, #FN=36174, IoU=0.005
class 03: #TP=1413387, #FP=111901, #FN=61632, IoU=0.891
class 04: #TP=381207, #FP=122394, #FN=67226, IoU=0.668
class 05: #TP=783303, #FP=116986, #FN=43242, IoU=0.830
class 06: #TP=   171, #FP= 13194, #FN=53221, IoU=0.003
class 07: #TP= 21105, #FP= 14790, #FN=135298, IoU=0.123
class 08: #TP= 66918, #FP=172875, #FN=27142, IoU=0.251
class 09: #TP=   271, #FP= 11049, #FN=36594, IoU=0.006
class 10: #TP=  1001, #FP= 12826, #FN=109971, IoU=0.008
class 11: #TP= 13248, #FP= 77133, #FN=56500, IoU=0.090
_________________
Mean IoU: 0.371
class 00: #TP=425420, #FP= 57769, #FN=30553, IoU=0.828
class 01: #TP=1082494, #FP=150874, #FN=221452, IoU=0.744
class 02: #TP=   251, #FP= 10462, #FN=36169, IoU=0.005
class 03: #TP=1412804, #FP=112727, #FN=62215, IoU=0.890
class 04: #TP=381393, #FP=124443, #FN=67040, IoU=0.666
class 05: #TP=783513, #FP=116857, #FN=43032, IoU=0.831
class 06: #TP=   179, #FP= 13347, #FN=53213, IoU=0.003
class 07: #TP= 22208, #FP= 15959, #FN=134195, IoU=0.129
class 08: #TP= 66824, #FP=173329, #FN=27236, IoU=0.250
class 09: #TP=   295, #FP= 11507, #FN=36570, IoU=0.006
class 10: #TP=  1072, #FP= 13351, #FN=109900, IoU=0.009
class 11: #TP= 13133, #FP= 77565, #FN=56615, IoU=0.089
_________________
Mean IoU: 0.371
class 00: #TP=415077, #FP= 48422, #FN=40896, IoU=0.823
class 01: #TP=1063122, #FP=147392, #FN=240824, IoU=0.733
class 02: #TP=   182, #FP=  7073, #FN=36238, IoU=0.004
class 03: #TP=1402062, #FP=125200, #FN=72957, IoU=0.876
class 04: #TP=375041, #FP= 90038, #FN=73392, IoU=0.696
class 05: #TP=758813, #FP=105410, #FN=67732, IoU=0.814
class 06: #TP=   722, #FP= 24219, #FN=52670, IoU=0.009
class 07: #TP= 77266, #FP= 62043, #FN=79137, IoU=0.354
class 08: #TP= 62547, #FP=176610, #FN=31513, IoU=0.231
class 09: #TP=   294, #FP=  7838, #FN=36571, IoU=0.007
class 10: #TP=   632, #FP=  6010, #FN=110340, IoU=0.005
class 11: #TP= 16482, #FP= 95281, #FN=53266, IoU=0.100
_________________
Mean IoU: 0.388
class 00: #TP=425986, #FP= 57535, #FN=29987, IoU=0.830
class 01: #TP=1084659, #FP=155255, #FN=219287, IoU=0.743
class 02: #TP=   246, #FP= 10336, #FN=36174, IoU=0.005
class 03: #TP=1413387, #FP=111901, #FN=61632, IoU=0.891
class 04: #TP=381207, #FP=122394, #FN=67226, IoU=0.668
class 05: #TP=783303, #FP=116986, #FN=43242, IoU=0.830
class 06: #TP=   171, #FP= 13194, #FN=53221, IoU=0.003
class 07: #TP= 21105, #FP= 14790, #FN=135298, IoU=0.123
class 08: #TP= 66918, #FP=172875, #FN=27142, IoU=0.251
class 09: #TP=   271, #FP= 11049, #FN=36594, IoU=0.006
class 10: #TP=  1001, #FP= 12826, #FN=109971, IoU=0.008
class 11: #TP= 13248, #FP= 77133, #FN=56500, IoU=0.090
_________________
Mean IoU: 0.371
class 00: #TP=425420, #FP= 57769, #FN=30553, IoU=0.828
class 01: #TP=1082494, #FP=150874, #FN=221452, IoU=0.744
class 02: #TP=   251, #FP= 10462, #FN=36169, IoU=0.005
class 03: #TP=1412804, #FP=112727, #FN=62215, IoU=0.890
class 04: #TP=381393, #FP=124443, #FN=67040, IoU=0.666
class 05: #TP=783513, #FP=116857, #FN=43032, IoU=0.831
class 06: #TP=   179, #FP= 13347, #FN=53213, IoU=0.003
class 07: #TP= 22208, #FP= 15959, #FN=134195, IoU=0.129
class 08: #TP= 66824, #FP=173329, #FN=27236, IoU=0.250
class 09: #TP=   295, #FP= 11507, #FN=36570, IoU=0.006
class 10: #TP=  1072, #FP= 13351, #FN=109900, IoU=0.009
class 11: #TP= 13133, #FP= 77565, #FN=56615, IoU=0.089
_________________
Mean IoU: 0.371
class 00: #TP=2853957, #FP=318761, #FN=124368, IoU=0.866
class 01: #TP=4072738, #FP=524390, #FN=224277, IoU=0.845
class 02: #TP=  1157, #FP= 19830, #FN=213971, IoU=0.005
class 03: #TP=5702487, #FP=206470, #FN=192977, IoU=0.935
class 04: #TP=690369, #FP=239519, #FN=198448, IoU=0.612
class 05: #TP=1567194, #FP=355796, #FN=173372, IoU=0.748
class 06: #TP=  5049, #FP= 21726, #FN=238356, IoU=0.019
class 07: #TP= 49802, #FP= 24211, #FN=190375, IoU=0.188
class 08: #TP=952943, #FP=224252, #FN=130123, IoU=0.729
class 09: #TP=  3711, #FP= 22620, #FN=128342, IoU=0.024
class 10: #TP=  3971, #FP= 30385, #FN=78267, IoU=0.035
class 11: #TP=368413, #FP=154841, #FN=249925, IoU=0.476
_________________
Mean IoU: 0.457
Train on 367 samples, validate on 101 samples
Epoch 1/150
 - 18s - loss: 2.5720 - acc: 0.0979 - val_loss: 2.4399 - val_acc: 0.1228

Epoch 00001: val_acc improved from -inf to 0.12281, saving model to stanford_fcn8_weights.best.hdf5
Epoch 2/150
 - 10s - loss: 2.4150 - acc: 0.1422 - val_loss: 2.4007 - val_acc: 0.1486

Epoch 00002: val_acc improved from 0.12281 to 0.14862, saving model to stanford_fcn8_weights.best.hdf5
Epoch 3/150
 - 10s - loss: 2.3574 - acc: 0.1736 - val_loss: 2.3346 - val_acc: 0.1885

Epoch 00003: val_acc improved from 0.14862 to 0.18854, saving model to stanford_fcn8_weights.best.hdf5
Epoch 4/150
 - 10s - loss: 2.2669 - acc: 0.2308 - val_loss: 2.2349 - val_acc: 0.2563

Epoch 00004: val_acc improved from 0.18854 to 0.25630, saving model to stanford_fcn8_weights.best.hdf5
Epoch 5/150
 - 10s - loss: 2.1470 - acc: 0.2915 - val_loss: 2.1171 - val_acc: 0.2968

Epoch 00005: val_acc improved from 0.25630 to 0.29682, saving model to stanford_fcn8_weights.best.hdf5
Epoch 6/150
 - 10s - loss: 1.9891 - acc: 0.3528 - val_loss: 1.9334 - val_acc: 0.3692

Epoch 00006: val_acc improved from 0.29682 to 0.36917, saving model to stanford_fcn8_weights.best.hdf5
Epoch 7/150
 - 10s - loss: 1.8025 - acc: 0.4216 - val_loss: 1.7721 - val_acc: 0.4270

Epoch 00007: val_acc improved from 0.36917 to 0.42700, saving model to stanford_fcn8_weights.best.hdf5
Epoch 8/150
 - 10s - loss: 1.6193 - acc: 0.4889 - val_loss: 1.5786 - val_acc: 0.4909

Epoch 00008: val_acc improved from 0.42700 to 0.49091, saving model to stanford_fcn8_weights.best.hdf5
Epoch 9/150
 - 10s - loss: 1.4312 - acc: 0.5500 - val_loss: 1.4378 - val_acc: 0.5364

Epoch 00009: val_acc improved from 0.49091 to 0.53641, saving model to stanford_fcn8_weights.best.hdf5
Epoch 10/150
 - 10s - loss: 1.2741 - acc: 0.6004 - val_loss: 1.3102 - val_acc: 0.5862

Epoch 00010: val_acc improved from 0.53641 to 0.58622, saving model to stanford_fcn8_weights.best.hdf5
Epoch 11/150
 - 10s - loss: 1.1568 - acc: 0.6494 - val_loss: 1.1885 - val_acc: 0.6284

Epoch 00011: val_acc improved from 0.58622 to 0.62842, saving model to stanford_fcn8_weights.best.hdf5
Epoch 12/150
 - 10s - loss: 1.0611 - acc: 0.6856 - val_loss: 1.1263 - val_acc: 0.6492

Epoch 00012: val_acc improved from 0.62842 to 0.64924, saving model to stanford_fcn8_weights.best.hdf5
Epoch 13/150
 - 10s - loss: 0.9877 - acc: 0.7074 - val_loss: 1.1270 - val_acc: 0.6570

Epoch 00013: val_acc improved from 0.64924 to 0.65696, saving model to stanford_fcn8_weights.best.hdf5
Epoch 14/150
 - 10s - loss: 0.9379 - acc: 0.7198 - val_loss: 1.0093 - val_acc: 0.6871

Epoch 00014: val_acc improved from 0.65696 to 0.68709, saving model to stanford_fcn8_weights.best.hdf5
Epoch 15/150
 - 10s - loss: 0.8920 - acc: 0.7314 - val_loss: 0.9826 - val_acc: 0.6979

Epoch 00015: val_acc improved from 0.68709 to 0.69788, saving model to stanford_fcn8_weights.best.hdf5
Epoch 16/150
 - 10s - loss: 0.8549 - acc: 0.7424 - val_loss: 0.9267 - val_acc: 0.7213

Epoch 00016: val_acc improved from 0.69788 to 0.72129, saving model to stanford_fcn8_weights.best.hdf5
Epoch 17/150
 - 10s - loss: 0.8174 - acc: 0.7557 - val_loss: 0.9141 - val_acc: 0.7311

Epoch 00017: val_acc improved from 0.72129 to 0.73106, saving model to stanford_fcn8_weights.best.hdf5
Epoch 18/150
 - 10s - loss: 0.7836 - acc: 0.7690 - val_loss: 0.8825 - val_acc: 0.7458

Epoch 00018: val_acc improved from 0.73106 to 0.74584, saving model to stanford_fcn8_weights.best.hdf5
Epoch 19/150
 - 10s - loss: 0.7537 - acc: 0.7818 - val_loss: 0.8201 - val_acc: 0.7699

Epoch 00019: val_acc improved from 0.74584 to 0.76994, saving model to stanford_fcn8_weights.best.hdf5
Epoch 20/150
 - 10s - loss: 0.7396 - acc: 0.7910 - val_loss: 0.8533 - val_acc: 0.7714

Epoch 00020: val_acc improved from 0.76994 to 0.77143, saving model to stanford_fcn8_weights.best.hdf5
Epoch 21/150
 - 10s - loss: 0.7136 - acc: 0.7976 - val_loss: 0.7842 - val_acc: 0.7829

Epoch 00021: val_acc improved from 0.77143 to 0.78288, saving model to stanford_fcn8_weights.best.hdf5
Epoch 22/150
 - 10s - loss: 0.6707 - acc: 0.8115 - val_loss: 0.7858 - val_acc: 0.7854

Epoch 00022: val_acc improved from 0.78288 to 0.78545, saving model to stanford_fcn8_weights.best.hdf5
Epoch 23/150
 - 10s - loss: 0.6387 - acc: 0.8218 - val_loss: 0.7588 - val_acc: 0.7945

Epoch 00023: val_acc improved from 0.78545 to 0.79445, saving model to stanford_fcn8_weights.best.hdf5
Epoch 24/150
 - 10s - loss: 0.6168 - acc: 0.8292 - val_loss: 0.7533 - val_acc: 0.7997

Epoch 00024: val_acc improved from 0.79445 to 0.79973, saving model to stanford_fcn8_weights.best.hdf5
Epoch 25/150
 - 10s - loss: 0.5903 - acc: 0.8373 - val_loss: 0.7548 - val_acc: 0.8038

Epoch 00025: val_acc improved from 0.79973 to 0.80376, saving model to stanford_fcn8_weights.best.hdf5
Epoch 26/150
 - 10s - loss: 0.5684 - acc: 0.8441 - val_loss: 0.7522 - val_acc: 0.8047

Epoch 00026: val_acc improved from 0.80376 to 0.80468, saving model to stanford_fcn8_weights.best.hdf5
Epoch 27/150
 - 10s - loss: 0.5461 - acc: 0.8511 - val_loss: 0.7553 - val_acc: 0.8110

Epoch 00027: val_acc improved from 0.80468 to 0.81102, saving model to stanford_fcn8_weights.best.hdf5
Epoch 28/150
 - 10s - loss: 0.5324 - acc: 0.8552 - val_loss: 0.7567 - val_acc: 0.8111

Epoch 00028: val_acc improved from 0.81102 to 0.81106, saving model to stanford_fcn8_weights.best.hdf5
Epoch 29/150
 - 10s - loss: 0.5124 - acc: 0.8611 - val_loss: 0.7445 - val_acc: 0.8127

Epoch 00029: val_acc improved from 0.81106 to 0.81267, saving model to stanford_fcn8_weights.best.hdf5
Epoch 30/150
 - 10s - loss: 0.4961 - acc: 0.8659 - val_loss: 0.7599 - val_acc: 0.8161

Epoch 00030: val_acc improved from 0.81267 to 0.81610, saving model to stanford_fcn8_weights.best.hdf5
Epoch 31/150
 - 10s - loss: 0.4812 - acc: 0.8702 - val_loss: 0.7467 - val_acc: 0.8161

Epoch 00031: val_acc improved from 0.81610 to 0.81611, saving model to stanford_fcn8_weights.best.hdf5
Epoch 32/150
 - 10s - loss: 0.4675 - acc: 0.8739 - val_loss: 0.7541 - val_acc: 0.8164

Epoch 00032: val_acc improved from 0.81611 to 0.81641, saving model to stanford_fcn8_weights.best.hdf5
Epoch 33/150
 - 10s - loss: 0.4547 - acc: 0.8771 - val_loss: 0.7470 - val_acc: 0.8213

Epoch 00033: val_acc improved from 0.81641 to 0.82126, saving model to stanford_fcn8_weights.best.hdf5
Epoch 34/150
 - 10s - loss: 0.4451 - acc: 0.8795 - val_loss: 0.7765 - val_acc: 0.8192

Epoch 00034: val_acc did not improve from 0.82126
Epoch 35/150
 - 10s - loss: 0.4385 - acc: 0.8809 - val_loss: 0.7885 - val_acc: 0.8205

Epoch 00035: val_acc did not improve from 0.82126
Epoch 36/150
 - 10s - loss: 0.4275 - acc: 0.8837 - val_loss: 0.7690 - val_acc: 0.8195

Epoch 00036: val_acc did not improve from 0.82126
Epoch 37/150
 - 10s - loss: 0.4173 - acc: 0.8865 - val_loss: 0.7760 - val_acc: 0.8193

Epoch 00037: val_acc did not improve from 0.82126
Epoch 38/150
Train on 367 samples, validate on 101 samples
Epoch 1/150
 - 20s - loss: 0.4392 - acc: 0.8814 - val_loss: 0.7478 - val_acc: 0.8207

Epoch 00001: val_acc improved from -inf to 0.82067, saving model to stanford_fcn8_weights.best.hdf5
Epoch 2/150
 - 12s - loss: 0.4319 - acc: 0.8832 - val_loss: 0.7588 - val_acc: 0.8202

Epoch 00002: val_acc did not improve from 0.82067
Epoch 3/150
 - 12s - loss: 0.4277 - acc: 0.8843 - val_loss: 0.7600 - val_acc: 0.8206

Epoch 00003: val_acc did not improve from 0.82067
Epoch 4/150
 - 12s - loss: 0.4240 - acc: 0.8851 - val_loss: 0.7616 - val_acc: 0.8202

Epoch 00004: val_acc did not improve from 0.82067
Epoch 5/150
 - 12s - loss: 0.4208 - acc: 0.8859 - val_loss: 0.7622 - val_acc: 0.8205

Epoch 00005: val_acc did not improve from 0.82067
Epoch 6/150
 - 12s - loss: 0.4176 - acc: 0.8866 - val_loss: 0.7634 - val_acc: 0.8202

Epoch 00006: val_acc did not improve from 0.82067
Epoch 7/150
 - 12s - loss: 0.4143 - acc: 0.8874 - val_loss: 0.7685 - val_acc: 0.8209

Epoch 00007: val_acc improved from 0.82067 to 0.82086, saving model to stanford_fcn8_weights.best.hdf5
Epoch 8/150
 - 12s - loss: 0.4111 - acc: 0.8882 - val_loss: 0.7655 - val_acc: 0.8206

Epoch 00008: val_acc did not improve from 0.82086
Epoch 9/150
 - 12s - loss: 0.4083 - acc: 0.8888 - val_loss: 0.7768 - val_acc: 0.8203

Epoch 00009: val_acc did not improve from 0.82086
Epoch 10/150
 - 12s - loss: 0.4053 - acc: 0.8895 - val_loss: 0.7753 - val_acc: 0.8204

Epoch 00010: val_acc did not improve from 0.82086
Epoch 11/150
 - 12s - loss: 0.4022 - acc: 0.8902 - val_loss: 0.7792 - val_acc: 0.8205

Epoch 00011: val_acc did not improve from 0.82086
Epoch 12/150
 - 12s - loss: 0.3991 - acc: 0.8910 - val_loss: 0.7767 - val_acc: 0.8205

Epoch 00012: val_acc did not improve from 0.82086
Epoch 13/150
 - 12s - loss: 0.3983 - acc: 0.8912 - val_loss: 0.7798 - val_acc: 0.8205

Epoch 00013: val_acc did not improve from 0.82086
Epoch 14/150
 - 12s - loss: 0.3977 - acc: 0.8913 - val_loss: 0.7823 - val_acc: 0.8204

Epoch 00014: val_acc did not improve from 0.82086
Epoch 15/150
 - 12s - loss: 0.3971 - acc: 0.8915 - val_loss: 0.7838 - val_acc: 0.8205

Epoch 00015: val_acc did not improve from 0.82086
Epoch 16/150
 - 12s - loss: 0.3965 - acc: 0.8916 - val_loss: 0.7815 - val_acc: 0.8204

Epoch 00016: val_acc did not improve from 0.82086
Epoch 17/150
 - 12s - loss: 0.3959 - acc: 0.8917 - val_loss: 0.7815 - val_acc: 0.8205

Epoch 00017: val_acc did not improve from 0.82086
Epoch 18/150
 - 12s - loss: 0.3953 - acc: 0.8919 - val_loss: 0.7811 - val_acc: 0.8206

Epoch 00018: val_acc did not improve from 0.82086
Epoch 19/150
 - 12s - loss: 0.3947 - acc: 0.8919 - val_loss: 0.7814 - val_acc: 0.8204

Epoch 00019: val_acc did not improve from 0.82086
Epoch 20/150
 - 12s - loss: 0.3942 - acc: 0.8921 - val_loss: 0.7811 - val_acc: 0.8202

Epoch 00020: val_acc did not improve from 0.82086
Epoch 21/150
 - 12s - loss: 0.3936 - acc: 0.8923 - val_loss: 0.7847 - val_acc: 0.8205

Epoch 00021: val_acc did not improve from 0.82086
Epoch 22/150
class 00: #TP=2853957, #FP=318761, #FN=124368, IoU=0.866
class 01: #TP=4072738, #FP=524390, #FN=224277, IoU=0.845
class 02: #TP=  1157, #FP= 19830, #FN=213971, IoU=0.005
class 03: #TP=5702487, #FP=206470, #FN=192977, IoU=0.935
class 04: #TP=690369, #FP=239519, #FN=198448, IoU=0.612
class 05: #TP=1567194, #FP=355796, #FN=173372, IoU=0.748
class 06: #TP=  5049, #FP= 21726, #FN=238356, IoU=0.019
class 07: #TP= 49802, #FP= 24211, #FN=190375, IoU=0.188
class 08: #TP=952943, #FP=224252, #FN=130123, IoU=0.729
class 09: #TP=  3711, #FP= 22620, #FN=128342, IoU=0.024
class 10: #TP=  3971, #FP= 30385, #FN=78267, IoU=0.035
class 11: #TP=368413, #FP=154841, #FN=249925, IoU=0.476
_________________
Mean IoU: 0.457
class 00: #TP=425420, #FP= 57769, #FN=30553, IoU=0.828
class 01: #TP=1082494, #FP=150874, #FN=221452, IoU=0.744
class 02: #TP=   251, #FP= 10462, #FN=36169, IoU=0.005
class 03: #TP=1412804, #FP=112727, #FN=62215, IoU=0.890
class 04: #TP=381393, #FP=124443, #FN=67040, IoU=0.666
class 05: #TP=783513, #FP=116857, #FN=43032, IoU=0.831
class 06: #TP=   179, #FP= 13347, #FN=53213, IoU=0.003
class 07: #TP= 22208, #FP= 15959, #FN=134195, IoU=0.129
class 08: #TP= 66824, #FP=173329, #FN=27236, IoU=0.250
class 09: #TP=   295, #FP= 11507, #FN=36570, IoU=0.006
class 10: #TP=  1072, #FP= 13351, #FN=109900, IoU=0.009
class 11: #TP= 13133, #FP= 77565, #FN=56615, IoU=0.089
_________________
Mean IoU: 0.371
class 00: #TP=420707, #FP= 42054, #FN=35266, IoU=0.845
class 01: #TP=1093751, #FP=170972, #FN=210195, IoU=0.742
class 02: #TP=   110, #FP=  6409, #FN=36310, IoU=0.003
class 03: #TP=1396775, #FP=102983, #FN=78244, IoU=0.885
class 04: #TP=368919, #FP= 84705, #FN=79514, IoU=0.692
class 05: #TP=767822, #FP=104776, #FN=58723, IoU=0.824
class 06: #TP=   224, #FP= 16114, #FN=53168, IoU=0.003
class 07: #TP= 24112, #FP= 22196, #FN=132291, IoU=0.135
class 08: #TP= 64005, #FP=189521, #FN=30055, IoU=0.226
class 09: #TP=   347, #FP= 16263, #FN=36518, IoU=0.007
class 10: #TP=  1686, #FP= 23866, #FN=109286, IoU=0.013
class 11: #TP= 21465, #FP=127994, #FN=48283, IoU=0.109
_________________
Mean IoU: 0.373
class 00: #TP=2854177, #FP=309049, #FN=124148, IoU=0.868
class 01: #TP=4078447, #FP=500957, #FN=218568, IoU=0.850
class 02: #TP=  1144, #FP= 17503, #FN=213984, IoU=0.005
class 03: #TP=5686005, #FP=190460, #FN=209459, IoU=0.934
class 04: #TP=681372, #FP=166342, #FN=207445, IoU=0.646
class 05: #TP=1567294, #FP=329524, #FN=173272, IoU=0.757
class 06: #TP= 20121, #FP= 26459, #FN=223284, IoU=0.075
class 07: #TP= 58417, #FP= 38750, #FN=181760, IoU=0.209
class 08: #TP=955535, #FP=202410, #FN=127531, IoU=0.743
class 09: #TP=  3927, #FP= 35161, #FN=128126, IoU=0.023
class 10: #TP=  6233, #FP= 44414, #FN=76005, IoU=0.049
class 11: #TP=442660, #FP=198231, #FN=175678, IoU=0.542
_________________
Mean IoU: 0.475
Train on 367 samples, validate on 101 samples
Epoch 1/150
 - 24s - loss: 2.4793 - acc: 0.1202 - val_loss: 2.3790 - val_acc: 0.1700

Epoch 00001: val_acc improved from -inf to 0.17000, saving model to stanford_fcn8_weights.best.hdf5
Epoch 2/150
 - 18s - loss: 2.1726 - acc: 0.2665 - val_loss: 1.9630 - val_acc: 0.3558

Epoch 00002: val_acc improved from 0.17000 to 0.35577, saving model to stanford_fcn8_weights.best.hdf5
Epoch 3/150
 - 18s - loss: 1.6353 - acc: 0.4711 - val_loss: 1.4988 - val_acc: 0.5020

Epoch 00003: val_acc improved from 0.35577 to 0.50203, saving model to stanford_fcn8_weights.best.hdf5
Epoch 4/150
 - 18s - loss: 1.2650 - acc: 0.5924 - val_loss: 1.2090 - val_acc: 0.5915

Epoch 00004: val_acc improved from 0.50203 to 0.59154, saving model to stanford_fcn8_weights.best.hdf5
Epoch 5/150
 - 18s - loss: 1.0158 - acc: 0.6898 - val_loss: 1.0214 - val_acc: 0.6936

Epoch 00005: val_acc improved from 0.59154 to 0.69356, saving model to stanford_fcn8_weights.best.hdf5
Epoch 6/150
 - 18s - loss: 0.8827 - acc: 0.7393 - val_loss: 0.9197 - val_acc: 0.7298

Epoch 00006: val_acc improved from 0.69356 to 0.72982, saving model to stanford_fcn8_weights.best.hdf5
Epoch 7/150
 - 18s - loss: 0.7888 - acc: 0.7739 - val_loss: 0.7935 - val_acc: 0.7814

Epoch 00007: val_acc improved from 0.72982 to 0.78137, saving model to stanford_fcn8_weights.best.hdf5
Epoch 8/150
 - 18s - loss: 0.6993 - acc: 0.8054 - val_loss: 0.7590 - val_acc: 0.7968

Epoch 00008: val_acc improved from 0.78137 to 0.79679, saving model to stanford_fcn8_weights.best.hdf5
Epoch 9/150
 - 18s - loss: 0.6439 - acc: 0.8235 - val_loss: 0.7859 - val_acc: 0.7992

Epoch 00009: val_acc improved from 0.79679 to 0.79917, saving model to stanford_fcn8_weights.best.hdf5
Epoch 10/150
 - 18s - loss: 0.5990 - acc: 0.8365 - val_loss: 0.7031 - val_acc: 0.8200

Epoch 00010: val_acc improved from 0.79917 to 0.82000, saving model to stanford_fcn8_weights.best.hdf5
Epoch 11/150
 - 18s - loss: 0.5549 - acc: 0.8496 - val_loss: 0.6583 - val_acc: 0.8249

Epoch 00011: val_acc improved from 0.82000 to 0.82492, saving model to stanford_fcn8_weights.best.hdf5
Epoch 12/150
 - 18s - loss: 0.5274 - acc: 0.8564 - val_loss: 0.6701 - val_acc: 0.8209

Epoch 00012: val_acc did not improve from 0.82492
Epoch 13/150
 - 18s - loss: 0.5040 - acc: 0.8630 - val_loss: 0.6380 - val_acc: 0.8265

Epoch 00013: val_acc improved from 0.82492 to 0.82653, saving model to stanford_fcn8_weights.best.hdf5
Epoch 14/150
 - 18s - loss: 0.4776 - acc: 0.8704 - val_loss: 0.7047 - val_acc: 0.8250

Epoch 00014: val_acc did not improve from 0.82653
Epoch 15/150
 - 18s - loss: 0.4545 - acc: 0.8769 - val_loss: 0.6711 - val_acc: 0.8311

Epoch 00015: val_acc improved from 0.82653 to 0.83109, saving model to stanford_fcn8_weights.best.hdf5
Epoch 16/150
 - 18s - loss: 0.4369 - acc: 0.8810 - val_loss: 0.7029 - val_acc: 0.8365

Epoch 00016: val_acc improved from 0.83109 to 0.83652, saving model to stanford_fcn8_weights.best.hdf5
Epoch 17/150
 - 18s - loss: 0.4201 - acc: 0.8858 - val_loss: 0.6638 - val_acc: 0.8352

Epoch 00017: val_acc did not improve from 0.83652
Epoch 18/150
 - 18s - loss: 0.4075 - acc: 0.8885 - val_loss: 0.6849 - val_acc: 0.8354

Epoch 00018: val_acc did not improve from 0.83652
Epoch 19/150
 - 18s - loss: 0.3929 - acc: 0.8919 - val_loss: 0.6705 - val_acc: 0.8422

Epoch 00019: val_acc improved from 0.83652 to 0.84222, saving model to stanford_fcn8_weights.best.hdf5
Epoch 20/150
 - 18s - loss: 0.3809 - acc: 0.8946 - val_loss: 0.6642 - val_acc: 0.8381

Epoch 00020: val_acc did not improve from 0.84222
Epoch 21/150
 - 18s - loss: 0.3703 - acc: 0.8969 - val_loss: 0.6831 - val_acc: 0.8414

Epoch 00021: val_acc did not improve from 0.84222
Epoch 22/150
 - 18s - loss: 0.3652 - acc: 0.8979 - val_loss: 0.6887 - val_acc: 0.8411

Epoch 00022: val_acc did not improve from 0.84222
Epoch 23/150
 - 18s - loss: 0.3560 - acc: 0.9002 - val_loss: 0.6683 - val_acc: 0.8420

Epoch 00023: val_acc did not improve from 0.84222
Epoch 24/150
 - 18s - loss: 0.3374 - acc: 0.9049 - val_loss: 0.6741 - val_acc: 0.8434

Epoch 00024: val_acc improved from 0.84222 to 0.84341, saving model to stanford_fcn8_weights.best.hdf5
Epoch 25/150
 - 18s - loss: 0.3282 - acc: 0.9076 - val_loss: 0.6826 - val_acc: 0.8442

Epoch 00025: val_acc improved from 0.84341 to 0.84417, saving model to stanford_fcn8_weights.best.hdf5
Epoch 26/150
 - 18s - loss: 0.3239 - acc: 0.9088 - val_loss: 0.6912 - val_acc: 0.8434

Epoch 00026: val_acc did not improve from 0.84417
Epoch 27/150
 - 18s - loss: 0.3203 - acc: 0.9098 - val_loss: 0.6920 - val_acc: 0.8438

Epoch 00027: val_acc did not improve from 0.84417
Epoch 28/150
 - 18s - loss: 0.3173 - acc: 0.9107 - val_loss: 0.6954 - val_acc: 0.8426

Epoch 00028: val_acc did not improve from 0.84417
Epoch 29/150
 - 18s - loss: 0.3144 - acc: 0.9115 - val_loss: 0.7041 - val_acc: 0.8431

Epoch 00029: val_acc did not improve from 0.84417
Epoch 30/150
 - 18s - loss: 0.3116 - acc: 0.9122 - val_loss: 0.7095 - val_acc: 0.8428

Epoch 00030: val_acc did not improve from 0.84417
Epoch 31/150
class 00: #TP=2876843, #FP=274482, #FN=101482, IoU=0.884
class 01: #TP=4103799, #FP=418827, #FN=193216, IoU=0.870
class 02: #TP=   848, #FP=  5955, #FN=214280, IoU=0.004
class 03: #TP=5728348, #FP=154430, #FN=167116, IoU=0.947
class 04: #TP=708233, #FP=114073, #FN=180584, IoU=0.706
class 05: #TP=1595762, #FP=297557, #FN=144804, IoU=0.783
class 06: #TP= 40915, #FP= 18643, #FN=202490, IoU=0.156
class 07: #TP=169973, #FP= 49562, #FN=70204, IoU=0.587
class 08: #TP=986289, #FP=150684, #FN=96777, IoU=0.799
class 09: #TP=  2295, #FP=  3472, #FN=129758, IoU=0.017
class 10: #TP=  6919, #FP=  3168, #FN=75319, IoU=0.081
class 11: #TP=512631, #FP=190884, #FN=105707, IoU=0.633
_________________
Mean IoU: 0.539
class 00: #TP=428546, #FP= 33558, #FN=27427, IoU=0.875
class 01: #TP=1099850, #FP=129859, #FN=204096, IoU=0.767
class 02: #TP=    75, #FP=  2666, #FN=36345, IoU=0.002
class 03: #TP=1410993, #FP=103921, #FN=64026, IoU=0.894
class 04: #TP=378447, #FP= 75439, #FN=69986, IoU=0.722
class 05: #TP=791772, #FP=121461, #FN=34773, IoU=0.835
class 06: #TP=   159, #FP=  9764, #FN=53233, IoU=0.003
class 07: #TP= 74789, #FP= 43451, #FN=81614, IoU=0.374
class 08: #TP= 68693, #FP=150558, #FN=25367, IoU=0.281
class 09: #TP=   210, #FP=  2692, #FN=36655, IoU=0.005
class 10: #TP=  2206, #FP=  2778, #FN=108766, IoU=0.019
class 11: #TP= 22341, #FP=113548, #FN=47407, IoU=0.122
_________________
Mean IoU: 0.408
Train on 367 samples, validate on 101 samples
Epoch 1/150
 - 24s - loss: 0.3246 - acc: 0.9086 - val_loss: 0.6816 - val_acc: 0.8439

Epoch 00001: val_acc improved from -inf to 0.84391, saving model to stanford_fcn8_weights.best.hdf5
Epoch 2/150
 - 18s - loss: 0.3210 - acc: 0.9096 - val_loss: 0.6905 - val_acc: 0.8437

Epoch 00002: val_acc did not improve from 0.84391
Epoch 3/150
 - 17s - loss: 0.3183 - acc: 0.9103 - val_loss: 0.6987 - val_acc: 0.8434

Epoch 00003: val_acc did not improve from 0.84391
Epoch 4/150
 - 18s - loss: 0.3158 - acc: 0.9110 - val_loss: 0.6998 - val_acc: 0.8426

Epoch 00004: val_acc did not improve from 0.84391
Epoch 5/150
 - 18s - loss: 0.3132 - acc: 0.9118 - val_loss: 0.6999 - val_acc: 0.8433

Epoch 00005: val_acc did not improve from 0.84391
Epoch 6/150
 - 18s - loss: 0.3108 - acc: 0.9124 - val_loss: 0.7105 - val_acc: 0.8427

Epoch 00006: val_acc did not improve from 0.84391
Epoch 7/150
 - 18s - loss: 0.3085 - acc: 0.9131 - val_loss: 0.7077 - val_acc: 0.8430

Epoch 00007: val_acc did not improve from 0.84391
Epoch 8/150
 - 18s - loss: 0.3061 - acc: 0.9137 - val_loss: 0.7120 - val_acc: 0.8431

Epoch 00008: val_acc did not improve from 0.84391
Epoch 9/150
 - 18s - loss: 0.3039 - acc: 0.9143 - val_loss: 0.7229 - val_acc: 0.8424

Epoch 00009: val_acc did not improve from 0.84391
Epoch 10/150
 - 18s - loss: 0.3017 - acc: 0.9149 - val_loss: 0.7237 - val_acc: 0.8425

Epoch 00010: val_acc did not improve from 0.84391
Epoch 11/150
 - 18s - loss: 0.2994 - acc: 0.9155 - val_loss: 0.7260 - val_acc: 0.8425

Epoch 00011: val_acc did not improve from 0.84391
Epoch 12/150
 - 18s - loss: 0.2971 - acc: 0.9161 - val_loss: 0.7298 - val_acc: 0.8423

Epoch 00012: val_acc did not improve from 0.84391
Epoch 13/150
 - 18s - loss: 0.2965 - acc: 0.9163 - val_loss: 0.7284 - val_acc: 0.8424

Epoch 00013: val_acc did not improve from 0.84391
Epoch 14/150
 - 18s - loss: 0.2960 - acc: 0.9164 - val_loss: 0.7304 - val_acc: 0.8424

Epoch 00014: val_acc did not improve from 0.84391
Epoch 15/150
 - 17s - loss: 0.2956 - acc: 0.9165 - val_loss: 0.7310 - val_acc: 0.8423

Epoch 00015: val_acc did not improve from 0.84391
Epoch 16/150
 - 18s - loss: 0.2951 - acc: 0.9166 - val_loss: 0.7343 - val_acc: 0.8423

Epoch 00016: val_acc did not improve from 0.84391
Epoch 17/150
 - 18s - loss: 0.2947 - acc: 0.9168 - val_loss: 0.7354 - val_acc: 0.8421

Epoch 00017: val_acc did not improve from 0.84391
Epoch 18/150
 - 18s - loss: 0.2942 - acc: 0.9169 - val_loss: 0.7351 - val_acc: 0.8422

Epoch 00018: val_acc did not improve from 0.84391
Epoch 19/150
 - 18s - loss: 0.2938 - acc: 0.9170 - val_loss: 0.7371 - val_acc: 0.8422

Epoch 00019: val_acc did not improve from 0.84391
Epoch 20/150
 - 18s - loss: 0.2933 - acc: 0.9171 - val_loss: 0.7356 - val_acc: 0.8421

Epoch 00020: val_acc did not improve from 0.84391
Epoch 21/150
 - 18s - loss: 0.2929 - acc: 0.9172 - val_loss: 0.7379 - val_acc: 0.8422

Epoch 00021: val_acc did not improve from 0.84391
Epoch 22/150
 - 18s - loss: 0.2924 - acc: 0.9173 - val_loss: 0.7379 - val_acc: 0.8421

Epoch 00022: val_acc did not improve from 0.84391
Epoch 23/150
class 00: #TP=431858, #FP= 37426, #FN=24115, IoU=0.875
class 01: #TP=1099981, #FP=131999, #FN=203965, IoU=0.766
class 02: #TP=    79, #FP=  2796, #FN=36341, IoU=0.002
class 03: #TP=1410934, #FP=105014, #FN=64085, IoU=0.893
class 04: #TP=378333, #FP= 75635, #FN=70100, IoU=0.722
class 05: #TP=789616, #FP=118354, #FN=36929, IoU=0.836
class 06: #TP=   211, #FP= 11045, #FN=53181, IoU=0.003
class 07: #TP= 74099, #FP= 42754, #FN=82304, IoU=0.372
class 08: #TP= 69057, #FP=152671, #FN=25003, IoU=0.280
class 09: #TP=   223, #FP=  2905, #FN=36642, IoU=0.006
class 10: #TP=  2168, #FP=  2841, #FN=108804, IoU=0.019
class 11: #TP= 20209, #FP=107568, #FN=49539, IoU=0.114
_________________
Mean IoU: 0.407
Train on 367 samples, validate on 101 samples
Epoch 1/150
 - 24s - loss: 2.8350 - acc: 0.0989 - val_loss: 2.5231 - val_acc: 0.1188

Epoch 00001: val_acc improved from -inf to 0.11882, saving model to stanford_fcn8_weights.best.hdf5
Epoch 2/150
 - 18s - loss: 2.4648 - acc: 0.1338 - val_loss: 2.4390 - val_acc: 0.1404

Epoch 00002: val_acc improved from 0.11882 to 0.14039, saving model to stanford_fcn8_weights.best.hdf5
Epoch 3/150
 - 18s - loss: 2.4121 - acc: 0.1571 - val_loss: 2.3995 - val_acc: 0.1619

Epoch 00003: val_acc improved from 0.14039 to 0.16190, saving model to stanford_fcn8_weights.best.hdf5
Epoch 4/150
 - 18s - loss: 2.3819 - acc: 0.1729 - val_loss: 2.3710 - val_acc: 0.1792

Epoch 00004: val_acc improved from 0.16190 to 0.17923, saving model to stanford_fcn8_weights.best.hdf5
Epoch 5/150
 - 18s - loss: 2.3532 - acc: 0.1867 - val_loss: 2.3408 - val_acc: 0.1910

Epoch 00005: val_acc improved from 0.17923 to 0.19096, saving model to stanford_fcn8_weights.best.hdf5
Epoch 6/150
 - 18s - loss: 2.3204 - acc: 0.2026 - val_loss: 2.3084 - val_acc: 0.2080

Epoch 00006: val_acc improved from 0.19096 to 0.20795, saving model to stanford_fcn8_weights.best.hdf5
Epoch 7/150
 - 18s - loss: 2.2833 - acc: 0.2230 - val_loss: 2.2719 - val_acc: 0.2277

Epoch 00007: val_acc improved from 0.20795 to 0.22773, saving model to stanford_fcn8_weights.best.hdf5
Epoch 8/150
 - 18s - loss: 2.2392 - acc: 0.2478 - val_loss: 2.2267 - val_acc: 0.2530

Epoch 00008: val_acc improved from 0.22773 to 0.25298, saving model to stanford_fcn8_weights.best.hdf5
Epoch 9/150
 - 18s - loss: 2.1885 - acc: 0.2695 - val_loss: 2.1827 - val_acc: 0.2720

Epoch 00009: val_acc improved from 0.25298 to 0.27199, saving model to stanford_fcn8_weights.best.hdf5
Epoch 10/150
 - 18s - loss: 2.1308 - acc: 0.2882 - val_loss: 2.1236 - val_acc: 0.2887

Epoch 00010: val_acc improved from 0.27199 to 0.28873, saving model to stanford_fcn8_weights.best.hdf5
Epoch 11/150
 - 18s - loss: 2.0651 - acc: 0.3168 - val_loss: 2.0574 - val_acc: 0.3175

Epoch 00011: val_acc improved from 0.28873 to 0.31755, saving model to stanford_fcn8_weights.best.hdf5
Epoch 12/150
 - 18s - loss: 1.9946 - acc: 0.3484 - val_loss: 1.9901 - val_acc: 0.3459

Epoch 00012: val_acc improved from 0.31755 to 0.34593, saving model to stanford_fcn8_weights.best.hdf5
Epoch 13/150
 - 18s - loss: 1.9156 - acc: 0.3790 - val_loss: 1.9159 - val_acc: 0.3722

Epoch 00013: val_acc improved from 0.34593 to 0.37221, saving model to stanford_fcn8_weights.best.hdf5
Epoch 14/150
 - 18s - loss: 1.8371 - acc: 0.4132 - val_loss: 1.8439 - val_acc: 0.4041

Epoch 00014: val_acc improved from 0.37221 to 0.40407, saving model to stanford_fcn8_weights.best.hdf5
Epoch 15/150
 - 18s - loss: 1.7553 - acc: 0.4423 - val_loss: 1.7700 - val_acc: 0.4316

Epoch 00015: val_acc improved from 0.40407 to 0.43161, saving model to stanford_fcn8_weights.best.hdf5
Epoch 16/150
 - 18s - loss: 1.6721 - acc: 0.4705 - val_loss: 1.6939 - val_acc: 0.4533

Epoch 00016: val_acc improved from 0.43161 to 0.45328, saving model to stanford_fcn8_weights.best.hdf5
Epoch 17/150
 - 18s - loss: 1.5944 - acc: 0.4984 - val_loss: 1.6247 - val_acc: 0.4807

Epoch 00017: val_acc improved from 0.45328 to 0.48067, saving model to stanford_fcn8_weights.best.hdf5
Epoch 18/150
 - 18s - loss: 1.5036 - acc: 0.5332 - val_loss: 1.5559 - val_acc: 0.5116

Epoch 00018: val_acc improved from 0.48067 to 0.51159, saving model to stanford_fcn8_weights.best.hdf5
Epoch 19/150
 - 18s - loss: 1.4230 - acc: 0.5671 - val_loss: 1.4862 - val_acc: 0.5446

Epoch 00019: val_acc improved from 0.51159 to 0.54465, saving model to stanford_fcn8_weights.best.hdf5
Train on 367 samples, validate on 101 samples
Epoch 1/150
 - 24s - loss: 1.3518 - acc: 0.5904 - val_loss: 1.4335 - val_acc: 0.5565

Epoch 00001: val_acc improved from -inf to 0.55653, saving model to stanford_fcn8_weights.best.hdf5
Epoch 2/150
 - 18s - loss: 1.3032 - acc: 0.6056 - val_loss: 1.3907 - val_acc: 0.5718

Epoch 00002: val_acc improved from 0.55653 to 0.57181, saving model to stanford_fcn8_weights.best.hdf5
Epoch 3/150
 - 18s - loss: 1.2569 - acc: 0.6199 - val_loss: 1.3456 - val_acc: 0.5867

Epoch 00003: val_acc improved from 0.57181 to 0.58668, saving model to stanford_fcn8_weights.best.hdf5
Epoch 4/150
 - 18s - loss: 1.2139 - acc: 0.6336 - val_loss: 1.3163 - val_acc: 0.6009

Epoch 00004: val_acc improved from 0.58668 to 0.60093, saving model to stanford_fcn8_weights.best.hdf5
Epoch 5/150
 - 18s - loss: 1.1709 - acc: 0.6517 - val_loss: 1.2865 - val_acc: 0.6152

Epoch 00005: val_acc improved from 0.60093 to 0.61517, saving model to stanford_fcn8_weights.best.hdf5
Epoch 6/150
 - 18s - loss: 1.1348 - acc: 0.6665 - val_loss: 1.2566 - val_acc: 0.6265

Epoch 00006: val_acc improved from 0.61517 to 0.62651, saving model to stanford_fcn8_weights.best.hdf5
Train on 367 samples, validate on 101 samples
Epoch 1/150
 - 24s - loss: 1.3223 - acc: 0.6199 - val_loss: 1.2345 - val_acc: 0.6367

Epoch 00001: val_acc improved from -inf to 0.63666, saving model to stanford_fcn8_weights.best.hdf5
Epoch 2/150
 - 18s - loss: 0.9543 - acc: 0.7235 - val_loss: 0.9432 - val_acc: 0.7168

Epoch 00002: val_acc improved from 0.63666 to 0.71678, saving model to stanford_fcn8_weights.best.hdf5
Epoch 3/150
 - 18s - loss: 0.8006 - acc: 0.7717 - val_loss: 0.8606 - val_acc: 0.7562

Epoch 00003: val_acc improved from 0.71678 to 0.75618, saving model to stanford_fcn8_weights.best.hdf5
Epoch 4/150
 - 18s - loss: 0.8945 - acc: 0.7541 - val_loss: 0.7522 - val_acc: 0.7798

Epoch 00004: val_acc improved from 0.75618 to 0.77980, saving model to stanford_fcn8_weights.best.hdf5
Epoch 5/150
 - 18s - loss: 0.6583 - acc: 0.8166 - val_loss: 0.7096 - val_acc: 0.8017

Epoch 00005: val_acc improved from 0.77980 to 0.80172, saving model to stanford_fcn8_weights.best.hdf5
Epoch 6/150
 - 18s - loss: 0.6056 - acc: 0.8322 - val_loss: 0.6901 - val_acc: 0.8135

Epoch 00006: val_acc improved from 0.80172 to 0.81352, saving model to stanford_fcn8_weights.best.hdf5
Epoch 7/150
 - 18s - loss: 0.5607 - acc: 0.8452 - val_loss: 0.6616 - val_acc: 0.8243

Epoch 00007: val_acc improved from 0.81352 to 0.82433, saving model to stanford_fcn8_weights.best.hdf5
Epoch 8/150
 - 18s - loss: 0.5295 - acc: 0.8534 - val_loss: 0.6391 - val_acc: 0.8242

Epoch 00008: val_acc did not improve from 0.82433
Epoch 9/150
 - 18s - loss: 0.5030 - acc: 0.8607 - val_loss: 0.6826 - val_acc: 0.8142

Epoch 00009: val_acc did not improve from 0.82433
Epoch 10/150
Train on 367 samples, validate on 101 samples
Epoch 1/150
 - 64s - loss: 2.6257 - acc: 0.7605 - val_loss: 1.1700 - val_acc: 0.8185

Epoch 00001: val_acc improved from -inf to 0.81850, saving model to stanford_fcn8_weights.best.hdf5
Epoch 2/150
 - 53s - loss: 0.9095 - acc: 0.8228 - val_loss: 0.7852 - val_acc: 0.8314

Epoch 00002: val_acc improved from 0.81850 to 0.83136, saving model to stanford_fcn8_weights.best.hdf5
Epoch 3/150
 - 53s - loss: 0.7190 - acc: 0.8343 - val_loss: 0.8352 - val_acc: 0.7768

Epoch 00003: val_acc did not improve from 0.83136
Epoch 4/150
 - 53s - loss: 0.6243 - acc: 0.8494 - val_loss: 0.6191 - val_acc: 0.8452

Epoch 00004: val_acc improved from 0.83136 to 0.84517, saving model to stanford_fcn8_weights.best.hdf5
Epoch 5/150
 - 53s - loss: 0.5595 - acc: 0.8618 - val_loss: 0.5946 - val_acc: 0.8431

Epoch 00005: val_acc did not improve from 0.84517
Epoch 6/150
 - 53s - loss: 0.5941 - acc: 0.8539 - val_loss: 0.5831 - val_acc: 0.8494

Epoch 00006: val_acc improved from 0.84517 to 0.84941, saving model to stanford_fcn8_weights.best.hdf5
Epoch 7/150
 - 53s - loss: 0.4994 - acc: 0.8755 - val_loss: 0.4933 - val_acc: 0.8711

Epoch 00007: val_acc improved from 0.84941 to 0.87110, saving model to stanford_fcn8_weights.best.hdf5
Epoch 8/150
 - 53s - loss: 0.4686 - acc: 0.8817 - val_loss: 0.4769 - val_acc: 0.8705

Epoch 00008: val_acc did not improve from 0.87110
Epoch 9/150
 - 53s - loss: 0.4502 - acc: 0.8864 - val_loss: 0.5134 - val_acc: 0.8736

Epoch 00009: val_acc improved from 0.87110 to 0.87355, saving model to stanford_fcn8_weights.best.hdf5
Epoch 10/150
 - 53s - loss: 0.4417 - acc: 0.8883 - val_loss: 0.5224 - val_acc: 0.8658

Epoch 00010: val_acc did not improve from 0.87355
Epoch 11/150
 - 53s - loss: 0.4173 - acc: 0.8947 - val_loss: 0.4760 - val_acc: 0.8760

Epoch 00011: val_acc improved from 0.87355 to 0.87597, saving model to stanford_fcn8_weights.best.hdf5
Epoch 12/150
 - 53s - loss: 0.3982 - acc: 0.8996 - val_loss: 0.4646 - val_acc: 0.8779

Epoch 00012: val_acc improved from 0.87597 to 0.87788, saving model to stanford_fcn8_weights.best.hdf5
Epoch 13/150
 - 53s - loss: 0.3939 - acc: 0.9006 - val_loss: 0.4718 - val_acc: 0.8780

Epoch 00013: val_acc improved from 0.87788 to 0.87800, saving model to stanford_fcn8_weights.best.hdf5
Epoch 14/150
 - 53s - loss: 0.3770 - acc: 0.9047 - val_loss: 0.4790 - val_acc: 0.8693

Epoch 00014: val_acc did not improve from 0.87800
Epoch 15/150
 - 53s - loss: 0.3675 - acc: 0.9070 - val_loss: 0.4491 - val_acc: 0.8798

Epoch 00015: val_acc improved from 0.87800 to 0.87975, saving model to stanford_fcn8_weights.best.hdf5
Epoch 16/150
 - 53s - loss: 0.3500 - acc: 0.9113 - val_loss: 0.4137 - val_acc: 0.8926

Epoch 00016: val_acc improved from 0.87975 to 0.89263, saving model to stanford_fcn8_weights.best.hdf5
Epoch 17/150
 - 53s - loss: 0.3436 - acc: 0.9129 - val_loss: 0.4287 - val_acc: 0.8881

Epoch 00017: val_acc did not improve from 0.89263
Epoch 18/150
 - 53s - loss: 0.3355 - acc: 0.9145 - val_loss: 0.4615 - val_acc: 0.8797

Epoch 00018: val_acc did not improve from 0.89263
Epoch 19/150
 - 53s - loss: 0.3288 - acc: 0.9160 - val_loss: 0.4187 - val_acc: 0.8914

Epoch 00019: val_acc did not improve from 0.89263
Epoch 20/150
 - 53s - loss: 0.3311 - acc: 0.9157 - val_loss: 0.4180 - val_acc: 0.8922

Epoch 00020: val_acc did not improve from 0.89263
Epoch 21/150
 - 53s - loss: 0.3993 - acc: 0.8977 - val_loss: 0.4293 - val_acc: 0.8922

Epoch 00021: val_acc did not improve from 0.89263
Epoch 22/150
 - 53s - loss: 0.3372 - acc: 0.9154 - val_loss: 0.4444 - val_acc: 0.8880

Epoch 00022: val_acc did not improve from 0.89263
Epoch 23/150
 - 53s - loss: 0.3170 - acc: 0.9201 - val_loss: 0.4192 - val_acc: 0.8908

Epoch 00023: val_acc did not improve from 0.89263
Epoch 24/150
 - 53s - loss: 0.2978 - acc: 0.9242 - val_loss: 0.4142 - val_acc: 0.8922

Epoch 00024: val_acc did not improve from 0.89263
Epoch 25/150
 - 53s - loss: 0.2948 - acc: 0.9244 - val_loss: 0.4552 - val_acc: 0.8842

Epoch 00025: val_acc did not improve from 0.89263
Epoch 26/150
 - 53s - loss: 0.2896 - acc: 0.9257 - val_loss: 0.4543 - val_acc: 0.8916

Epoch 00026: val_acc did not improve from 0.89263
Epoch 27/150
 - 53s - loss: 0.2728 - acc: 0.9303 - val_loss: 0.4309 - val_acc: 0.8925

Epoch 00027: val_acc did not improve from 0.89263
Epoch 28/150
 - 53s - loss: 0.2659 - acc: 0.9323 - val_loss: 0.4245 - val_acc: 0.8928

Epoch 00028: val_acc improved from 0.89263 to 0.89278, saving model to stanford_fcn8_weights.best.hdf5
Epoch 29/150
 - 53s - loss: 0.2630 - acc: 0.9330 - val_loss: 0.4270 - val_acc: 0.8935

Epoch 00029: val_acc improved from 0.89278 to 0.89353, saving model to stanford_fcn8_weights.best.hdf5
Epoch 30/150
 - 53s - loss: 0.2606 - acc: 0.9335 - val_loss: 0.4348 - val_acc: 0.8920

Epoch 00030: val_acc did not improve from 0.89353
Epoch 31/150
 - 53s - loss: 0.2586 - acc: 0.9340 - val_loss: 0.4353 - val_acc: 0.8919

Epoch 00031: val_acc did not improve from 0.89353
Epoch 32/150
 - 53s - loss: 0.2567 - acc: 0.9345 - val_loss: 0.4442 - val_acc: 0.8919

Epoch 00032: val_acc did not improve from 0.89353
Epoch 33/150
 - 53s - loss: 0.2546 - acc: 0.9349 - val_loss: 0.4372 - val_acc: 0.8936

Epoch 00033: val_acc improved from 0.89353 to 0.89356, saving model to stanford_fcn8_weights.best.hdf5
Epoch 34/150
 - 53s - loss: 0.2531 - acc: 0.9352 - val_loss: 0.4438 - val_acc: 0.8928

Epoch 00034: val_acc did not improve from 0.89356
Epoch 35/150
 - 53s - loss: 0.2513 - acc: 0.9356 - val_loss: 0.4410 - val_acc: 0.8929

Epoch 00035: val_acc did not improve from 0.89356
Epoch 36/150
 - 53s - loss: 0.2496 - acc: 0.9360 - val_loss: 0.4480 - val_acc: 0.8918

Epoch 00036: val_acc did not improve from 0.89356
Epoch 37/150
 - 53s - loss: 0.2455 - acc: 0.9373 - val_loss: 0.4520 - val_acc: 0.8927

Epoch 00037: val_acc did not improve from 0.89356
Epoch 38/150
 - 53s - loss: 0.2441 - acc: 0.9377 - val_loss: 0.4569 - val_acc: 0.8920

Epoch 00038: val_acc did not improve from 0.89356
Epoch 39/150
 - 53s - loss: 0.2434 - acc: 0.9379 - val_loss: 0.4607 - val_acc: 0.8916

Epoch 00039: val_acc did not improve from 0.89356
Epoch 40/150
 - 53s - loss: 0.2428 - acc: 0.9381 - val_loss: 0.4618 - val_acc: 0.8917

Epoch 00040: val_acc did not improve from 0.89356
Epoch 41/150
 - 53s - loss: 0.2421 - acc: 0.9382 - val_loss: 0.4626 - val_acc: 0.8916

Epoch 00041: val_acc did not improve from 0.89356
Epoch 42/150
 - 53s - loss: 0.2415 - acc: 0.9384 - val_loss: 0.4631 - val_acc: 0.8918

Epoch 00042: val_acc did not improve from 0.89356
Epoch 43/150
 - 53s - loss: 0.2409 - acc: 0.9385 - val_loss: 0.4692 - val_acc: 0.8911

Epoch 00043: val_acc did not improve from 0.89356
Epoch 44/150
 - 53s - loss: 0.2402 - acc: 0.9387 - val_loss: 0.4682 - val_acc: 0.8914

Epoch 00044: val_acc did not improve from 0.89356
Epoch 45/150
 - 53s - loss: 0.2396 - acc: 0.9389 - val_loss: 0.4705 - val_acc: 0.8913

Epoch 00045: val_acc did not improve from 0.89356
Epoch 46/150
 - 53s - loss: 0.2389 - acc: 0.9390 - val_loss: 0.4740 - val_acc: 0.8910

Epoch 00046: val_acc did not improve from 0.89356
Epoch 47/150
 - 53s - loss: 0.2375 - acc: 0.9395 - val_loss: 0.4745 - val_acc: 0.8911

Epoch 00047: val_acc did not improve from 0.89356
Epoch 48/150
 - 53s - loss: 0.2372 - acc: 0.9396 - val_loss: 0.4789 - val_acc: 0.8908

Epoch 00048: val_acc did not improve from 0.89356
Epoch 49/150
 - 53s - loss: 0.2370 - acc: 0.9396 - val_loss: 0.4780 - val_acc: 0.8909

Epoch 00049: val_acc did not improve from 0.89356
Epoch 50/150
class 00: #TP=445636, #FP= 26666, #FN=10337, IoU=0.923
class 01: #TP=1130971, #FP= 72585, #FN=172975, IoU=0.822
class 02: #TP=   235, #FP=  3218, #FN=36185, IoU=0.006
class 03: #TP=1434154, #FP= 40860, #FN=40865, IoU=0.946
class 04: #TP=405342, #FP= 47980, #FN=43091, IoU=0.817
class 05: #TP=788568, #FP= 74045, #FN=37977, IoU=0.876
class 06: #TP=  8676, #FP=  9107, #FN=44716, IoU=0.139
class 07: #TP=127030, #FP= 76606, #FN=29373, IoU=0.545
class 08: #TP= 79306, #FP= 51650, #FN=14754, IoU=0.544
class 09: #TP= 18677, #FP= 38762, #FN=18188, IoU=0.247
class 10: #TP= 61724, #FP= 18497, #FN=49248, IoU=0.477
class 11: #TP= 28033, #FP= 79448, #FN=41715, IoU=0.188
_________________
Mean IoU: 0.544
class 00: #TP=415077, #FP= 48422, #FN=40896, IoU=0.823
class 01: #TP=1063122, #FP=147392, #FN=240824, IoU=0.733
class 02: #TP=   182, #FP=  7073, #FN=36238, IoU=0.004
class 03: #TP=1402062, #FP=125200, #FN=72957, IoU=0.876
class 04: #TP=375041, #FP= 90038, #FN=73392, IoU=0.696
class 05: #TP=758813, #FP=105410, #FN=67732, IoU=0.814
class 06: #TP=   722, #FP= 24219, #FN=52670, IoU=0.009
class 07: #TP= 77266, #FP= 62043, #FN=79137, IoU=0.354
class 08: #TP= 62547, #FP=176610, #FN=31513, IoU=0.231
class 09: #TP=   294, #FP=  7838, #FN=36571, IoU=0.007
class 10: #TP=   632, #FP=  6010, #FN=110340, IoU=0.005
class 11: #TP= 16482, #FP= 95281, #FN=53266, IoU=0.100
_________________
Mean IoU: 0.388
class 00: #TP=445636, #FP= 26666, #FN=10337, IoU=0.923
class 01: #TP=1130971, #FP= 72585, #FN=172975, IoU=0.822
class 02: #TP=   235, #FP=  3218, #FN=36185, IoU=0.006
class 03: #TP=1434154, #FP= 40860, #FN=40865, IoU=0.946
class 04: #TP=405342, #FP= 47980, #FN=43091, IoU=0.817
class 05: #TP=788568, #FP= 74045, #FN=37977, IoU=0.876
class 06: #TP=  8676, #FP=  9107, #FN=44716, IoU=0.139
class 07: #TP=127030, #FP= 76606, #FN=29373, IoU=0.545
class 08: #TP= 79306, #FP= 51650, #FN=14754, IoU=0.544
class 09: #TP= 18677, #FP= 38762, #FN=18188, IoU=0.247
class 10: #TP= 61724, #FP= 18497, #FN=49248, IoU=0.477
class 11: #TP= 28033, #FP= 79448, #FN=41715, IoU=0.188
_________________
Mean IoU: 0.544
class 00: #TP=445803, #FP= 27166, #FN=10170, IoU=0.923
class 01: #TP=1130848, #FP= 72564, #FN=173098, IoU=0.822
class 02: #TP=   338, #FP=  4504, #FN=36082, IoU=0.008
class 03: #TP=1433690, #FP= 40560, #FN=41329, IoU=0.946
class 04: #TP=405754, #FP= 48762, #FN=42679, IoU=0.816
class 05: #TP=787386, #FP= 71116, #FN=39159, IoU=0.877
class 06: #TP= 10219, #FP= 11973, #FN=43173, IoU=0.156
class 07: #TP=127257, #FP= 77325, #FN=29146, IoU=0.544
class 08: #TP= 78842, #FP= 47832, #FN=15218, IoU=0.556
class 09: #TP= 19366, #FP= 44443, #FN=17499, IoU=0.238
class 10: #TP= 61981, #FP= 19407, #FN=48991, IoU=0.475
class 11: #TP= 26184, #FP= 74456, #FN=43564, IoU=0.182
_________________
Mean IoU: 0.545
